1.09668 -0.662598 58 16
-2.68359 2.74219 77 16
-0.000549316 1.2168 63 16
1.89453 0.381836 58 16
-1.76953 -1.22266 115 16
0.0924072 3.19727 57 16
1.25977 -0.369385 59 16
-1.09375 2.63477 57 16
-2.24023 -0.690918 105 32
-0.996094 -0.06604 66 32
0.786133 4.38672 103 16
1.88281 3.01367 170 16
-1.27051 7.63281 122 8
-3.72852 -0.264648 179 8
-6.25 4.53125 120 8
-5.46094 -2.88867 136 8
-5.62891 3.20898 184 16
-0.177246 3.05273 215 16
-0.515137 -2.25391 268 16
-5.15625 1.84277 225 8
-4.84375 3.66406 235 8
-1.80469 -1.78418 191 8
-13.3672 -1.05566 208 8
-2.33984 -0.322754 260 8
3.125 -4.51562 217 8
-13.3906 3.13867 205 8
-12.6016 2.33594 231 8
-0.859375 3.29688 54 16
0.444824 4.40625 100 8
-6.93359 1.95898 166 8
-7.04688 -4.07812 125 8
-4.58594 1.25879 84 8
-1.0957 0.0275726 57 16
-1.52148 0.979004 57 16
-4.01172 -3.19336 156 16
-5.5625 0.385254 122 16
-2.18164 -0.570312 93 16
-0.410645 -0.375977 48 16
-0.153076 0.0316162 26 64
-0.70166 0.914551 40 32
-0.156372 1.06152 30 32
0.578613 -0.0407104 19 32
1.00195 2.18164 10 32
0.999023 -4.73438 177 16
-2.51758 -4.6875 134 16
3.95508 -4.6875 193 8
-6.40625 -13.5156 183 8
-11.0156 -13.9219 242 8
-4.46484 -7.13281 109 8
0.275879 0.564453 41 16
2.04883 3.20508 33 16
3.82617 7.98438 44 16
3.00977 10.6016 39 8
4.83594 -2.38672 124 8
-0.360107 8.88281 71 8
-0.299072 -0.682617 158 8
5.15234 9.85156 95 8
4.24219 7.61719 194 8
5.16797 15.125 116 8
-2.13281 -0.875 260 8
-8.21875 -6.49609 120 8
-1.57715 -0.363037 51 8
-1.04395 0.37793 47 8
3.27734 2.31641 30 8
3.05469 4.65625 24 16
3.15234 3.00195 30 16
4.47266 7.30078 57 16
8.22656 4.39453 81 16
-1.50293 8.96094 172 8
-2.86133 0.769043 222 8
0.193359 -2.25781 205 8
0.560547 6.79297 190 8
1.29395 1.24512 229 16
2.14062 -4.14453 211 8
0.672363 10.5 184 8
4.5625 -4.25391 239 8
2.54492 5.88281 211 8
0.122375 0.14978 244 64
-4.35547 7.19141 92 8
4.65234 -0.760254 119 8
0.337646 0.71875 73 8
-7.68359 4.20312 127 8
3.67383 2.01562 119 8
0.993652 14.3594 160 8
-3.23047 4.74219 140 8
-3.31055 4.39062 184 8
2.83984 4.98828 40 16
4.67578 9.94531 91 8
-1.77734 0.358398 185 8
-0.804688 -2.95508 179 8
-7.67969 -4.89453 167 8
-2.06055 1.84473 248 16
0.0705566 -0.00458908 254 16
-6.76172 6.12109 195 16
-1.22461 1.11523 251 16
0.709473 4.54297 78 8
3.47461 10.2344 104 8
7.375 10.6406 71 8
11.5469 6.29688 146 4
-1.89941 -1.09961 190 4
-5.72266 -7.12109 203 4
-16.9688 -6.52344 184 4
0.135376 -9.15625 194 8
-2.0625 -4.74219 117 8
-7.89844 -1.92188 180 8
-2.50586 -8.35938 136 8
2.62305 12.9219 121 4
-12.1172 -2.875 192 4
-13.8984 -3.54883 149 4
-17.0938 -4.84766 138 4
-9.92969 -7.37109 153 8
-1.36523 -0.136841 74 8
2.57617 -0.139771 61 8
0.307129 0.977051 71 16
-2.87695 3.39844 94 16
-4.99609 9.44531 173 8
-4.40234 2.27148 253 8
-8.19531 7.96484 147 8
-10.0234 -0.868652 206 8
-0.186523 0.853027 83 16
0.435547 1.95996 96 16
-1.66893e-06 -2.00272e-05 255 32
-0.241211 -0.275146 260 32
-7.26562 1.86035 260 16
-0.51416 0.782227 250 16
2.17969 3.93359 123 16
0.915527 2.2168 224 16
0.0335083 -0.25415 256 32
0.0111084 0.0727539 19 64
0.230957 0.92041 12 32
2.29492 0.377197 44 32
0.184204 1.21484 11 32
-0.67041 3.00195 88 16
-0.315186 3.17969 129 16
1.16113 3.27344 79 16
8.32812 9.30469 111 8
2.73242 -3.9375 173 8
-8.89062 2.36133 176 8
-4.15625 0.269287 186 8
0.000484705 0.0399475 19 64
0.0311127 2.69336 0 32
-0.321777 0.913086 116 16
-1.54688 1.68262 117 16
-2.10547 0.328857 110 16
1.68066 3.3418 91 16
-0.252686 2.49219 13 32
2.07812 0.0946655 82 16
-1.46191 3.95508 114 16
-2.47852 2.18555 95 16
-0.118286 0.551758 110 16
1.01758 -0.0585327 73 16
1.00781 2.39062 82 16
4.67578 0.373291 83 16
-2.88086 2.80469 112 8
2.59375 3.63281 105 8
6.31641 11.2188 79 8
10.6875 -2.50977 160 8
2.21094 -1.48633 106 16
4.69531 5.39844 89 16
2.21875 -0.78125 138 16
2.13477 6.19531 151 16
0.907715 4.03516 150 8
2.53125 -3.99219 177 8
-1.30859 -1.41895 170 8
6.48828 8.79688 155 8
8.72656 8.8125 141 8
3.83203 -2.76758 238 8
3.35938 3.25 224 8
-0 2.5034e-06 254 8
4.21094 7.18359 137 8
1.41016 3.7168 229 8
1.80859 6.78516 171 8
2.16406 1.6377 220 8
-0.0178223 0.0856323 254 16
0.69873 0.504395 231 32
0.101562 0.0903931 247 64
-4.08594 7.76953 174 16
-1.30078 0.0125961 260 16
-1.14355 2.27539 159 16
-0.516113 4.27344 192 16
-0.00123692 0.0012188 254 32
1.42773 3.41797 154 16
1.54297 2.85547 195 16
-3.73438 2.47266 138 16
-6.04688 1.77734 175 8
-7.76172 10.125 201 8
0.720215 4.82812 141 8
1.89844 3.73633 166 8
-0.151733 0.254395 251 32
-0.0300598 0.0205383 254 64
0.411377 -0.410156 252 32
5.26953 -7.37891 202 16
0.218262 -0.0731201 80 16
0.602539 -0.662109 254 8
0.770508 -16.625 253 8
-0 2.5034e-06 254 8
-0.206787 -16.7344 253 8
2.38281 -2.70703 100 16
5.1856e-06 -3.75509e-06 255 16
-0.204468 -0.217163 257 16
-0.749512 -0.887695 264 16
-4.35547 -2.04297 268 8
-10.0938 -8.26562 270 8
-4.14844 -4.96094 226 8
1.63672 -0.0267792 161 8
-4.32812 -4.71484 276 8
-5.42969 -12.9844 226 8
-8.05469 -12.2266 255 8
8.42969 2.07422 119 8
2.34375 7.08984 124 8
1.80176 -9.72656 168 8
10.9531 5.62891 131 8
6.99609 -7.55078 180 8
7.33594 4.86719 137 8
6.63672 5.98828 189 8
2.34375 10.3281 184 8
-0 2.5034e-06 254 8
1.84766 -1.80176 245 16
3.81055 3.87109 85 16
-3.23047 13.9922 161 8
-0.34668 0.34375 254 8
3.87109 -0.726074 187 8
-3.24219 6.70312 225 8
2.03516 7.06641 77 8
-3.2832 9.44531 153 8
-2.89453 1.71973 86 8
-6.6875 4.51172 112 8
-3.55469 -2.83594 241 8
-3.79297 -1.10547 208 8
-4.89062 3.35742 145 8
2.89258 4.0625 147 8
-0.0935059 -0.0251617 255 16
-1.20996 -6.1875 280 16
-9.09375 1.08008 226 8
-6.12109 -1.2002 228 8
4.4375 1.66895 169 8
-0.22168 -0.837402 205 8
-1.1748 -2.79297 208 16
6.41406 2.08984 63 8
1.72168 -3.04297 88 8
8.86719 5.70312 107 8
8.97656 -10.6562 132 8
-7.39844 7.99609 109 8
-10.3359 6.57422 167 8
2.79492 0.870117 71 8
-2.22656 0.397217 97 8
5.07812 1.74805 202 8
8.96094 -9.49219 209 8
1.47461 1.38184 241 8
1.94434 -3.19336 250 8
8.36719 -7.92578 119 8
0.684082 0.413574 94 8
9.4375 -9.74219 194 8
6.125 -6.48047 120 8
-9.82812 2.5332 221 8
-1.14844 -3.64258 226 8
-5.62891 3.32812 123 8
-10.2891 8.46094 154 8
2.01367 0.226074 186 8
-0.47168 -1.95605 198 8
-6.52734 0.983398 207 8
-7.33594 -6.8125 220 8
0.415283 0.825684 84 16
-3.8125 -1.39648 143 16
-0 2.5034e-06 254 8
-3.24805 -10.4766 276 8
-4.73047 -3.55078 272 8
-8.92188 -10.0703 243 4
0.0749512 -1.27441 186 4
-2.22461 -6.97266 202 4
3.875 9.02344 178 4
4.83203 1.5127 146 16
0.841797 -4.66016 217 8
6.96094 7.31641 165 8
0.824707 -14.375 251 4
4.79688 10.2969 180 4
-6.34766 -16.8438 252 4
0.549805 12.1953 197 4
1.83398 2.98828 232 8
0.2771 0.0667114 251 16
0.171875 0.203247 247 32
0.0549622 1.3457 223 32
-0.139648 -0.152954 258 32
-0.00136566 -0.00964355 255 16
2.2793 -3.27539 249 8
3.57227 -11.2812 196 8
-3.17188 -4.12891 269 8
5.01172 -0.761719 180 8
0.0658569 -0.767578 257 16
2.16406 0.603027 213 16
3.47461 -4.58594 120 8
1.69922 -3.16016 96 8
5.25 -6.56641 195 8
1.49023 -8.38281 131 8
0.61377 0.922852 80 16
1.8584 -7.24219 227 8
1.49512 -5.95312 118 8
0.229126 -10.1484 262 8
2.61133 -9.46875 147 8
-0.304932 1.98633 90 8
2.96289 -0.0327148 96 8
2.32227 5.82031 79 8
10.0781 1.10059 113 8
-1.07812 -0.128174 263 32
-5.22656 -15.4609 270 8
-1.85352 -6.19531 145 8
-0.468506 -13.2188 214 8
0.578613 -3.69922 119 8
0.330322 10.9141 86 8
1.00586 2.40039 195 8
2.08789 11.2734 79 8
1.89355 2.16797 194 8
-0.761719 -12.6172 209 8
2.21484 3.33008 99 8
-4.74609 -6.80469 174 8
4.91797 7.87891 99 8
7.69922 9.84375 104 8
3.36328 -1.61133 223 8
8.41406 9.21875 151 8
0.981934 -3.35352 245 8
-4.98438 -5.74609 229 16
-0.659668 0.318359 104 16
-0.419434 -2.50586 126 16
1.02246 4.89062 71 16
-4.53516 10.1562 130 8
-8.22656 3.625 245 8
0.685547 3.31836 108 8
-0.723145 11.9375 149 8
-0.164307 1.16406 243 16
10.7344 5.69531 135 8
8.59375 1.80859 180 8
1.38672 8.5 202 8
0.355469 0.114563 252 8
0.550781 0.635254 243 16
0.0378418 -2.28516 125 16
-0.818359 2.0918 98 8
-1.81055 8.35156 118 8
-0.855469 1.54004 97 8
3.125 14.7031 94 8
-1.24707 1.14551 99 16
2.09961 2.98633 92 8
-1.7793 9.64062 129 8
2.98047 -0.309326 126 8
0.309326 10.2578 120 8
0.0261078 0.504395 243 32
-0.0593567 0.146362 249 64
5.14453 5.92188 45 16
7.70312 6.44141 117 8
5.66797 3.92383 135 8
0.862793 -0.339111 191 8
-0.662109 -1.03125 194 8
3.53906 12.8125 100 8
0.165161 -0.840332 202 8
2.30273 6.55469 149 8
-0.734863 -1.45801 206 8
-0.168091 -0.585449 199 16
-1.98926 3.80469 223 16
-1.2793 -3.5332 273 16
-2.29883 2.52344 194 16
-0.231079 1.17188 204 16
0.132446 -0.80127 203 32
1.21973 2.67188 158 32
0.0714722 0.0841064 249 64
0.0643921 -0.067688 253 64
1.4248 -2.51367 243 16
-1.39941 3.26172 212 8
-3.22852 -10.0781 254 8
-3.09961 -2.44336 238 8
-7.20703 -5.89062 215 8
0.614746 -0.960449 240 16
2.30859 -2.05273 231 8
4.12109 -14.8672 193 8
-9.03906 0.694824 236 8
-3.20898 -12.5859 210 8
-0.147217 -3.79297 137 8
-3.2793 6.59766 141 8
-0.840332 -3.30078 136 8
-0.804688 3.39648 118 8
-3.51953 9.78125 201 8
0.645508 -3.02344 257 8
-0.563965 14.8203 150 8
0.178467 -0.229126 254 8
1.73047 4.97266 88 16
3.89258 8.75781 169 8
-0.995117 0.816895 248 8
1.43359 2.34375 236 8
-0.269287 -1.22754 258 8
-0.152832 -2.33203 261 16
3.08984 -5.45703 178 16
1.71973 0.248169 224 16
6.53125 -6.48438 209 8
1.60254 -5.61328 157 8
-7.79688 -12.1641 286 8
-8.57031 -10.1172 181 4
3.94922 6.19922 131 4
1.59961 5.84766 127 4
4.79688 5.09766 154 4
2.57422 10.1875 82 16
0.214233 -1.25781 256 16
1.72559 10.6562 113 8
1.0625 3.68359 231 8
5.96094 9.16406 155 8
0.276611 0.375 252 8
-1.19922 -1.99609 263 16
-0.187378 -0.20874 264 64
-0.502441 -0.141357 257 16
4.45312 -15.5625 240 8
-2.07812 3.38086 144 8
-0.520508 -10.5625 249 8
0.162109 -2.0293 166 8
-2.04297 -7.24219 261 8
-5.74219 0.292969 223 8
2.76953 1.04102 223 8
0.618652 -11.6094 241 8
-6.38281 -5.19141 213 8
5.32031 7.16016 134 8
1.03125 -0.0758667 152 8
2.09961 8.83594 174 8
-3.46289 12 186 8
-0 2.5034e-06 254 8
6.02344 13.9531 143 8
-0 2.5034e-06 254 8
0.749512 -1.1582 252 16
0.100891 1.72168 234 16
5.1856e-06 -3.75509e-06 255 16
-4.01562 -5.57422 262 16
2.50586 4.37891 128 16
-3.83008 -1.85254 184 8
1.92676 0.486572 147 8
3.5 5.10156 146 8
3.15625 3.41797 170 8
1.4541 3.45898 189 16
1.98828 2.74023 207 16
-0.0598145 -0.00725555 255 16
-3.41602 -2.78516 278 16
-1.58594 2.47852 228 16
-0.279541 -3.97461 237 16
0.39624 0.783691 176 16
-2.61133 -6.51562 247 8
0.327393 3.91797 175 8
-2.99023 -6.73828 227 8
-1.23438 4.38672 173 8
-1.8584 -0.481689 200 16
0.883301 6.03906 172 16
5.1856e-06 -3.75509e-06 255 16
-0.949219 6.45703 166 16
5.1856e-06 -3.75509e-06 255 16
0.78125 -0.657227 179 32
-2.54688 5.89062 174 16
-0.0463867 0.10907 254 16
-1.63574 4.41797 174 16
-6.3125 1.15234 265 16
-0.350586 0.164551 256 64
2.67188 -2.80859 240 16
-0.42334 -0.92627 231 16
0.171021 -0.353027 255 16
1.07324 -4.83203 237 16
-0.134644 0.629883 172 16
4.33984 4.20703 136 16
-0.820801 2.53906 168 16
-3.64453 0.898438 230 16
-1.32617 -2.95508 275 16
-3.79688 -3.07031 239 16
-9.83594 -5.41406 272 8
-2.63086 -0.273682 216 8
-1.25391 -4.50391 197 8
-1.02344 4.94141 173 8
1.07812 -3.83008 193 8
1.75 4.46094 158 8
-3.60938 -5.65234 213 8
0.40625 8.125 158 8
2.4668 0.771973 172 32
3.20508 -0.367432 221 16
2.42578 2.19922 208 16
-3.14453 3.27539 233 16
-1.41211 -1.72168 269 16
0.209106 1.37012 216 32
1.25879 0.62207 213 32
0.711426 0.495117 228 32
0.0565186 0.0829468 18 64
0.524414 2.97266 2 32
3.07617 1.92676 87 16
3.44141 0.0943604 110 16
2.14648 5.73438 95 16
2.35547 2.10547 162 16
1.62305 2.51367 5 16
-2.8418 1.14844 61 8
-4.30859 8.5 62 8
2.48633 0.981934 47 8
7.35938 5.66016 53 8
0.38501 4.91797 24 16
0.0342102 3.33398 64 8
-3.70312 5.19922 111 8
4.66406 0.410645 80 8
-0.156128 -1.17676 101 8
1.84863 6.81641 116 16
2.75977 2.90039 197 16
-6.29297 8.25 163 8
-4.34375 2.82812 222 8
-5.85156 4.10938 114 8
-7.22656 1.14062 155 8
-10.8125 0.710938 266 8
-11.4922 -0.331787 271 8
-16.6719 -0.874512 164 4
-14.9688 3.87305 157 4
7.62109 3.22461 106 4
11.2422 6.54688 113 4
-14.5234 -2.92383 167 4
-12.125 1.77441 154 4
14.9688 -1.87402 131 4
16.8125 2.27344 124 4
0.135376 0.406982 11 64
0.224243 3.44727 39 16
3.44922 -0.538574 99 8
6.29688 1.9834 88 8
3.28711 10.4531 99 8
5.37891 -4.77734 151 8
2.97266 1.60938 75 16
-2.81836 9.14062 121 8
-3.21094 -6.21484 191 8
5.70703 1.41211 128 8
6.06641 0.28125 145 8
3.8125 2.21094 102 8
8.96094 8.1875 108 8
0.87793 3.50195 121 8
1.1084 11.4688 173 8
5.86328 -0.155396 184 16
3.02734 1.8252 123 8
-7.62891 4.4375 183 8
2.03906 1.76562 159 8
2.67969 -0.9375 172 8
-11.0078 5.51953 230 8
-2.05078 2.14062 250 8
3.25195 4.14844 169 8
-1.17188 4.875 218 8
2.14453 5.47266 112 16
3.11719 2.58203 192 16
-5.80078 11.4531 115 8
-5.18359 4.65625 198 8
0.358398 2.53125 91 8
-8.07812 5.58594 151 8
-2.30859 4.14062 221 16
1.25879 -0.0645752 227 32
2.74414 -1.12305 118 16
-6.13281 1.83887 145 8
-9.03906 6.68359 162 8
2.47266 -0.75293 120 8
0.926758 1.07227 114 8
7.83594 3.13672 164 8
3.39258 -8.4375 180 8
2.22266 0.684082 240 8
10.5469 -7.44922 204 8
5.8125 -2.51562 147 16
-4.68359 9.32031 217 8
-0 2.5034e-06 254 8
-8.02344 12.4922 168 8
-3.18359 3.47266 245 8
-0 2.5034e-06 254 8
-3.57617 -3.55859 272 8
-0 2.5034e-06 254 8
-5.15625 -11.7266 262 8
-1.33398 4.14844 129 8
-2.55273 12.8828 183 8
0.723145 -1.49316 138 8
-8.75 6.78906 177 8
-3.125 -4.61719 273 8
-4.89844 -7.67188 209 8
-10.6016 -2.60938 226 8
-1.97559 -2.85938 160 8
0.00276756 -0.00275421 254 16
0.924316 -0.862305 251 16
-10.8203 0.636719 267 8
-10.3828 -1.18555 273 8
1.05566 0.240967 144 8
-2.52734 -0.147217 159 8
-11.5938 0.0907593 270 8
-10.6562 -5.84766 269 8
0.970215 1.71387 155 8
2.18945 1.75586 153 8
7.79297 -11.5547 186 8
1.80762 2.14648 126 8
-3.96094 -12.5547 268 8
-1.50586 1.61523 150 8
2.33594 -1.0918 146 16
2.2207 -1.54297 169 16
6.75781 1.23535 145 16
-8.625 -7.69531 250 8
-5.49219 2.4375 184 8
-2.83594 -2.2793 169 8
0.577148 4.21094 141 8
-0.790527 4.35938 209 16
0.372314 1.10352 143 16
3.17383 11.6094 155 8
-0 2.5034e-06 254 8
-10.4609 5.27344 223 8
-7.89453 0.542969 259 8
-0.15564 0.158447 253 32
2.66602 1.3291 127 16
1.95117 6.98828 142 16
4.96875 2.67188 171 16
8.71875 0.673828 185 8
0.574219 0.904297 248 8
0.104126 -0.113037 254 8
-1.93848 0.816895 255 8
-0.104797 -0.00555801 255 32
6.59375 -1.85059 185 16
4.08203 4.63672 156 8
8.22656 0.798828 176 8
6.90625 3.06836 203 8
-0.889648 -7.08594 266 8
-0.147583 0.131714 254 16
0.011116 -3.66016 268 16
0.418457 2.36133 188 32
-0.148682 1.41895 225 8
-8.21094 -4.04688 266 8
2.57422 0.224609 239 8
-0.345215 -10.3047 237 8
-6.58203 4.13281 222 8
0.749512 0.285645 249 8
2.90625 9.92188 160 8
0.104126 0.145752 253 8
-4.51172 -6.95312 279 8
-0.806152 -0.0267639 188 8
-7.91016 -8.85938 247 8
3.12891 7.75781 172 8
1.65625 1.89648 220 16
0.0557556 0.0311432 253 32
0.169922 -0.258545 250 64
0.0388794 -0.000923157 25 32
0.615723 2.41016 0 32
-0.144775 0.348877 18 32
0.269531 0.149536 25 16
0.635742 7.00391 29 16
0.046936 0.712402 21 16
-0.388672 6.42578 37 16
0.469482 3.39062 96 16
-5.76562 6.70703 159 8
-8.17188 6.13672 216 8
1.14941 -1.2627 143 8
-2.21289 2.82422 147 8
0.24585 3.51367 108 16
-0.989258 -0.571289 165 16
-1.68262 2.14844 249 8
-1.74805 -1.29883 262 8
-8.63281 8.88281 205 8
-11.1797 -10.8438 272 8
-10.4141 -4.30469 280 8
-12.2656 -10.2031 252 8
-8.47656 -5.00391 184 8
-3.81836 -1.47461 132 8
-1.52148 -0.483398 183 8
-5.54297 -8.5 176 8
-4.38672 -0.148804 159 8
-0.0163574 -1.6084 106 8
3.19727 2.4707 87 16
1.13281 1.41016 133 16
-1.34961 -5.5 187 16
-2.93359 -0.604492 163 16
-4.25391 -3.11914 158 8
1.16797 -1.98047 102 8
-1.30859 3.54688 99 8
0.651367 -0.187378 118 8
-0.0432739 2.75781 84 16
-2.36914 1.46289 169 16
-1.70312 -0.145264 111 16
-2.39258 2.16992 96 16
0.307861 -1.05078 44 32
1.2373 2.30859 7 32
-0.748047 -1.30664 59 16
1.32617 3.99023 11 16
-0.238647 -1.79492 58 16
0.297363 6.48047 20 16
0.627441 -0.828125 106 32
-2.95508 -1.19238 124 16
-1.52344 0.455811 96 16
0.122681 1.51855 72 16
4.02344 7.24219 74 8
4.25391 -3.84375 132 8
0.00149345 8.89062 96 8
-0.093689 -2.04883 158 8
0.366699 -0.570312 81 16
0.163208 1.54297 88 16
2.33594 -1.89258 105 16
3.35547 3.5332 60 16
-0.083313 1.52441 75 32
0.0181885 -0.19519 123 16
1.31445 1.53027 154 16
0.383789 0.0573425 117 16
-2.31836 0.934082 141 16
0.0773315 7.67188 128 8
-9.00781 -1.16016 222 8
-3.68555 3.23438 142 8
-2.50586 -2.14258 155 8
-12.7422 7.15234 221 8
-2.87695 2.77539 249 8
-2.88867 3.21094 142 8
-4.20703 12.4062 169 8
1.80273 -0.672363 122 8
4.99219 4.60547 117 8
4.83594 -6.01172 152 8
2.50195 9.59375 140 8
8.3125 2.01367 124 8
0.709473 6.65234 178 8
-2.14062 -1.49219 210 8
-3.66016 -0.0535583 200 8
-0.806641 0.958984 244 32
-3.79492 -8.1875 198 8
-6.06641 6.08203 159 8
-3.81641 -1.67969 132 8
1.94727 3.36328 107 8
-4.15234 -1.4043 178 8
1.72559 4.07031 150 8
9.64062 6.98828 118 8
8.79688 5.82812 163 8
1.28516 3.10547 87 8
6.48438 13.0312 115 8
3.37891 4.60156 102 8
5.10547 11.7812 158 8
0.924316 0.441895 241 16
0.446045 0.431152 238 32
3.17097e-05 -2.44379e-06 255 64
-0.680176 10.1094 117 16
-0.033783 -0.0303192 255 16
-0.717773 3.41016 147 16
-1.14844 2.25195 247 8
-4.94922 -7.02734 277 8
-8.34375 2.69141 221 8
-5.23828 0.599609 208 8
-0.186523 0.500488 246 32
-1.79004 -0.519043 191 32
-2.91211 6.05859 198 16
5.1856e-06 -3.75509e-06 255 16
-0.41626 7.53516 146 16
-0.140503 -0.148315 256 16
-0.0306244 -0.0731201 257 64
0.244629 -0.231445 251 32
-4.46094 -2.80469 251 8
4.56641 0.361572 198 8
1.39844 0.0654297 247 8
-0.365967 -2.86133 260 8
-1.63086 -2.80664 230 16
-0.628418 -3.24805 272 16
-1.08984 -4.35938 202 8
1.16602 2.48633 156 8
0.181519 -3.33008 186 8
4.4375 7.60938 147 8
-1.09473 -1.62988 277 32
-2.74219 -2.00781 244 16
0.908203 3.54492 164 16
4.33203 2.4668 181 8
1.41504 -2.79297 213 8
0.135376 3.9082 226 8
-0.248413 -7.63281 232 8
1.63281 5.05078 174 16
3.13281 3.83203 137 16
1.34082 3.17188 198 16
-1.28809 -0.539062 220 16
-0.963867 2.50781 225 16
1.96777 -6.83203 254 16
-2.57031 1.55664 190 16
-4.22656 -5.48828 282 16
-0.437744 -0.369629 172 16
0.735352 -3.08984 209 16
-4.28906 2.99219 219 16
3.15039 -2.66797 235 16
3.73633 -2.97461 169 8
-2.25977 5.09766 166 8
3.06055 -7.44531 216 8
-0.117554 -0.403076 168 8
3.91992 -3.99609 200 16
0.904297 -1.12598 166 16
-4.99219 0.236328 224 16
6.47266 -2.77344 230 4
12.6953 -9.19531 201 4
-14.125 3.17383 231 4
-10.0938 -2.39844 231 4
1.34375 -5.73047 183 8
-3.23242 -1.36719 188 8
-1 0.217163 161 8
-4.73047 -2.6875 265 8
-0.995117 -3.20312 217 8
-1.06934 -1.38477 211 8
3.67969 1.87793 189 8
1.94043 3.0293 178 16
2.67773 0.77002 211 16
0.914551 0.788086 236 16
-0.484863 -5.50391 265 16
-0.143555 3.69727 213 16
-1.57617 -4.42578 265 16
0.740234 2.44922 222 16
0.215698 -0.330078 253 32
0.730469 -1.3457 215 16
0.304932 1.48633 236 16
-0.790039 -6.89453 261 8
2.7168 9.03906 182 8
-1.00684 -1.79297 218 8
4.01562 5.03125 210 8
0.0205078 -0.0317078 254 16
0.088562 -0.229492 255 16
4.07031 -2.22266 195 16
-0.0310516 0.00147724 255 16
-0.692383 -1.75977 265 16
0.767578 -1.67578 190 32
-3.37109 -1.33105 269 16
-0.329346 -1.67285 245 16
3.01367 -2.95703 229 16
-1.17871 0.525391 206 16
-0.473145 -2.29492 215 32
-0.586914 -0.552246 179 16
-1.11621 0.601562 169 16
-0.27417 0.144653 168 16
3.78516 2.39648 144 16
-2.01953 4.42578 211 16
0.00202942 0.00239944 254 16
1.09082 4.02344 199 16
5.1856e-06 -3.75509e-06 255 16
-0.312744 2.00781 156 16
1.91699 3.26172 199 16
0.555176 3.51172 141 16
0.296631 0.807617 244 16
0.0764771 0.0652466 252 32
0.0191956 -0.023056 254 64
-1.07422 3.81055 158 32
-1.66893e-06 -2.00272e-05 255 32
-0.882812 2.6582 147 32
-0.122742 0.220581 252 32
-0.250732 0.0475769 254 64
-0.0201416 0.180664 244 64
0.856934 -1.61523 254 16
1.59277 -3.77734 212 16
-3.85547 -1.46484 272 16
-2.70312 -4.85547 268 16
-2.08008 -2.02344 203 8
0.59668 -2.04297 153 8
-3.56836 -0.501465 183 8
7.12109 0.984863 148 8
0.374512 -1.06836 151 16
2.73242 4.32031 151 8
2.98633 -2.79883 219 8
-0.94043 6.67188 163 8
-4.95312 2.60547 225 8
1.2373 -2.72852 173 16
1.35156 -2.22656 234 32
1.40527 1.46094 160 16
-0.574219 -3.32617 187 16
-0.00445938 3.4082 187 8
-5.74219 -1.37598 235 8
-0.493896 -0.455322 204 8
-1.7168 -3.86133 185 8
-1.72656 -3.41016 192 16
0.0965576 0.1604 244 64
0.392578 -1.13477 257 32
2.38477 -5.37109 213 16
0.308594 -0.250977 149 16
0.54541 -6.96875 247 16
-0.0454712 -0.525391 160 16
-0.414062 -0.115051 260 32
0.966797 -5.27344 261 8
3.75781 2.41602 166 8
0.144287 -4.64844 262 8
6.23438 7.11328 180 8
2.78125 -9.50781 198 8
-1.36426 0.917969 150 8
2.68359 -14.0156 235 8
0.361572 -2.14062 159 8
-2.65625 -0.538086 267 16
-3.05664 -11.8516 240 8
0.943359 1.91895 141 8
0.419434 -2.43945 183 8
1.16211 0.120483 158 8
0.238647 3.78906 144 32
0.182129 0.197388 247 32
-1.06641 3.30078 155 16
-1.36816 3.22852 225 16
0.303955 4.46875 131 16
7.51172 4.48438 150 8
4.00391 3.15625 218 8
-0.0788574 3.98242 228 8
-0 2.5034e-06 254 8
-0.0968628 -0.0779419 256 32
-0.641602 -2.57031 271 32
0.0738525 1.26953 225 32
-1.27832 -3.62891 277 16
-0.822754 -2.63086 190 8
4.32812 5.91797 162 8
0.889648 0.00296974 174 8
3.37305 7.94922 195 8
-2.70508 -3.5957 267 8
-2.6875 -8.89062 239 8
-4.72266 -6.23438 234 8
-0.566895 2.16797 170 8
5.54688 10.8906 153 8
0.510254 0.510254 250 8
0.995117 9.23438 199 8
-0 2.5034e-06 254 8
0.0776367 0.0785522 252 32
0.377686 4.98828 124 16
1.00488 2.45508 219 16
-0.707031 2.28711 141 16
-2.7793 4.48047 218 16
-3.04688 -2.52539 275 16
-4.10938 -3.80273 272 16
0.914062 -2.63672 224 16
0.870117 -2.94336 175 8
-4.85938 -0.601074 183 8
-2.00977 -9.4375 220 8
1.51855 4.80078 135 8
-0.426758 0.285645 148 16
-2.23633 5.625 156 16
0.0439148 -1.04395 157 16
-0.573242 0.915527 153 16
-1.64746 -5.57812 265 16
-3.24219 -5.24219 192 8
2.57617 6.25 140 8
0.511719 2.36719 139 8
6.125 9.57031 151 8
-2.11133 -1.9541 183 16
-1.2793 5.78125 141 16
-2.17188 -1.625 177 8
3.82617 7.01953 156 8
0.116028 3.25 152 8
2.19531 9.44531 187 8
0.3125 0.367432 248 16
2.55469 5.50781 167 16
5.1856e-06 -3.75509e-06 255 16
-1.66893e-06 -2.00272e-05 255 32
0.0891724 0.244507 248 32
-1.66893e-06 -2.00272e-05 255 32
