-0.713379 -0.0444641 88 64
-3.36133 0.968262 207 64
-0.153076 0.0316162 26 64
0.0272217 0.646484 22 64
-1.55664 -4.76953 200 32
3.48828 5.05078 0 32
2.63672 3.18945 0 32
2.9707 0.824707 155 32
0.122375 0.14978 244 64
-2.08789 1.8916 156 64
-0.480957 0.498047 245 64
0.19812 0.844727 -19 128
0.729492 0.992188 110 128
0.78418 -2.17969 255 64
-2.04688 4.30859 130 32
-2.63867 -1.67188 281 32
3.98438 -2.88477 130 32
-4.48828 0.728027 196 32
0.338135 0.507812 217 64
0.727539 -2.4082 246 64
0.0674438 1.28125 129 128
0.117249 -0.564453 258 128
-0.190918 0.669922 198 128
0.0565186 0.0829468 18 64
0.702637 3.21875 -6 64
0.135376 0.406982 11 64
1.73633 2.2207 63 64
0.141235 0.621582 161 128
-0.269775 1.33398 21 128
0.0630493 0.771973 181 128
0.00805664 0.13855 207 256
