0.803223 -0.434326 63 8
3.77344 0.374756 37 4
5.12109 2.82422 44 4
-1.875 -7.57422 65 4
-7.75 5.14844 52 4
0.188965 2.08594 57 8
4.34375 -2.94922 61 8
-2.11523 4.76172 68 8
-0.715332 2.20508 96 8
-0.367432 1.68262 52 8
-4.67578 2.95117 82 8
-0.258789 3.33789 58 8
-1.13379 -1.74316 87 8
0.22168 2.95508 55 8
2.73242 -0.492432 70 8
0.511719 0.410645 68 8
0.196411 -1.68359 70 8
2.36523 2.52344 56 8
12.625 3.17383 60 4
9.17188 -5.42188 68 4
-1.84961 1.7998 112 4
0.274902 -11.1172 110 4
0.361572 0.792969 98 8
-0.249878 -3.59766 110 8
-3.12891 1.79297 97 8
-4.11328 -4.29688 108 8
-0.563965 -1.03711 76 8
-1.51172 3.55859 83 8
-0.731934 2.18359 60 8
0.28125 4.90625 83 8
-2.51172 -0.488037 72 8
-1.63965 0.901367 61 8
2.49805 -0.249878 59 4
10.6719 0.274902 54 4
2.5 4.25 64 4
-3.09961 -1.89941 96 4
3.83008 -3.20898 67 8
-1.09375 2.63477 57 16
7.84766 5.39844 57 4
8.42188 0.924805 88 4
-0.899902 5.29688 82 4
-4.87109 1.12402 109 4
7.77344 5.125 86 4
3.89844 -10.5938 111 4
-5.82422 0.474854 112 4
-3.17383 -3.22461 112 4
-2.98633 2.83203 79 8
-1.9209 -0.679688 94 8
-0.549805 0.25 67 4
-7.39844 2.5 89 4
1.64941 -5.19922 74 4
-2.89844 0.349854 65 4
-4.28516 -0.5625 93 8
-0.50293 -2.48047 74 8
-1.5752 1.56055 56 8
-3.41797 2.14844 63 8
-6.07031 -2.33984 81 8
-2.06445 -2.11523 51 8
-1.05273 -0.375 35 8
-1.53418 0.16626 47 16
-0.603027 -0.685547 73 16
-0.752441 0.32666 55 16
-1.71484 0.682617 46 16
-0.859863 0.318604 50 16
-2.79297 3.92969 118 8
2.11133 3.17969 139 8
4.29688 1.42383 106 8
1.61719 7.63281 130 8
5.25391 4.89453 144 8
5.07422 7.47266 187 4
0.699707 -4.59766 217 4
3.14844 4.19922 218 4
3.82422 -6.02344 225 4
0.0476074 4.08594 192 8
-2.75586 0.371826 230 8
-2.87305 8.92188 127 4
3.97461 0.824707 150 4
-3.42383 12.6172 107 4
-1.82422 6.27344 156 4
4.99609 3.39844 155 4
-1.19922 1.99902 177 4
-7.09766 -5.44922 183 4
-11.3438 5.30481e-06 169 4
-0.699707 8.89844 99 4
-7.54688 3.54883 147 4
-4.82422 4.17188 98 4
-10.5703 -1.6748 124 4
-10.375 -9.27344 160 4
-7.94922 -2.69922 120 4
-7.59766 -1.64941 108 4
1.52441 0.874512 94 4
-9.03906 1.53711 209 8
-4.38281 2.17383 204 8
-3.46094 5.46484 116 8
-1.53516 4.45312 150 8
-0.174072 5.12109 204 8
-0.708008 0.889648 252 8
-0.809082 0.496826 227 8
0.309326 3.32617 234 8
-0 2.5034e-06 254 8
0.824707 -0.824707 254 4
6.17188 -11.6719 233 4
-8.10623e-06 -0 255 4
1.14941 -14.8984 256 4
-0 2.5034e-06 254 8
-8.10623e-06 -0 255 4
-3.04883 -10.1484 261 4
-4.69922 -7.79688 265 4
-12.4219 -6.52344 232 4
-5.15625 1.84277 225 8
-4.84375 3.66406 235 8
-1.47461 2.47461 180 4
-4.89844 -0.25 189 4
0.399902 0.799805 181 4
-3.84961 -8.09375 185 4
-13.3672 -1.05566 208 8
-2.33984 -0.322754 260 8
-8.82031 -16.1719 258 4
2.79883 -2.44922 188 4
4.42188 -3.87305 219 4
8.09375 -0.799805 208 4
-13.3906 3.13867 205 8
-12.6016 2.33594 231 8
-0.859375 3.29688 54 16
0.444824 4.40625 100 8
0.399902 5.14844 148 4
-1.625 1.4248 169 4
-11.5938 -2.79883 155 4
-16.3906 3.04883 157 4
-4.09766 -0.449951 111 4
-14.9453 -4.09766 124 4
-7.37109 -6.97266 106 4
-2.29883 -1.94922 65 4
-12.5234 -2.27344 103 4
-9.57031 1.02441 96 4
-0.699707 0.699707 59 4
3.74805 2.69922 59 4
-1.0957 0.0275726 57 16
-1.52148 0.979004 57 16
-8.45312 -5.64844 189 8
-2.23242 -2.18555 113 8
-0.666504 2.22461 86 8
-2.53906 -5.24219 107 8
-7.32422 3.44531 116 8
-7.8125 -2.02734 145 8
-1.72754 2.53906 57 8
-2.10352 -3.67188 80 8
-3.18945 0.0684204 97 8
-0.407715 -2.72461 86 8
-3.66211 1.2627 71 8
-3.32812 -2.46484 87 8
-2.50195 -2.67383 65 8
-1.7168 -2.74219 57 8
-0.648438 -2.45508 49 8
1.44922 1.44922 33 4
2.19922 0.0999756 32 4
-0.874512 5.97266 33 4
8.86719 1.07422 46 4
-0.153076 0.0316162 26 64
-0.57373 0.969238 35 16
2.11133 0.981934 49 8
5.80469 -2.8125 40 8
0.0208282 2.64258 51 8
-0.739258 -0.0133896 74 8
-0.0792847 0.173584 31 16
-2.68945 1.36133 52 16
-0.69043 -0.580078 40 8
-0.998047 3.32812 35 8
2.04883 -5.72656 64 8
-0.993652 0.0982056 29 8
0.980469 -0.233521 38 8
1.12793 3.90039 41 8
0.604004 5.01562 19 8
2.81055 1.99023 53 8
-1.03418 -3.86328 58 8
0.233521 -0.254395 31 8
-3.06055 -2.72461 49 8
0.635254 2.19336 18 8
-0.348877 2.79883 35 16
-0.665527 -0.215698 31 16
0.417969 0.397217 13 16
0.422852 0.89502 21 16
1.40723 -0.615234 28 16
1.33887 2.17383 9 16
1.47949 2.03906 38 16
0.176025 2.17578 30 16
1.93066 0.532715 72 8
5.37891 4.20703 71 8
-3.125 5.02344 79 4
1.82422 5.82422 84 4
-6.04688 -3.64844 82 4
-8.09375 6.25 79 4
-0.875 0.874512 118 4
-11.1172 -6.42188 129 4
-10.9219 -2.17383 102 4
-5.14844 -3.44922 80 4
0.660645 -7.4375 188 8
2.30469 -4.44531 133 8
-1.19922 -11.2969 211 4
-4.44922 -7.34766 168 4
-2.67383 -7.82422 197 4
5.59766 -2.24805 148 4
-0.0749512 0.274902 139 4
0.424805 -2.47461 137 4
5.84766 -0.75 143 4
-4.94922 -6.04688 145 4
3.59961 2.64844 98 4
-2.12305 -7.02344 113 4
2.89844 -3.34961 126 4
-0.874512 -7.02344 104 4
-3.77148 -3.04492 97 8
-5.99219 -10.6484 149 8
-2.01758 -0.766113 59 8
5.97266 -2.77344 180 4
6.17188 1.6748 165 4
4.44922 -3.29883 213 4
-6.14844 -10.9922 209 4
-6.40625 -13.5156 183 8
-7.77344 -10.5234 236 4
-12.4219 -13.2188 184 4
-15.4922 -11.6953 199 4
-5.97266 -14.0234 136 4
-13.5 -30.4844 142 2
-0.5 -9.5 103 2
-16.5 -1.49902 96 2
-11 -1.99902 88 2
-1.9248 -8.32031 73 4
-3.19922 -2.54883 79 4
-2.67383 -4.07422 59 4
-1.50391 -2.64258 60 8
1.18848 2.29297 36 8
0.336182 -0.788574 47 8
1.91211 3.05664 34 8
-0.508789 1.08008 53 8
3.14062 2.91992 51 8
1.27051 2.98633 47 8
3.23047 2.23047 81 8
2.32227 4.08984 64 8
1.96191 11.0938 103 8
3.63672 3.23242 89 8
9.02344 12.5703 105 8
3.00977 10.6016 39 8
4.83594 -2.38672 124 8
-0.360107 8.88281 71 8
2.59961 4.39844 152 4
1.4248 -8.07031 158 4
-6.34766 9.29688 146 4
1 -4 162 4
5.15234 9.85156 95 8
8.79688 14.9922 173 4
5.875 3.47461 233 4
6.59766 12.8984 203 4
0.149902 0.149902 254 4
2.19922 9 132 4
0.499756 18.5 173 2
7.5 12.5 210 2
9 4 169 2
17 28 216 2
4.04688 8.44531 147 4
5.77344 18.625 195 4
1.89941 2.14844 247 4
-8.10623e-06 -0 255 4
-3.54883 -1.89941 259 4
-9.99219 -1.94922 259 4
-14.8984 -6.94922 137 4
-11.3984 -8.44531 95 4
-7.54688 -7.69922 82 4
0.349854 -2.29883 48 4
-1.57715 -0.363037 51 8
-1.04395 0.37793 47 8
3.27734 2.31641 30 8
2.74414 3.15234 33 8
4.3125 4.10938 56 8
2.03125 4.65625 49 8
0.824707 0.774902 101 4
7.12109 6.52344 96 4
1.62402 2.87305 97 4
5.02344 11.1172 116 4
2.03516 4.09766 27 8
-0.489502 2.96875 68 8
0.449951 11.8438 41 4
3.875 -4.02344 87 4
6.77344 9.96875 53 4
4.64844 1.25 98 4
4.36719 3.14062 70 8
5.37109 4.15625 72 8
5.77344 5.02344 98 4
2.34961 13.1953 132 4
8.77344 5.27344 132 4
8.71875 9.17188 150 4
1.875 6.36719 99 8
2.94336 10.8984 151 8
6.72266 4.07422 96 4
6.14844 -1.64941 113 4
4.09766 11.4453 105 4
5.47266 -0.0249939 140 4
0.599609 11.5 114 4
-1.2998 0.0999756 154 4
12.0234 4.22266 137 4
11.3203 0.524902 151 4
7.39844 9.28906 129 8
7.92969 0.639648 202 8
2.97461 13.1172 152 4
-4.09766 6.14844 225 4
3.72461 11.3672 161 4
-5.24609 -0.0999756 214 4
-2.86133 0.769043 222 8
0.874512 -3.77344 202 4
1.25 3.94922 189 4
0.674805 -12.2188 223 4
-1.94922 1.09961 192 4
-0.299805 2.94922 203 4
3.75 5.74609 209 4
-4.29688 6.59766 193 4
3.97461 8.11719 219 4
7.89844 12.2422 177 4
3.87305 5.87109 234 4
5.875 12.1172 201 4
-8.10623e-06 -0 255 4
0.316895 -1.94727 257 8
0.588867 0.648438 249 8
0.105652 -0.114563 254 8
2.14062 -4.14453 211 8
0.672363 10.5 184 8
4.5625 -4.25391 239 8
2.54492 5.88281 211 8
14.0703 -4.52344 164 4
1.5498 15.9453 163 4
4.94922 3.74805 205 4
11.9922 -7.99609 192 2
-8.49219 10.5 199 2
0.999512 -11 219 2
-2.49805 -1.49902 198 2
0.149902 6.89844 238 4
-8.10623e-06 -0 255 4
-7.99609 13.8438 223 4
-8.10623e-06 -0 255 4
4.77734 -3.23047 224 8
2.79883 6.14844 202 4
-3.07422 6.02344 243 4
3.89844 1.89941 226 4
2.17383 3.47461 241 4
5.1856e-06 -3.75509e-06 255 16
-0.0566101 0.108826 254 16
5.1856e-06 -3.75509e-06 255 16
-1.66893e-06 -2.00272e-05 255 32
0.0794067 0.123779 251 32
-1.66893e-06 -2.00272e-05 255 32
-4.35547 7.19141 92 8
6.44922 -3.94922 126 4
1.24902 -2.5 117 4
-4.42188 8.17188 132 4
10.1953 -4.59766 138 4
0.337646 0.71875 73 8
-5.29688 11.2422 110 4
-9.99219 -1.7998 160 4
-4.09766 5.49609 91 4
-6.42188 0.174927 114 4
3.67383 2.01562 119 8
0.993652 14.3594 160 8
-3.92383 5.67188 146 4
-0.699707 -0.599609 156 4
-8.69531 9.75 122 4
-0.449951 6.14844 146 4
-5.62109 9.27344 175 4
-14.5938 3.54883 226 4
5.625 2.82422 165 4
3.74805 0.749512 178 4
-0.0907593 1.15527 68 8
4.80859 4.31641 70 8
3.50977 3.24414 59 8
1.75391 6.64453 109 8
4.67578 9.94531 91 8
-1.47461 2.92383 174 4
-2.92383 2.07422 189 4
-4.42188 -4.02344 195 4
-5.94922 2.94922 177 4
8.52344 4.07422 147 4
-6.42188 -2.07422 182 4
-1.02441 0.724609 179 4
-1.5 -9.29688 165 4
-7.67969 -4.89453 167 8
-0.15625 0.105652 254 8
-0 2.5034e-06 254 8
-6.84766 6.21094 225 8
-1.12402 1.09473 253 8
0.0705566 -0.00458908 254 16
-1.68359 3.05469 189 8
-0.660645 5.42188 227 8
-9.5625 4.94531 151 8
-10.2266 7.28516 199 8
-0 2.5034e-06 254 8
-0 2.5034e-06 254 8
-5.82422 4.22266 251 4
-8.10623e-06 -0 255 4
-12.4688 3.97461 218 4
-7.49609 7.79688 242 4
-0 2.5034e-06 254 8
0.709473 4.54297 78 8
3.47461 10.2344 104 8
2.77344 6.375 89 4
7.82422 9.82031 109 4
6.64844 13.6953 92 4
10.6484 9.14844 147 4
11.5469 6.29688 146 4
-1.89941 -1.09961 190 4
-5.72266 -7.12109 203 4
-16.9688 -6.52344 184 4
0.135376 -9.15625 194 8
-2.0625 -4.74219 117 8
-6.94922 -7.64844 191 4
-1.97461 -0.624512 157 4
-15.6953 -4.49609 159 4
-10.6719 2.07422 145 4
3.75 -13.0469 135 4
1.5 -8.25 95 4
-10.5 -10.1484 138 4
-2.375 -6.17188 91 4
2.62305 12.9219 121 4
-4.49609 11.5 176 2
-21 -5 198 2
-9.49219 -2.49805 172 2
-12.4922 -12.5 161 2
-4 8 132 2
-17.5 0.5 148 2
-7.5 -7.49609 126 2
-19 -9.99219 113 2
-17.0938 -4.84766 138 4
-16.8125 -9.17188 172 4
-10.625 -10.0234 122 4
-8.71875 -7.92188 106 4
-3.04883 -2.25 71 4
-9.02344 -6.07422 97 4
-3.54883 0.199951 73 4
2.125 0.824707 59 4
3.69922 2.75 59 4
2.57617 -0.139771 61 8
-5.375 2.97266 84 8
-1.25 -2.5 83 4
5.04688 4.84766 79 4
-3.64844 2.29883 77 4
-8.57031 1.02441 91 4
2.42188 0.151733 72 8
3.66016 2.37305 64 8
-3.50586 1.38672 98 8
-4.95312 7.35156 120 8
0.78418 1.07227 71 8
-3.35547 3.42969 94 8
-4.99609 9.44531 173 8
-1.125 1.9248 252 4
-8.10623e-06 -0 255 4
-10.0469 8.14844 232 4
-9.5 0.199951 259 4
-7.67188 10.7734 137 4
-6.89844 1.7998 191 4
-4.94922 7.49609 112 4
-12.5469 2.64844 158 4
-10.0234 -0.868652 206 8
-0.456787 -0.771973 88 8
1.76855 3.61914 75 8
1.85352 -1.39258 84 8
-2.35352 3.30859 84 8
1.51172 0.651367 100 8
-0.458252 2.9043 109 8
-6.64844 -0.949707 118 4
-2.79883 -1.09961 111 4
5.17188 2.27344 85 4
3.02344 5.77344 98 4
2.28711 3.46094 105 8
-1.66893e-06 -2.00272e-05 255 32
5.1856e-06 -3.75509e-06 255 16
5.1856e-06 -3.75509e-06 255 16
-0.0552979 -0.0823364 255 16
-1.85254 -1.28711 262 8
-1.57422 -1.87402 258 4
-9.61719 -3.47461 255 4
-5.72266 -6.57422 243 4
4.94922 0.299805 211 4
-6.67188 -5.87109 255 4
8.61719 4.57422 213 4
5.72266 -0.474854 231 4
0.774902 0.974609 251 4
1.7002 0.388184 244 8
-3.46484 0.0491028 260 8
-0.642578 0.217163 255 8
-9.39844 2.09961 200 8
-13.9922 1.2998 230 4
-9.14844 4.74609 225 4
-4.22266 6.82422 171 4
-3.52344 3.42383 198 4
-0.51416 0.782227 250 16
2.71875 3.64844 127 8
2.74219 1.59766 157 8
1.18848 4.22266 137 8
3.72266 4.01562 171 8
-3.29883 14.0469 193 4
-1.125 2.92383 249 4
5.69922 11.3984 185 4
2.24805 4.44922 241 4
-0 2.5034e-06 254 8
0.776367 3.34766 234 8
-0 2.5034e-06 254 8
0.0335083 -0.25415 256 32
0.0111084 0.0727539 19 64
-0.41626 0.554199 20 16
-4.34766 1.81055 42 8
-3.67773 -1.125 61 8
0.941895 1.02441 16 8
0.795898 1.96191 23 8
0.242554 0.0723267 24 16
0.816895 0.429932 24 8
3.33789 7.25 12 8
0.554688 1.27734 23 8
-0.548828 5.23438 37 8
0.229126 0.288574 44 8
2.14648 1.04297 41 8
8.16406 6.40625 18 8
2.90039 -3.84766 78 8
4.67188 -0.287109 52 8
1.82227 0.807617 58 8
-1.43262 0.557617 78 8
1.39355 1.76855 66 8
6.37109 7.82422 81 4
-1.69922 -1.64941 116 4
-6.09766 2.84961 102 4
1.7998 2.64844 99 4
2.25195 -2.50195 110 8
-2.29297 5.70312 87 8
2.83008 -1.66016 111 8
3.42969 1.00586 69 16
-0.145996 0.201294 23 16
-0.015625 2.875 18 16
-0.170288 0.213135 25 16
0.887207 3.33398 12 16
-0.67041 3.00195 88 16
2.82422 -0.824707 129 4
5.24609 6.09766 123 4
-1.125 4.52344 128 4
3.47461 8.375 146 4
4.28516 -1.04297 151 8
-3.30664 5.21484 126 8
-3.26953 2.72266 167 8
1.16113 3.27344 79 16
7.42188 9.71875 113 4
16.9219 5.02344 139 4
1.87402 15.1172 143 4
-0.75 1.5498 213 4
10.1719 -7.02344 159 4
0.774902 3.52344 156 4
-0.474854 -10.9219 206 4
1.34961 -1.84961 160 4
-5.82422 7.12109 159 4
-15.0469 5.25 195 4
-3.72461 -2.22461 145 4
-10.3203 1.82422 146 4
-1.87402 -2.67383 197 4
3.47461 -3.62305 172 4
-11.6172 8.125 159 4
-3.54883 1 177 4
0.000484705 0.0399475 19 64
-0.0250854 0.185181 21 16
0.935547 5.52344 12 16
0.0403442 0.336426 14 16
0.980469 5.12891 23 8
-1.92969 4.67969 77 8
1.72754 6.01953 22 8
2.27539 1.6123 66 8
0.777832 2.40234 105 8
-2.50781 1.86523 130 8
0.15625 3.29883 106 8
0.896973 -2.08008 124 8
-2.1582 -3.14844 138 8
-4.15625 3.82617 133 8
2.57031 0.645508 91 8
1.1377 3.24219 104 8
-3.73242 -0.0639648 123 8
-3.19727 0.873047 110 8
-0.449219 0.464111 83 8
1.03418 2.91992 78 8
1.68066 3.3418 91 16
0.591309 0.849121 15 16
-0.745117 6.55859 35 8
1.25 1.80273 82 8
0.200806 4.71875 29 8
1.08301 4.41016 81 8
-0.191406 0.890137 24 16
0.434326 3.54102 36 8
-4.95312 2.50781 94 8
0.108582 4.01562 39 8
1.02637 -0.963867 58 8
2.95117 -2.59961 91 8
-0.376465 1.99805 82 8
0.59375 -0.712402 105 8
4.32031 2.34766 86 8
0.336182 5.66016 99 8
2.99219 3.87695 133 8
0.474854 2.72461 100 4
-3.82422 7.77344 124 4
3.09961 -6.69922 119 4
-6.84766 4.29688 108 4
-7.38672 2.38086 159 8
-3.21875 2.65625 98 8
-1.52637 1.32422 111 8
-0.554688 2.06836 66 8
-5.94922 2.54883 98 4
-8.67188 2.62305 116 4
6.22266 3.32422 68 4
5.89844 1.39941 78 4
2.26172 0.599609 104 8
4.59766 -2.04883 101 4
-5.57422 3.12305 112 4
2.89844 -0.449951 120 4
4.09766 -4.29688 117 4
-4.52344 1.52637 120 8
-2.75391 0.34668 127 8
1.01758 -0.0585327 73 16
0.733398 0.542969 88 8
1.39941 9.24219 89 4
5.14844 -2.39844 112 4
2.42383 10.2188 91 4
3.25 1.2998 127 4
4.66406 3.78125 76 8
-4.75 6.59766 100 4
-4.52344 5.22266 129 4
2.27344 -3.67383 110 4
-1.9248 8.11719 109 4
3.37109 1.13379 85 8
3.70508 0.0788574 91 8
6.09375 5.70312 96 8
8.32031 -0.0249939 131 4
3.22461 -8.92188 131 4
4 -6.59766 175 4
2.44922 -11.2422 146 4
-2.88086 2.80469 112 8
0.324951 -3.22461 122 4
2.375 10.2734 107 4
6.07422 3.92383 107 4
4.82422 6.47266 124 4
0.924805 1.52441 104 4
10.0938 12.6953 113 4
12.125 7.52344 96 4
4.59766 16.9375 147 4
15.8203 -1.77441 145 4
7.14844 4.09766 150 4
9.29688 0.899902 206 4
7.69922 -10.2969 203 4
4.19141 -5.29688 110 8
1.98926 3.23242 84 8
-0.174927 -2.27344 137 4
6.52344 -9.07031 116 4
3.67383 2.82422 135 4
4.42188 -5.22266 138 4
1.9248 0.424805 94 4
-0.849609 4.5 105 4
2.57422 -5.17188 110 4
2.74805 12.5938 93 4
3.76172 3.17969 106 8
5.24609 8.125 117 8
5.55469 7.42969 115 8
8.86719 1.97461 155 4
0.799805 13.5469 190 4
4.34766 4.39844 190 4
10.7422 8.09375 206 4
-0.147217 -3.93555 163 8
2.83008 3.81445 110 8
3.02344 -7.02344 166 4
0.599609 -4.09766 140 4
5.67188 -6.02344 167 4
10.6953 2.54883 136 4
7.19141 2.22656 124 8
5.52344 8.32031 146 4
0.824707 1.57422 186 4
-2.97461 7.17188 171 4
-3.69922 0.599609 192 4
2.05469 9.5625 189 8
6.64844 7.73828 148 8
-0.249878 15.3438 211 4
-8.10623e-06 -0 255 4
5.02344 9.32031 214 4
-8.10623e-06 -0 255 4
4.97266 0.0249786 146 4
0.699707 10.8438 161 4
2.42383 -2.97461 166 4
-4.44922 6.54688 170 4
0.474854 -8.27344 195 4
8.89844 -0.0499878 138 4
0.0499878 -2.09961 182 4
3.52344 0.924805 167 4
-1.30859 -1.41895 170 8
2.27344 10.0234 164 4
10.7188 2.17383 187 4
3 17.3906 168 4
5.92188 5.77344 228 4
8.75 5.54688 150 4
9.54688 7.24609 172 4
7.19922 10.8438 169 4
7.87109 6.72266 222 4
3.97461 7.42188 224 4
5.125 -12.8203 239 4
0.449951 0.449951 253 4
4.64844 -6.34766 248 4
10.1172 7.67188 199 4
0.549805 0.599609 252 4
0.974609 0.524902 251 4
-8.10623e-06 -0 255 4
-0 2.5034e-06 254 8
1.14941 -1.25 156 4
6 10.5938 154 4
5.125 4.27344 153 4
1 11.3984 185 4
10.1484 12.4922 200 4
0.0749512 0.0749512 254 4
-3.32422 7.02344 241 4
-1.39941 -0.949707 257 4
1.80859 6.78516 171 8
2.16406 1.6377 220 8
-0.0178223 0.0856323 254 16
6.49219 1.01172 184 8
10.3438 1.0498 199 4
15.6953 2.59961 190 4
2.74805 2 245 4
-8.10623e-06 -0 255 4
3.18164 0.331787 236 8
-0 2.5034e-06 254 8
0.36792 0.293945 248 16
5.1856e-06 -3.75509e-06 255 16
5.1856e-06 -3.75509e-06 255 16
13.1094 2.35742 147 8
2.87305 13.7734 187 4
2.82422 -2.22461 232 4
9.64844 3.39844 223 4
5.27344 -0.374756 241 4
0.211182 0.324219 252 8
-0 2.5034e-06 254 8
0.0704956 0.100647 253 16
5.1856e-06 -3.75509e-06 255 16
5.1856e-06 -3.75509e-06 255 16
-1.66893e-06 -2.00272e-05 255 32
-1.66893e-06 -2.00272e-05 255 32
-1.66893e-06 -2.00272e-05 255 32
-4.75 9.98438 172 8
-1.03809 2.97266 241 8
-6.52344 5.875 135 4
-10.1484 10.5469 171 4
4.17188 -1.82422 138 4
-0.5 2.39844 145 4
-10.0234 10.3203 216 4
-3.89844 4.54688 243 4
-5.52344 15.3672 174 4
-1.875 6.57422 224 4
-0 2.5034e-06 254 8
-0 2.5034e-06 254 8
-4.00391 -1.86133 267 8
-4.77344 -1.02441 257 4
-0.299805 0.299805 254 4
-4.75 2.94922 227 4
-0.524902 4.07422 246 4
0.797363 2.09375 147 8
-0.974609 2.125 176 4
-6.72266 10.6172 210 4
-1.2998 -0.25 177 4
-10.6484 4.39844 190 4
-0.599609 -0.944824 164 8
0.394287 1.68262 159 8
-3.55078 1.44727 215 8
1.30273 5.94922 212 8
0.431396 5.28125 178 8
-0.862793 2.52539 233 8
-0.00123692 0.0012188 254 32
2.11328 1.82812 161 8
2.96094 1.69141 177 8
-0.538574 6.53125 155 8
2.67383 3.02344 208 4
4.82422 -0.774902 207 4
-8.96875 6.42188 216 4
-2.94922 -0.949707 228 4
4.42578 2.69336 185 8
-5.22266 0.824707 230 4
0.774902 3.07422 221 4
6.64844 3.79883 215 4
4.67188 1.87402 240 4
6.02344 4.92188 206 4
0.774902 -1.22461 238 4
-7.57422 -1.57422 234 4
-8.27344 -0.924805 226 4
2.39844 6.44922 233 4
-8.10623e-06 -0 255 4
-5.27344 11.5234 226 4
-8.10623e-06 -0 255 4
-9.07031 9.17188 135 4
-13.4922 3.04883 173 4
-2.82422 0.774902 111 4
-8.67188 2.32422 124 4
-12.5234 4.32422 177 4
-15.1172 -0.924805 206 4
-5.17188 5.17188 134 4
-4.67188 -2.47461 152 4
-0.630859 -1.3418 116 8
-1.0293 4.6875 109 8
-14.8203 -4.02344 200 4
-10.4219 2.77344 184 4
0.224976 2.57422 136 4
0.499756 2.84961 150 4
-7.76172 10.125 201 8
0.720215 4.82812 141 8
1.89844 3.73633 166 8
-0.151733 0.254395 251 32
-1.66893e-06 -2.00272e-05 255 32
-1.66893e-06 -2.00272e-05 255 32
5.1856e-06 -3.75509e-06 255 16
5.1856e-06 -3.75509e-06 255 16
-0 2.5034e-06 254 8
-0 2.5034e-06 254 8
-8.10623e-06 -0 255 4
-8.10623e-06 -0 255 4
-0.524902 -0.524902 256 4
-0 2.49147e-05 254 2
-31 10 249 2
-15 -14.9922 252 2
-9.99219 -5 213 2
-8.10623e-06 -0 255 4
-2.5 -0.949707 257 4
-18.3125 -0.524902 256 4
-12.6172 0.0250092 242 4
-0.0899658 0.0987549 254 16
-1.66893e-06 -2.00272e-05 255 32
5.1856e-06 -3.75509e-06 255 16
0.175537 -1.24316 256 8
4.94922 -13 226 4
8.79688 3.19922 172 4
3.77344 -0.574707 226 4
7.59766 -4.24609 217 4
0.0416565 -0.0416565 254 8
1.65234 -0.774902 248 8
5.1856e-06 -3.75509e-06 255 16
5.1856e-06 -3.75509e-06 255 16
5.47266 -3.22266 186 8
5.24219 -11.2969 158 8
5.0625 -3.62305 234 8
6.625 -7.52344 183 4
6.52344 -18.1719 163 4
1.0498 -4.94922 208 4
5.59766 -15.0938 185 4
1.02441 0.554688 76 8
2.55469 0.947754 68 8
1.75 -7.94922 95 4
-2.94922 1.14941 79 4
-0.0499878 -10.4453 109 4
1.52441 -1.1748 79 4
-2.55469 3.8418 76 8
0.602539 -0.662109 254 8
9.02344 -7.02344 226 4
-0.125 -22.5156 197 4
-2.22461 -17.4688 263 4
-1.125 -14.7188 187 4
-0 2.5034e-06 254 8
-0.206787 -16.7344 253 8
3.91797 -4.21094 102 8
2.57422 -0.0982056 69 8
-0.824707 -6.22266 121 4
4.875 1.07422 98 4
0.5 -16.5 132 2
7.99609 2.99805 106 2
-4.49609 -5.49609 120 2
4.49609 8.5 116 2
8.71875 2.62305 114 4
1.375 -8.02344 103 4
-1.27441 1.77441 77 4
12.5 -8.34375 107 4
10.2969 -5.29688 83 4
5.1856e-06 -3.75509e-06 255 16
-0.204468 -0.217163 257 16
-0 2.5034e-06 254 8
-0.0416565 -0.041626 255 8
-0 2.5034e-06 254 8
-3.00586 -5.14062 271 8
-8.10623e-06 -0 255 4
-8.10623e-06 -0 255 4
-6.375 -3.82422 260 4
-10.625 -5.72266 254 4
-4.74609 -3.84961 262 4
-8.82031 -15.7188 241 4
-14.3672 -8.27344 230 4
-9.94531 -3.24805 194 4
-4.14844 -4.96094 226 8
0.0999756 -4.54688 172 4
3.52344 2.27344 152 4
0.549805 -2.89844 173 4
-0.474854 8.71875 159 4
-8.10623e-06 -0 255 4
-2.97461 -3.22461 261 4
-0.674805 -0.674805 256 4
-13.8203 -11.6719 256 4
-5.62109 -17.1719 237 4
-5.34766 -13.75 170 4
-10.5234 -11.4219 207 4
-3.34961 -4.79688 141 4
-0 2.49147e-05 254 2
-15.5 -26.4844 252 2
-15.4922 -14.4922 259 2
-11.4922 -14.4922 212 2
-10 -14.2422 204 4
-10.2188 -10.125 216 4
-2.42383 -6.92188 165 4
-15.4922 -8.5 159 2
-1.49902 -7.49609 140 2
6.5 2.49805 131 2
8.99219 3.99805 139 2
9.64844 1.2998 121 4
9.44531 9.19531 135 4
16.9219 0.474854 156 4
7.74609 9.14844 113 4
8.75 2.94922 148 4
-2.37305 9.57031 135 4
-5.84766 2.94922 182 4
9.5 -7.39844 153 4
4.34766 -14.1484 134 4
-4.07422 -5.77344 178 4
0.599609 -15.8984 148 4
10.9531 5.62891 131 8
9.77344 0.374756 161 4
11.9688 -11.8672 152 4
4.52344 -4.97266 211 4
0.199951 -13.8984 195 4
-2.92383 -3.77344 173 4
11.2734 5.57422 140 4
7.19922 7.19922 155 4
10.75 9.59375 183 4
8.09375 10.1953 175 4
10.0703 5.125 214 4
9.39844 4.34766 217 4
0.449951 0.449951 253 4
5.39844 15 170 4
3.94922 6.49609 232 4
1.7998 12.6953 192 4
-0.149902 3 248 4
-0 2.5034e-06 254 8
1.06836 -0.729004 250 8
5.625 -3.66406 218 8
-0 2.5034e-06 254 8
1.23438 -1.74316 253 8
6.62891 5.00781 76 8
4.30078 1.91797 112 8
-3.60938 8.83594 122 8
5.09766 -1.09961 161 4
7.92188 4.87109 159 4
-0.949707 3.84961 167 4
-1.07422 8.61719 185 4
-1.62402 11.9219 158 4
-1.34961 15.6484 216 4
-2.87305 9.57031 158 4
-8.32031 15.8203 206 4
-0.34668 0.34375 254 8
7.14844 0.549805 176 4
-4.42188 4.17188 195 4
8.79688 -3.84961 206 4
4.92188 0.125 191 4
-4.47266 13.875 219 4
-8.10623e-06 -0 255 4
-2.54883 7.24609 208 4
-6.47266 5.72266 248 4
2.19922 6.5 75 4
-2.39844 10.6484 107 4
0.799805 11.2422 84 4
-2.19922 1.75 127 4
1.09961 8.34375 149 4
3.79883 10.7422 175 4
-12.9688 8.02344 155 4
-10.1953 11.5469 187 4
-2.89453 1.71973 86 8
-8.19531 4.34766 111 4
-15.1953 7.59766 143 4
-1.07422 -1.875 90 4
-1.125 5.97266 89 4
0.849609 4 225 4
5.87109 -9.71875 223 4
-11.6719 2.07422 231 4
-12.5938 -4.59766 232 4
-1.4248 -1.27441 200 4
-14.3984 3.69922 215 4
-5.39844 -4.14844 205 4
-1.39941 -2.54883 184 4
-15.9219 2.125 169 4
-11.375 -1.47461 170 4
1.82422 2.625 110 4
7.54688 8.64844 117 4
-5.42188 5.57422 158 4
0.649902 0.549805 168 4
2.19922 3.39844 160 4
2.97461 5.72266 177 4
-0.0935059 -0.0251617 255 16
-0 2.5034e-06 254 8
4.54688 -15.5469 243 4
0.875 -0.624512 186 4
-6 -16.7969 259 4
-1.64941 -2.24805 190 4
-8.10623e-06 -0 255 4
-1.5498 -2.84961 259 4
-0.299805 0.299805 254 4
-5.54688 -10.9453 265 4
-4.32422 -12.4688 230 4
-0.399902 0.149902 178 4
-1.37402 -9.71875 206 4
-0.25 6.79688 173 4
-14.7188 -0.724609 237 4
-14.4922 3.04883 237 4
-2.34961 0.649902 181 4
-3.62305 0.774902 186 4
-17.0469 -2.34961 252 4
-14.25 -2.19922 232 4
1.94922 2.04883 181 4
6.37109 -1.37402 185 4
4.4375 1.66895 169 8
3.34961 5.94922 186 4
0.824707 -4.02344 209 4
3.39844 1.7998 198 4
-3.39844 -7.29688 210 4
-13.4453 2.69922 231 4
-10.3203 -5.22266 226 4
3.125 0.0749512 186 4
2.84961 -4.54688 186 4
-5.24609 -3 196 8
-0.141357 -1.89062 188 8
2.59961 0.149902 158 4
5.125 -10.7188 153 4
3.07422 4.37109 170 4
6.375 -8.07031 178 4
3.67383 -1.32422 77 4
6.29688 -2.29883 73 4
4.47266 4.52344 82 4
11.0234 2.92383 96 4
0.324951 0.524902 78 4
-5.14844 1.5 85 4
6.34766 -9.14844 105 4
1.5 -2.69922 76 4
8.86719 5.70312 107 8
8.97656 -10.6562 132 8
-7.39844 7.99609 109 8
-10.3359 6.57422 167 8
2.79492 0.870117 71 8
-5.64844 0.899902 97 4
-10.2188 3.02344 112 4
5.77344 -5.22266 89 4
1.97461 0.874512 79 4
5.07812 1.74805 202 8
8.96094 -9.49219 209 8
1.47461 1.38184 241 8
1.94434 -3.19336 250 8
8.36719 -7.92578 119 8
0.684082 0.413574 94 8
8.09375 -13.1953 206 4
9.875 -10.0234 149 4
6.34766 -6.84766 227 4
12.9922 -8.74219 191 4
8.67188 -8.46875 114 4
1.5498 0.0999756 95 4
6.24609 -12.3438 160 4
4.75 -0.299805 106 4
-5.24609 5.75 214 4
1.7998 -1.25 217 4
-13.4453 1.89941 184 4
-13.8203 5.47266 195 4
0.899902 0.0999756 223 4
4.87109 -10.0234 206 4
-9.125 4.57422 217 4
-2.14844 -4.84766 215 4
-5.62891 3.32812 123 8
-17.3906 7.75 163 4
-8.84375 7.79688 190 4
-2.59961 5.59766 108 4
-11.6172 7.52344 149 4
2.01367 0.226074 186 8
2.14844 5.94922 180 4
0.774902 -6.77344 199 4
-0.0750122 0.574707 194 4
-3.07422 -8.52344 200 4
-1.9248 2.22461 202 4
-1.97461 -1.9248 206 4
-12.0703 8.21875 175 4
-6.64844 -3.29883 194 4
-1.0498 -0.149902 200 4
-1.27441 -14.375 196 4
-11.5 -0.599609 187 4
-10.625 -11.1172 173 4
-0.621582 2.29883 76 8
-2.14062 3.00586 97 8
5.77344 -6.12109 92 4
0.949707 1 78 4
5.72266 -1.72461 118 4
3.84961 -8.25 104 4
-2.93164 2.87891 93 8
-8.24219 7.94922 130 4
-6.47266 -3.82422 163 4
-0.524902 5.12109 113 4
-7.44922 -1.34961 140 4
-4.16016 -4.07422 137 8
-4.71484 0.269287 107 8
-0.899902 0.310791 87 8
-0 2.5034e-06 254 8
0.674805 -1.47461 254 4
-2.39844 -14.4922 240 4
-6.47266 -5.72266 264 4
-7.07422 -16.4688 233 4
-8.10623e-06 -0 255 4
-4.39844 -4.5 263 4
-9.17188 -4.32422 265 4
-7.19922 -9.14844 248 4
-8.92188 -10.0703 243 4
-5.49609 -12.4922 201 2
3.99805 1 174 2
-2.99805 -1 181 2
7 8 181 2
-2.22461 -6.97266 202 4
3.875 9.02344 178 4
-0.867188 -1.49805 178 8
3.27539 4.75 150 8
8.75781 0.209717 176 8
6.11328 4.125 185 8
-6.42188 -6.02344 226 4
-5.72266 -3.67383 209 4
7.42188 -3.02344 213 4
3.47461 -1.375 189 4
6.96094 7.31641 165 8
0.824707 -14.375 251 4
4.79688 10.2969 180 4
-6.34766 -16.8438 252 4
0.549805 12.1953 197 4
1.83398 2.98828 232 8
0.2771 0.0667114 251 16
0.399902 10.0469 195 4
0.724609 4.27344 243 4
8.02344 8.02344 209 4
0.574707 0.674805 252 4
-0 2.5034e-06 254 8
0.34668 1.23047 247 8
-0 2.5034e-06 254 8
5.1856e-06 -3.75509e-06 255 16
5.1856e-06 -3.75509e-06 255 16
5.1856e-06 -3.75509e-06 255 16
-3 -21.9844 240 2
-2 -0.999512 196 2
-1 -25.9844 236 2
4 8 192 2
4.69922 13.8984 203 4
-4.02344 -4.625 224 4
-1.24902 10.9922 221 4
0.0103989 0.0104141 254 8
-1.14551 6.50391 195 8
-0.151733 0.25 254 8
5.1856e-06 -3.75509e-06 255 16
-1.1748 -1.52441 200 4
0.149902 10.3984 196 4
6.27344 -7.52344 207 4
2.64844 8.49219 201 4
-1.06055 2.01758 247 8
4.19922 -8.29688 228 4
2.34961 9.54688 212 4
3.42383 -5.57422 247 4
0.799805 1 228 4
0.227661 0.78418 250 8
5.1856e-06 -3.75509e-06 255 16
-0.139648 -0.152954 258 32
-0.00136566 -0.00964355 255 16
2.2793 -3.27539 249 8
12.5469 -16.1406 192 4
7.69922 -8.04688 141 4
-4.27344 -13.9688 225 4
4.54688 -6.69922 156 4
-3.17188 -4.12891 269 8
0.874512 -9.92188 199 4
4.74609 5.49609 169 4
9.29688 2.19922 190 4
5.27344 -2.57422 199 4
0.0658569 -0.767578 257 16
2.16406 0.603027 213 16
-7.25 -4.14844 137 4
-2.14844 -4.64844 109 4
13.5234 -6.27344 121 4
10.8672 -1.1748 100 4
1.69922 -3.16016 96 8
12.5234 -1.6748 180 4
11.75 -11.4453 166 4
1.0498 2.94922 205 4
4 -16.25 207 4
1.49023 -8.38281 131 8
0.61377 0.922852 80 16
-0.149902 4.24609 213 4
-2.07422 -21.0156 224 4
5.34766 1.24902 215 4
3.59961 -17.2969 219 4
-2.99805 -13.2422 133 4
0.899902 0.25 87 4
5.37109 -13.7734 130 4
-0.849609 -3 100 4
5.27344 0.0249939 236 4
4.72266 -14.6719 225 4
-1.59961 -2.09961 258 4
-7.54688 -20.6406 245 4
3.29883 -18.8438 161 4
4.125 -4.72266 99 4
0.649902 -8.44531 158 4
-0.574707 -10.1172 128 4
-0.304932 1.98633 90 8
2.96289 -0.0327148 96 8
2.32227 5.82031 79 8
5.14844 3.84961 120 4
5.67188 0.374756 121 4
10.875 9.375 137 4
17.5 -4.5 157 4
-0.4375 -0.409424 259 16
-0.410889 -0.618164 260 16
-2.29883 -1.79785 265 16
-2.38672 2.24414 247 8
-8.10623e-06 -0 255 4
-0.174927 -7.57422 259 4
-0.149902 -0.149902 255 4
-4.04688 -12.8984 261 4
0.264648 3.43945 219 8
-1.12402 -2.27344 253 4
-3.25 -11.3438 240 4
-0.974609 -3.97461 247 4
-0 -1.99902 222 2
-7 -27 212 2
-1.99902 -5 225 2
-4.49609 -38.4688 207 2
-5.22656 -15.4609 270 8
-1.85352 -6.19531 145 8
-0.468506 -13.2188 214 8
0.578613 -3.69922 119 8
0.330322 10.9141 86 8
4.29688 11.1953 175 4
1.97461 -5.77344 217 4
-3.37305 11.375 195 4
-1.99902 -6.04688 225 4
3.875 5.27344 85 4
3.02344 15.8672 116 4
-0.774902 5.57422 102 4
-2.62305 18.2656 130 4
-0.824707 10.6719 184 4
-0.449951 -2.39844 214 4
2.44922 7.59766 196 4
3.14844 -4.54688 217 4
-0.761719 -12.6172 209 8
-1.89941 -3.79883 121 4
6.82422 5.32422 97 4
2.77344 3.07422 101 4
1.82422 6.47266 123 4
-7.24609 -9.94531 185 4
-3.39844 -10.3438 149 4
-3.52344 -8.96875 152 4
0.5 -0.799805 113 4
4.91797 7.87891 99 8
10.0469 2.34961 113 4
8.74219 14.3984 131 4
0.424805 3.77344 152 4
3.57422 16.4688 174 4
6.19922 7.89844 202 4
1.6748 -6.32422 228 4
-0.549805 1.34961 241 4
2.89844 -6.89844 237 4
8.41406 9.21875 151 8
0.981934 -3.35352 245 8
-5.08594 -1.14258 212 8
-7.77734 -6.72656 198 8
3.89844 -2 175 4
-8.57031 -11.9688 170 4
-5.02344 -14.5703 208 4
-4.32422 -9.21875 138 4
-2.70898 -1.69727 117 8
-3.23828 -2.44336 125 8
-0.938965 2.83008 96 8
-0.303467 -0.580078 99 8
1.00879 1.82715 93 8
-7.875 -14.6172 177 4
-2.24805 -3.25 116 4
-4.77344 -9.71875 140 4
-0.749512 -0.449951 99 4
0.300537 -0.835938 96 8
2.21289 -4.23438 116 8
-0.104126 -0.621582 98 8
0.479004 0.705078 92 8
3.97461 7.92969 87 8
1.52148 2.06055 85 8
-0.0744019 10.625 104 8
-0.699707 9.39844 121 4
-2.22461 18.1094 161 4
-3.64844 3.89844 125 4
-7.875 9.71875 152 4
-8.79688 7 246 4
-4.99609 -2.75 260 4
-10.7969 11.75 199 4
-6.62109 -0.774902 235 4
-3.17383 2.27344 115 4
-5.42188 5.57422 128 4
6.25 0.949707 108 4
5.77344 7.87109 108 4
-7.625 11.7734 157 4
1.2998 15.5938 189 4
4.64844 3.39844 152 4
-5.47266 14.0234 198 4
0.473145 3.81445 231 8
-0 2.5034e-06 254 8
-3.20508 2.05469 250 8
-0 2.5034e-06 254 8
14.2188 5.92188 135 4
15.3438 2.59961 151 4
3.42383 12.0703 173 4
11.1953 -1.2998 217 4
8.59375 1.80859 180 8
4.52344 14.7734 185 4
0.124939 0.124939 254 4
2.04883 14.3984 199 4
-8.10623e-06 -0 255 4
0.355469 0.114563 252 8
0.550781 0.635254 243 16
-0.774902 -15.0703 163 4
-1.5 -3.79883 111 4
-1.2998 -14.2969 155 4
2.07422 -0.375 98 4
0.734863 -0.282715 93 8
-1.09277 -3.13086 129 8
-3.62305 -2.02344 110 4
-2.52344 1.57422 115 4
5.07422 2.47461 88 4
4.19922 -3.64844 99 4
-0.818359 2.0918 98 8
-1.81055 8.35156 118 8
-0.855469 1.54004 97 8
3.125 14.7031 94 8
-1.50879 -1.19043 112 8
-0.254395 3.4043 92 8
-1.56152 0.0625 92 8
-2.27344 3.17383 85 4
-3.07422 10.5703 111 4
2.125 0.824707 81 4
-3.77344 3.97461 105 4
2.09961 2.98633 92 8
2.32422 6.17188 122 4
-4.84766 13.0938 174 4
-1.34961 5.19922 132 4
-1.22461 9.11719 156 4
3.75 -4.14844 135 4
3.89844 -0.199951 119 4
-1.07422 10.8203 125 4
3.72461 -3.67383 144 4
0.524902 4.02344 125 4
0.574707 19.875 149 4
1.07422 2.07422 136 4
-1.375 18.8594 147 4
-2.64844 22 195 4
-8.10623e-06 -0 255 4
-2.59961 17.1875 188 4
-0.549805 0.599609 254 4
-0 2.5034e-06 254 8
10.7188 9.71875 196 4
0.449951 0.899902 252 4
-2.29883 7.59766 239 4
-8.10623e-06 -0 255 4
-0 2.5034e-06 254 8
5.1856e-06 -3.75509e-06 255 16
-4.125 9.71875 229 4
-1.0498 0.699707 254 4
-2.74805 13.3984 201 4
1.39941 2.39844 247 4
-0 2.5034e-06 254 8
-0.239502 4.36719 231 8
-0 2.5034e-06 254 8
-0.283447 -0.285889 258 16
5.1856e-06 -3.75509e-06 255 16
-0.231445 -0.519531 257 16
-0.388428 -0.541016 260 16
-3.03906 -3.32812 260 8
0.300537 3.19531 236 8
1.41797 3.03711 218 8
0.361572 0.382324 251 8
0.0287933 0.029129 253 32
-0 2.5034e-06 254 8
-1.66797 -5.12109 263 8
-0.358398 -0.388184 256 8
-2.19922 -8.59375 254 4
3.92383 1.4248 221 4
-2.19922 -0.749512 233 4
3.14844 5 230 4
0.618652 0.816895 241 16
-8.10623e-06 -0 255 4
-4.69922 -8.29688 258 4
-0.674805 -0.674805 256 4
1.07422 -7.17188 233 4
-0.212769 5.12891 223 8
-3.18359 -1.56543 239 8
0.577148 3.66016 232 8
0.000649929 0.00138569 254 16
-1.66893e-06 -2.00272e-05 255 32
2.23633 2.66211 74 8
9.57812 3.51758 78 8
4.07812 7.27344 75 8
5.97266 13.2188 132 4
1.4248 -1.22461 188 4
4.02344 10.1719 162 4
1.25 -0.399902 198 4
6.49609 14.9453 106 4
9.71875 -5.67188 157 4
7.92188 11.8203 138 4
4.29688 0.149902 191 4
1.34961 -0.349854 141 4
-2.67383 15.4219 150 4
10.5469 -5.84766 173 4
5.69922 10.1953 159 4
0.862793 -0.339111 191 8
-0.662109 -1.03125 194 8
3.53906 12.8125 100 8
0.165161 -0.840332 202 8
2.30273 6.55469 149 8
-0.734863 -1.45801 206 8
-0.168091 -0.585449 199 16
-2.4668 6.67578 220 8
-0 2.5034e-06 254 8
-4.97656 4.73047 208 8
-1.15723 2.08008 248 8
-0 2.5034e-06 254 8
-2.75391 -6.54688 262 8
-1.62598 -2.78711 265 8
-0.342041 -1.44629 220 8
-1.39355 1.49219 185 8
-8.27344 12.5234 218 4
-4.34766 0.849609 256 4
-2.59961 5.79688 198 4
-9.57031 0.824707 231 4
0.588867 0.720215 179 8
-1.69141 0.813965 191 8
-10.6484 -6.29688 265 4
-7.44922 -3.29883 227 4
-4.94922 -6.69922 219 4
-2.625 2.37305 200 4
-0.606934 2.39453 203 8
0.69043 1.99609 189 8
4.0625 3.72852 194 8
0.127441 -0.0664062 197 16
-0.234497 -0.497559 189 16
0.404541 0.604004 201 8
1.06152 -0.193359 199 8
1.16016 -1.70801 211 8
-0.413574 -3.71875 206 8
0.608398 -3.80664 197 8
1.61816 -0.0238037 176 8
-0.932617 1.92969 174 8
-2.52344 1.6748 197 4
1.99902 -5.14844 192 4
-0.549805 5.24609 184 4
3.64844 -2 203 4
0.0758667 -0.364502 181 8
1.01172 1.81152 175 8
0.646973 -1.39355 190 8
3.25586 3.8457 178 8
0.8125 5.04297 183 16
-0.827148 1.66895 185 8
3.64453 5.17578 195 8
0.242432 1.42969 177 8
-6.07422 6.82422 210 4
0.424805 4.42188 244 4
3.19922 14.1484 185 4
0.699707 0.75 252 4
0.904785 0.515137 241 16
0.0714722 0.0841064 249 64
0.0643921 -0.067688 253 64
1.17188 -4.53125 256 8
3.1875 -2.5918 211 8
-0.828613 -4.07422 260 8
1.84473 -2.50781 241 8
-5.42188 6.27344 210 4
-4.72266 5.92188 230 4
5.17188 1.07422 203 4
0.749512 1.25 215 4
-5.02344 -3.375 252 4
-1.82422 -20.7656 222 4
-6 -1.24902 227 4
-1.39941 -14.1484 209 4
-3.09961 -2.44336 238 8
-7.20703 -5.89062 215 8
1.21973 1.62793 223 8
-4.27734 -3.37305 262 8
0.0996704 2.56055 239 8
3.80469 -6.37891 242 8
2.30859 -2.05273 231 8
6.75 -19.25 192 4
-0.875 -4.875 128 4
2.39844 -20.5938 225 4
2.97461 -12.1172 145 4
-10.6953 4.74609 228 4
-6.64844 -0.549805 242 4
-2.42383 -3.67383 200 4
-14.9922 -1.14941 211 4
-2.52344 -16.6719 220 4
1.52441 -12.9219 146 4
-11.2969 -8.04688 198 4
-2.92383 -9.77344 147 4
1.09961 -7.79688 140 4
-0.349854 4.04688 112 4
0.824707 -12.2734 148 4
-0.949707 0.399902 115 4
-3.2793 6.59766 141 8
-1.59961 -9.64844 152 4
-0.274902 -0.224976 111 4
-3.19922 -4.14844 131 4
1.84961 -0.349854 117 4
-0.804688 3.39648 118 8
-3.51953 9.78125 201 8
0.645508 -3.02344 257 8
-7.625 13.2734 165 4
-0.174927 11.0703 211 4
3.57422 14.6719 136 4
2.44922 12.5469 210 4
0.178467 -0.229126 254 8
-0.321289 0.913574 115 8
-0.424805 3.52344 123 4
4.42188 3.92383 132 4
3.34961 8.89844 116 4
7.09766 8.99219 153 4
1.19727 2.95312 107 8
1.0498 7.24609 122 4
0.424805 15.4688 163 4
3.47461 4.97266 136 4
0.324951 17.1719 174 4
4.74609 16.9375 151 4
-1.49902 4.39844 225 4
12.8203 9.92188 173 4
6.125 1.72461 221 4
-0.995117 0.816895 248 8
1.43359 2.34375 236 8
-0.269287 -1.22754 258 8
1.58398 0.105652 245 8
-0.5 -2.39844 253 4
-7.5 -10.3984 247 4
0.224976 -0.224976 254 4
6.49609 -14.25 230 4
-1.2959 -1.37891 261 8
-4.39844 -2.44922 260 4
-0.224976 -6.02344 234 4
-3.24805 -1.14941 238 4
0.699707 1.44922 225 4
0.986328 -7.23047 187 8
0.285645 -3.25 139 8
5.47266 -6.41016 201 8
2.76953 -6.33203 162 8
-2.44922 -2.14453 248 8
-0.949707 -0.149902 223 4
2.82422 0.824707 218 4
3.72461 9.02344 211 4
2.52344 0.0249939 248 4
2.9707 -2.47656 242 8
0.572754 1.4502 242 8
-3.69922 -8.64844 227 4
2.69922 -6.29688 186 4
10.6484 -4.39844 226 4
6.89844 -8.39844 214 4
-3.82422 -8.67188 168 4
0.274902 -2.97461 134 4
4.69922 -12.5938 171 4
1.47461 -0.974609 134 4
-2.87305 -4.22266 260 4
-6.89844 -15.0938 248 4
-7.84766 -9.5 257 4
-8.5 -19.0469 209 4
-8.57031 -10.1172 181 4
3.94922 6.19922 131 4
1.59961 5.84766 127 4
4.79688 5.09766 154 4
0.599609 -1 117 4
-1.52441 7.72266 120 4
-1.47461 2.02344 116 4
5.84766 8.94531 123 4
5.22266 10.6719 149 4
9.07031 8.27344 184 4
5.92188 15.9688 169 4
4.14844 3.19922 238 4
-0.0499878 0.899902 120 4
1.2219e-05 13.8438 136 4
2.125 2.32422 120 4
3.02344 11.5234 138 4
3.54883 13.8438 188 4
0.224976 3.92383 245 4
2.94922 13.1953 194 4
-1.02441 2.67383 250 4
1.17676 1.72461 240 8
-8.10623e-06 -0 255 4
-2.72461 -12.625 262 4
-8.10623e-06 -0 255 4
-1.89941 -12.8438 258 4
-0 2.5034e-06 254 8
-8.10623e-06 -0 255 4
0.649902 -13.3438 246 4
-8.10623e-06 -0 255 4
2.47461 -9.92188 250 4
-1.875 5.37109 124 4
-1.74902 15.1484 158 4
6.69922 4.09766 125 4
3.72461 16.7188 148 4
1.0625 3.68359 231 8
5.96094 9.16406 155 8
0.276611 0.375 252 8
-1.13086 -0.919434 260 8
-8.10623e-06 -0 255 4
0.799805 -9.44531 254 4
-10.4688 -3.02344 253 4
-9.82031 -3.32422 243 4
-0.0357056 -5.48047 260 8
4.3125 -0.590332 213 8
-1.66893e-06 -2.00272e-05 255 32
-0.0625 -0.0614319 256 32
-1.66893e-06 -2.00272e-05 255 32
5.1856e-06 -3.75509e-06 255 16
0.0562439 -0.532227 256 16
-0.539062 -0.375977 260 16
-1.52734 -2.42969 264 8
-8.65625 -7.82031 271 8
-1.77441 -3.02344 259 4
-7.89844 -7.14844 247 4
-13.0234 -4.57422 245 4
-12.4922 -9.49219 211 2
-6 -4 194 2
7.5 -2.49805 189 2
16.5 3.5 190 2
-8.64844 -7.19922 222 4
-2.77344 -7.625 184 4
8.94531 0.449951 180 4
2.44922 -9 184 4
-0.502441 -0.141357 257 16
5.54688 -12.2969 238 4
3.75 -16.1406 174 4
-0.75 -10.8438 256 4
7.82422 -15.125 192 4
-0.949707 7.19922 132 4
-6.59766 7.09766 165 4
6.14844 -1.74902 135 4
0.774902 2.97461 138 4
-0.520508 -10.5625 249 8
0.162109 -2.0293 166 8
-2.04297 -7.24219 261 8
-5.74219 0.292969 223 8
2.76953 1.04102 223 8
0.618652 -11.6094 241 8
-6.38281 -5.19141 213 8
0.699707 -0.349854 155 4
8.21875 10.6172 150 4
5.59766 8.29688 150 4
7.07422 8.96875 182 4
1.03125 -0.0758667 152 8
2.09961 8.83594 174 8
-3.46289 12 186 8
-0 2.5034e-06 254 8
4.09766 12.4453 140 4
4.17188 15.5234 206 4
8.84375 12.4453 170 4
0.924805 5.07422 241 4
-0 2.5034e-06 254 8
0.749512 -1.1582 252 16
2.23633 6.33594 210 8
-0 2.5034e-06 254 8
2.59961 2.14844 239 4
-0.149902 1.19922 252 4
-11.0703 -3.07422 255 4
-8.77344 5.875 245 4
-0.104126 0.104126 254 8
5.1856e-06 -3.75509e-06 255 16
-0.949707 2.25 234 4
-7 -2.09961 259 4
-2.22461 -2.875 239 4
-7.84766 -6.89844 235 4
-6.10156 -8.39844 234 8
-2.50586 -8.34375 233 8
0.215698 -2.28125 159 8
-0.145752 0.0357056 153 8
-10.0234 10.375 178 4
-8.67188 0.674805 220 4
4.97266 6.27344 147 4
0.199951 4.44922 180 4
3.13086 5.99609 140 8
5.98828 3.39258 179 8
-8.82031 -6.97266 203 4
-6.42188 -2.07422 177 4
-2.69922 -2.74805 164 4
3.07422 1.57422 150 4
1.92676 0.486572 147 8
3.5 5.10156 146 8
9.86719 2.32422 157 4
11.4688 7.87109 169 4
-2.34961 3.34961 196 4
-7.75 -1.69922 216 4
3.875 6.79297 165 8
0.113037 4.125 222 8
-1.18262 3.24219 215 8
1.92676 1.05469 231 8
2.16406 6.18359 184 8
0.391357 0.447754 251 8
5.47266 10.0234 211 4
1.4248 1.12402 249 4
1.32422 1.47461 249 4
-8.10623e-06 -0 255 4
-0 2.5034e-06 254 8
-0.0598145 -0.00725555 255 16
-1.38184 -0.370361 258 8
-6.60547 -3.19727 273 8
-0.568359 -1.57422 242 8
-4.02344 -7.47266 229 4
-1.5498 0.199951 204 4
-1.52441 -10.4219 216 4
-5.44922 4.44922 187 4
-10.4688 -2.22461 260 4
-6.79688 -1.49902 247 4
-3.09961 3.04883 212 4
1.52441 4.32422 217 4
0.105652 0.938965 248 8
-2.73828 4.62891 212 8
-0.974609 0.524902 254 4
-1.1748 -9.71875 260 4
-4.19922 5.19922 234 4
1.5498 -9.94531 246 4
1.75391 -0.697754 216 8
-1.39062 -6.96484 223 8
0.083313 -4.62891 239 8
-1.47461 -6.875 206 4
0.224976 3.82422 170 4
-1 -7.04688 198 4
4.09766 4.89844 166 4
-0.0372009 1.34961 171 8
-1.18652 0.892578 191 8
-3.17383 -4.17188 198 4
1.74902 4.19922 170 4
3.52344 -4.72266 185 4
1.39941 6.79688 176 4
1.63672 -2.69531 192 8
-2.61133 -6.51562 247 8
0.327393 3.91797 175 8
-2.99023 -6.73828 227 8
-1.23438 4.38672 173 8
-1.34277 -1.45312 196 8
0.0499878 1.64941 208 4
1.27441 -6.125 191 4
-2.09961 5.19922 198 4
-1.94922 -7.59766 197 4
-1.95801 -2.55859 194 8
-2.34961 -1.01562 184 8
-0.399902 -1.94922 187 4
6.02344 6.62109 175 4
1.14941 0.749512 180 4
1.22461 11.3203 189 4
5.77344 10.6719 212 4
-8.10623e-06 -0 255 4
1.1748 5.07422 241 4
-8.10623e-06 -0 255 4
-0.12793 7.13672 177 8
0.233521 0.777832 250 8
5.1856e-06 -3.75509e-06 255 16
-1.9834 2.85742 180 8
-9.04688 8.04688 238 4
-0.0749512 0.0749512 254 4
-0.724609 13.9688 189 4
-1.75 1.74902 253 4
0.456787 2.23828 168 8
1.0498 12.0938 189 4
1.32422 3.72461 244 4
4.89844 9.5 188 4
-0.924805 4.57422 245 4
5.1856e-06 -3.75509e-06 255 16
2.00391 -3.49805 193 8
0.715332 -1.35254 178 8
-0.288574 -4.69531 218 8
-0.819824 -1.54883 181 8
0.0592651 -0.426758 169 16
-1.74023 -4.19531 208 8
1.10254 -0.174072 172 8
5.95703 -5.32031 198 8
3.06445 -0.223145 171 8
2.76758 0.232056 170 8
2.32422 7.67188 168 4
-1.0498 -8.79688 200 4
4.24609 2.5 187 4
0.349854 -8.44531 200 4
2.66797 3.89258 173 8
0.760254 -3.41406 201 8
-1.9248 1.9248 170 4
0.474854 15.6172 171 4
-1.24902 6.94922 160 4
-4.99609 7.39844 186 4
6.04688 4.09766 223 4
0.924805 1.125 250 4
-10.5938 7.09766 228 4
-5.59766 2.59961 254 4
-1.59766 1.37109 169 8
0.202271 8.44531 176 8
-0.0463867 0.10907 254 16
1.43359 3.35352 160 8
3.57422 10.9688 186 4
2.74805 5.59766 237 4
-1.09961 11.2422 199 4
-9.27344 0.774902 253 4
-0.876465 1.54004 172 8
-0.724609 8.36719 193 4
-4.52344 -3.97461 221 4
-2.04883 5.54688 185 4
-2.92383 -6.52344 208 4
-1.69434 1.15625 254 8
-0 2.5034e-06 254 8
-11.1953 2.44922 213 4
-15.9922 6.64844 236 4
-2.17383 -1.02441 179 4
-6.09766 2.24805 183 4
-11.0781 1.58398 240 8
-1.66893e-06 -2.00272e-05 255 32
-1.66893e-06 -2.00272e-05 255 32
5.1856e-06 -3.75509e-06 255 16
5.1856e-06 -3.75509e-06 255 16
-0.0208282 -0.020813 255 8
-8.10623e-06 -0 255 4
-0.674805 -0.524902 256 4
-7.84766 -7.44922 267 4
-11.8672 -0.0749512 242 4
-15.0703 -0.624512 258 4
-16.3906 -5.74609 251 4
0.5 -2.49805 193 4
5.09766 1.74902 180 4
-0.336182 -0.330322 201 8
-8.4375 0.575684 258 8
-5.46484 0.84668 260 8
0.0163727 1.50391 196 8
2.88672 0.511719 200 8
5.1856e-06 -3.75509e-06 255 16
5.1856e-06 -3.75509e-06 255 16
-0.172607 0.184448 254 8
-0.072876 0.0372009 255 8
-5.10156 3.64258 230 8
-1.19727 3.2207 241 8
5.1856e-06 -3.75509e-06 255 16
0.849609 -1.0498 254 4
9.07031 -7.22266 231 4
-1.07422 2.52344 247 4
0.524902 -0.574707 253 4
6.51953 -4.63281 202 8
0.226074 0.595215 250 8
2.00781 -3.49805 250 8
4.57422 9.375 184 4
1.44922 4.84766 226 4
2.84961 8.89844 203 4
-1.14941 -1.69922 244 4
1.42773 -3.13672 227 8
-1.00977 -2.17969 237 8
-0.474854 3.42383 212 4
-2.19922 -6.75 235 4
-3.14844 1.69922 212 4
-7.09766 -9.14844 223 4
0.171021 -0.353027 255 16
-1.06543 -4.51172 243 8
-1.9248 -4.5 207 8
3.16797 -2.07812 231 8
0.236572 -6.21875 215 8
0.549805 -6.75 188 4
-0.899902 2.39844 175 4
-1.1748 -13.625 202 4
-1.14941 2 163 4
-1.19629 -1.125 185 8
-2.79883 -10.1953 192 4
0.449951 2.25 160 4
1.84961 -5.14844 171 4
-8.10623e-06 3.74805 162 4
1.44727 1.47461 173 8
0.488037 0.960938 164 8
1.22461 2.17383 174 4
4.47266 3.02344 178 4
2.14844 8 176 4
7.94922 6.54688 201 4
6.17578 5.60156 157 8
10.9922 6.29688 193 4
3.875 4.42188 234 4
-2.89844 2.79883 238 4
-0.449951 1.69922 251 4
-0.654297 0.886719 170 8
1.85645 3.0918 181 8
-0.0104141 1.80469 162 8
-3.67383 0.879395 196 8
0.151733 2.44336 212 8
-2.55664 0.816895 235 8
-5.17188 0.0446167 210 8
-5.13281 0.758789 213 8
-0 2.5034e-06 254 8
-2.32422 -1.62402 258 4
-6.54688 -0.699707 257 4
0.174927 -5.125 255 4
-5.62109 -4.47266 235 4
-0 2.5034e-06 254 8
-2.54492 -8.71094 261 8
-7.95312 -4.46484 267 8
-4.69922 -10.3984 220 4
2.375 -1.77441 177 4
-5.09766 -2 185 4
-2.19922 0.599609 184 4
-2.6543 -4.62109 202 8
0.617188 0.90918 160 8
-6.25 -5 264 4
-16.625 -3.17383 259 4
-11.2188 -12.7734 248 4
-6 -0.449951 196 4
-6.02344 -2.22461 229 4
3.52344 -4.42188 206 4
-6.44922 1.89941 202 4
-3.64844 1.94922 209 4
-0.625 -12.3203 210 4
-1.625 -1.125 174 4
-1.27441 -9.86719 197 4
2.54883 1.34961 162 4
-1.02344 4.94141 173 8
1.07812 -3.83008 193 8
1.75 4.46094 158 8
-3.60938 -5.65234 213 8
0.40625 8.125 158 8
1.9707 2.86523 156 16
5.26562 0.757324 181 8
-0.0249939 -1.82422 190 4
-3.87305 -2.07422 194 4
7.37109 -6.47266 207 4
5.49609 0.249878 182 4
2.02344 -0.334717 228 8
1.7002 -2.37891 215 8
4.41406 5.69141 186 8
3.4082 -0.138306 236 8
0.529297 4.18359 221 8
0.0803223 -0.136841 254 8
0.351074 0.142822 250 8
4.10938 -3.95117 234 8
1.37598 -0.379395 247 8
1.06934 0.700684 246 8
8.74219 2.13086 194 8
6.17969 -3.98633 221 8
-0 2.5034e-06 254 8
0.609863 -0.615723 253 8
4.50391 5.12109 182 8
2.67773 0.407715 239 8
2.04883 1.41602 238 8
-0.145752 -0.122009 255 8
-4.99609 2.53516 249 8
-0.688965 0.700684 253 8
-4.33984 2.89453 205 8
-2.07422 4.82812 232 8
-0 2.5034e-06 254 8
0.0282593 -3.98633 261 8
-2.5625 -1.85254 265 8
-4.95312 -3.00195 260 8
3.125 -4.625 217 4
-1.875 1.77441 212 4
3.57422 -12.7188 243 4
-1.0498 1.2998 207 4
-1.65527 5.09375 219 8
0.824707 -14.2188 254 4
3.04883 5.24609 197 4
-4.69922 -10.5469 249 4
0.699707 5.24609 211 4
0.614258 1.68262 223 8
-0.496826 0.452637 253 16
-0.306396 0.729004 216 8
1.21094 2.94336 227 8
-0.325684 2.96094 211 8
0.0982056 0.598145 251 8
0.251465 0.249023 247 16
0.355469 3.80664 180 8
-0.184448 3.60352 214 8
4.26953 4.64062 189 8
1.46387 1.43359 242 8
1.4209 -2.17578 247 16
0.770996 0.905273 239 16
0.307861 -0.347656 254 16
0.776367 -0.401611 220 8
-3.3418 2.82812 233 8
4.92578 0.191895 217 8
2.41992 1.35547 226 8
0.679199 0.678711 239 16
0.0476074 -0.36377 256 16
-0.234619 0.521973 250 16
0.0565186 0.0829468 18 64
0.226685 1.21484 14 16
1.3584 6.15625 31 8
4.53906 1.05273 61 8
2.64062 5.32812 53 8
-1.30762 0.611328 98 8
-0.405762 2.11133 22 16
-3.02344 6.17188 83 4
-5.625 -3.22461 100 4
-5.59766 2.54883 65 4
3.64844 4.54688 66 4
2.0625 3.91211 73 8
4.44922 6.19922 48 4
0.0999756 3.04883 85 4
-0.125 6.57422 63 4
-2.77344 -4.02344 92 4
-2.9375 2.98438 94 8
6.20703 2.86719 74 8
3.83984 -0.141357 105 8
-0.217163 3.51367 115 8
2.35547 0.929688 135 8
4.02344 1.31641 99 8
2.72461 0.830078 117 8
5.80469 1.06348 132 8
3.50977 -1.26562 136 8
2.14648 5.73438 95 16
1.33398 -1.65527 187 8
4.94141 1.89844 163 8
0.072876 1.10254 184 8
3.17969 6.82422 186 8
-0.990723 -0.734863 26 8
1.49512 3.33984 22 8
2.1875 1.24805 17 8
4.48438 2.52344 31 8
-8.46875 2.42383 64 4
-5.89844 1.14941 75 4
4.32422 -0.674805 46 4
-0.299805 -2.6226e-06 49 4
-4.30859 8.5 62 8
-2.97461 -0.674805 60 4
1.64941 1.74902 49 4
6.14844 -4.49609 58 4
4.57422 8.32031 49 4
7.35938 5.66016 53 8
0.838867 2.43359 28 8
3.19922 8.09375 63 4
-1.0498 -2.74805 90 4
0.224976 8.57031 74 4
3.49805 -8.24219 94 4
0.212769 3.09375 32 8
-1.60254 6.17188 71 8
0.0342102 3.33398 64 8
-3.70312 5.19922 111 8
4.66406 0.410645 80 8
-0.156128 -1.17676 101 8
-0.590332 8.64062 119 8
0.568359 2.77539 187 8
2.72461 9.52344 107 4
-1.4248 12.8203 155 4
11.7969 7.29688 133 4
9.5 3.75 159 4
0.269287 6.74609 194 8
3.77148 4.62891 177 8
8.25 6.69922 210 4
0.574707 0.974609 251 4
0.549805 0.849609 252 4
-8.10623e-06 -0 255 4
3.2832 2.06055 228 8
-0 2.5034e-06 254 8
-6.29297 8.25 163 8
-0.399902 4.84766 206 4
0.374756 7.27344 224 4
-8.52344 2.97461 217 4
-13.5703 -2.27344 232 4
-7.14844 4.89844 113 4
-13.1719 5.42188 141 4
-1.99902 4.74609 86 4
1.1748 2.97461 95 4
-19 2.44922 174 4
-15.0938 -1.34961 173 4
0.524902 4.52344 106 4
8.44531 -0.749512 112 4
-1.64941 0.649902 255 4
-0.149902 -0.0499878 255 4
-16.2969 2.24805 228 4
-18.2344 1.69922 235 4
-0.674805 -0.375 256 4
-0.974609 -0.0750122 255 4
-18.25 -3.54883 240 4
-18.3594 4.72266 224 4
-16.6719 -0.874512 164 4
-14.9688 3.87305 157 4
7.62109 3.22461 106 4
11.2422 6.54688 113 4
-14.5234 -2.92383 167 4
-12.125 1.77441 154 4
14.9688 -1.87402 131 4
16.8125 2.27344 124 4
-0.00743866 -0.0226288 24 32
-0.0219574 0.035553 23 16
0.0976562 0.569336 22 16
-0.146118 0.135376 24 16
0.294434 0.693359 26 8
1.9248 0.974609 24 4
6.77344 12.4688 26 4
3.04883 -0.0999756 28 4
1.84961 11.5938 36 4
0.541504 1.3418 26 8
1.75977 9.25781 21 8
0.0866089 0.0852051 20 32
-0.209106 0.217163 23 16
-1.16309 0.681152 32 8
-0.520508 12.2109 24 8
-0.113037 1.69043 23 8
0.177002 10.8125 27 8
0.0570679 0.19873 21 16
2.23633 2.64844 13 8
2.67969 5.00781 39 8
-0.130859 2.91211 28 8
-0.72168 5.34375 69 8
0.224243 3.44727 39 16
3.44922 -0.538574 99 8
6.29688 1.9834 88 8
-1.27441 14.4688 109 4
11.5938 -2.94922 141 4
0.924805 14.7188 99 4
6.87109 12.1719 155 4
6.24609 -1.59961 134 4
0.199951 0.149902 142 4
10.4688 -10.1719 184 4
1.14941 -6.74609 153 4
6.72266 1.6748 75 4
4.92188 -1.4248 80 4
-3.19922 6.69922 89 4
2.47461 0.874512 103 4
3.5332 0.849609 88 8
3.0332 2.84375 92 8
5.66797 2.91406 97 8
0.524902 13.0234 103 4
-9.19531 13.5938 169 4
3.02344 6.47266 113 4
-3.625 4.47266 146 4
-7.375 -9.32031 208 4
-1.37402 -8.92188 162 4
-5.39844 -0.0499878 168 4
1.59961 -2.94922 146 4
5.70703 1.41211 128 8
6.06641 0.28125 145 8
8.04688 0.849609 95 4
5.92188 1.37402 113 4
1.14941 -5.24609 134 4
0.0499878 5.49609 126 4
8.96094 8.1875 108 8
-0.5 -6.39844 141 4
1.34961 11.5469 119 4
-0.849609 -0.5 131 4
-0.25 10.7969 133 4
2.62305 16.7656 160 4
4.47266 5.57422 226 4
1.47461 10.0703 181 4
-2.84961 11.7969 226 4
10.6562 1.17676 161 8
6.46875 -1.04297 184 8
0.632324 0.266357 250 8
2.33594 -0.380859 243 8
3.02734 1.8252 123 8
-9.375 8.86719 174 4
-14.6953 7.19922 214 4
2.97461 1.4248 146 4
-3.82422 0.974609 163 4
2.03906 1.76562 159 8
2.67969 -0.9375 172 8
-11.0078 5.51953 230 8
-0.674805 0.824707 254 4
-8.10623e-06 -0 255 4
-8.69531 9 238 4
-0.399902 0.449951 254 4
3.25195 4.14844 169 8
1.89941 8.19531 202 4
-2.59961 4.89844 245 4
0.0999756 3.5 220 4
-5.29688 3.09961 235 4
3.45508 4.26172 115 8
5.35547 6.73828 139 8
-0.645508 8.6875 126 8
3.10938 4.20703 175 8
6.92578 1.71191 179 8
8.39844 6.29688 202 4
15.2969 -4.24609 210 4
5.29688 6.44922 225 4
0.524902 0.524902 252 4
1.51562 5.61328 214 8
-0 2.5034e-06 254 8
-5.80078 11.4531 115 8
-5.18359 4.65625 198 8
1.34961 -2 94 4
-10.4453 7.89844 111 4
-1.09961 1.64941 98 4
11.3203 3.27344 82 4
-11.7734 7.92188 150 4
-9.89844 6.19922 181 4
4.24609 1.5 109 4
-6.77344 6.625 132 4
-3.39844 6.58594 222 8
-0 2.5034e-06 254 8
-4.48438 6.96094 195 8
-2.07031 3.08594 245 8
10.625 -1.79297 193 8
6.53516 -1.50098 196 8
-0 2.5034e-06 254 8
1.49512 -0.912109 250 8
3.08594 0.4375 210 16
5.1856e-06 -3.75509e-06 255 16
-0 2.5034e-06 254 8
-0 2.5034e-06 254 8
-0 2.5034e-06 254 8
-8.10623e-06 -0 255 4
-1.125 -0.874512 257 4
-0.824707 -0.824707 256 4
-11.3203 -8.52344 263 4
3.02734 -2.17578 121 8
0.375 1.38965 110 8
5.07031 1.38477 125 8
4.05859 -2.75586 130 8
-6.13281 1.83887 145 8
-9.03906 6.68359 162 8
2.47266 -0.75293 120 8
-0.774902 0.0749512 112 4
-8.57031 6.52344 128 4
4.42188 -2.72461 124 4
2.79883 1.25 115 4
7.83594 3.13672 164 8
5.375 -11.5703 181 4
2.77344 0.124939 136 4
4.14844 -14.0938 204 4
4.02344 -1.12402 144 4
2.22266 0.684082 240 8
8.96875 -13.4219 220 4
10.125 -1.52441 161 4
5.32422 -3.97461 247 4
16.0938 -2.94922 204 4
3.59766 0.226074 144 8
2.13086 -1.05176 137 8
9.44531 -0.28418 178 8
7.85156 -5.75 174 8
-4.84766 14.3984 217 4
-8.10623e-06 -0 255 4
-8.61719 17.0156 185 4
-3.82422 4.37109 249 4
-0 2.5034e-06 254 8
-8.02344 12.4922 168 8
-3.82422 3.52344 251 4
-8.10623e-06 -0 255 4
-9.04688 7.64844 231 4
-2.02344 2.57422 251 4
-0 2.5034e-06 254 8
-8.10623e-06 -0 255 4
-1.64941 -1.64941 258 4
-2.02344 -2.17383 259 4
-10.6172 -11.9688 260 4
-0 2.5034e-06 254 8
-5.15625 -11.7266 262 8
-1.0498 2.04883 126 4
-8.09375 10.3438 152 4
1.94922 -3.69922 135 4
1.47461 4.92188 130 4
-4.64844 12.0938 189 4
0.324951 7.42188 236 4
-3.29883 14.9922 166 4
-3.87305 8.77344 237 4
1.6748 -4.82422 137 4
-2.72461 4.67188 132 4
3.59961 -7.39844 149 4
1.39941 0.849609 126 4
-4.29688 11.9453 157 4
-13.8984 4.49609 221 4
-7.79688 6.09766 147 4
-7.64844 2.14844 169 4
-8.10623e-06 -0 255 4
-3.02344 -6.47266 263 4
-1.57422 0.224976 255 4
-0 2.49147e-05 254 2
-17 -35 243 2
-20 -13 255 2
3.49805 -10.5 199 2
-7.29688 -9.84375 221 4
-3.72461 -9.46875 176 4
-4.87109 -9.82031 188 4
-0.599609 -1.19922 147 4
-16.8906 -2.39844 240 4
-10.6719 -6.125 216 4
-7.64844 -2.19922 174 4
-7.52344 0.0749512 170 4
-1.97559 -2.85938 160 8
0.00276756 -0.00275421 254 16
0.072876 -0.0104065 254 8
5.82422 -6.17188 246 4
10.7734 -8.07031 213 4
-8.10623e-06 -0 255 4
4.79688 -2.44922 246 4
-0 2.5034e-06 254 8
-0.093689 -0.093689 255 8
-2.69922 -0.25 257 4
-8.10623e-06 -0 255 4
-18.8125 -5.02344 243 4
-21.2656 3.17383 240 4
-8.10623e-06 -0 255 4
-8.10623e-06 -0 255 4
-18.7188 -1.77441 247 4
-16.8906 -0.649902 232 4
-9.89844 1.64941 157 4
-10.0469 1.09961 160 4
10.3672 -0.874512 137 4
9.32031 -2.02344 141 4
-15.375 1.62402 175 4
-8.625 0.0749512 166 4
8.375 -0.424805 134 4
-0.149902 0.949707 144 4
-8.10623e-06 -0 255 4
-1.27441 -0.374756 256 4
-20.75 0.499756 235 4
-18.1406 -1.2998 236 4
-8.125 -3.17383 264 4
-15.7188 -14.0703 263 4
-13.5469 -4.29688 225 4
-5.84766 -2.74805 194 4
0.970215 1.71387 155 8
2.18945 1.75586 153 8
11.0938 -14.1484 181 4
3.5 -5.14844 141 4
9.42188 -14.875 224 4
8.71875 -10.8203 163 4
1.80762 2.14648 126 8
2.54883 -9.94531 254 4
3.39844 -12.9453 208 4
-11.1953 -12 264 4
-8.02344 -10.8203 203 4
4.54688 -8.19531 156 4
0.924805 6.62109 146 4
-5.22266 -4.37109 156 4
-4.75 3.09961 155 4
4.9375 0.662109 126 8
4 -2.37695 138 8
-1.84473 4.24609 166 8
-0.803223 -5.5 179 8
-6.07422 -5.57422 202 4
5.44922 -7.04688 167 4
0.949707 2.09961 178 4
1.0498 -3.34961 184 4
3.32812 -0.0163574 140 8
0.142822 2.70508 176 8
6.99609 -1.69922 171 4
4.04688 2.09961 157 4
-2.52344 -4.62109 197 4
8.96875 9.32031 161 4
3.91211 3.40625 156 8
-0.524902 -6.875 173 4
3.87305 1.47461 147 4
11.2188 -0.274902 169 4
12.3438 1.94922 167 4
7.54688 5.82812 175 8
12.7188 0.224976 220 4
10.3984 -2.75 224 4
-8.10623e-06 -0 255 4
-8.10623e-06 -0 255 4
-8.625 -7.69531 250 8
-5.49219 2.4375 184 8
-2.83594 -2.2793 169 8
0.577148 4.21094 141 8
-6.12891 8.03125 219 8
-0.694824 0.876465 252 8
4.17188 8.17188 169 4
3.27344 6.17188 199 4
-3.92383 10.6172 195 4
-1.77441 9.125 228 4
0.644043 0.950684 247 8
2.30078 2.4375 132 8
-2.19922 0.899902 149 4
-4.02344 2.67383 156 4
5.72266 -4.77344 156 4
5.29688 3.84961 140 4
-3.18555 5.56641 147 8
-2.32422 -5.57422 183 4
1.0498 8.34375 160 4
-4.09766 -3.75 157 4
-6 6.54688 152 4
-0.399902 9.74219 163 4
-2.62305 14.9688 205 4
7.92188 12.6172 159 4
8.84375 11.2969 205 4
-0 2.5034e-06 254 8
-10.4609 5.27344 223 8
-7.89453 0.542969 259 8
-0.15564 0.158447 253 32
1.48926 2.18164 130 8
3.2793 2.45898 130 8
2.80664 6.33594 131 8
3.78516 -2.6543 168 8
2.25 4.46875 148 8
3.22461 8.92188 189 4
11.0234 4.77344 217 4
-1.07422 10.7734 204 4
-1.07422 1.72461 252 4
0.642578 6.94141 160 8
5.49609 10.8438 205 4
0.599609 0.599609 252 4
-0.274902 7.82422 235 4
-8.10623e-06 -0 255 4
5.9375 6.41016 150 8
8.97656 0.723145 189 8
8.77344 -2.82422 209 4
6.72266 8.42188 218 4
4.375 -0.824707 245 4
0.524902 0.524902 252 4
-0 2.5034e-06 254 8
9.52344 -3.32422 185 4
5.22266 9.42188 183 4
11.0703 -1.02441 224 4
7.44922 0.949707 219 4
0.574219 0.904297 248 8
0.104126 -0.113037 254 8
-1.93848 0.816895 255 8
-0.104797 -0.00555801 255 32
8.67969 0.841797 169 8
6.33203 -5.17188 178 8
0.917969 -0.0609741 250 8
8.54688 -3.79883 237 4
14.4688 -4.12109 203 4
-8.10623e-06 -0 255 4
0.149902 -0.149902 254 4
4.08203 4.63672 156 8
8.22656 0.798828 176 8
11.5703 0.674805 194 4
8.24219 7.99609 211 4
4.02344 -0.224976 245 4
0.674805 0.624512 252 4
2.39844 -0.999512 250 4
-1.37402 -7.57422 242 4
-8.10623e-06 -0 255 4
-4.375 -16.7188 250 4
-0.147583 0.131714 254 16
-0 2.5034e-06 254 8
-2.07422 -3.92383 260 4
-1.12402 -11.3672 221 4
-0.924805 -8.42188 261 4
1.89941 -2.79883 207 4
-0.400146 -0.325684 256 8
1.04004 -6.72266 247 8
1.55762 -4.03125 207 8
2.89258 4.76172 175 8
-6.125 -8.07031 217 4
3.39844 8.94531 179 4
-0.699707 5.30481e-06 188 4
0.974609 4.77344 201 4
3.58594 3.67773 206 8
-0.958008 5.38281 226 8
-0 2.5034e-06 254 8
1.66504 1.41211 240 8
-0 2.5034e-06 254 8
0.517578 1.94043 189 8
-3.8418 5.39062 224 8
3.58008 -0.608398 195 8
2.86133 6.27344 192 8
0.00248909 0.148804 253 16
-0.148682 1.41895 225 8
-8.21094 -4.04688 266 8
2.57422 0.224609 239 8
2.12305 -11.875 236 4
-1.07422 -5.17188 188 4
-5.17188 -14.3672 251 4
0.324951 -2.92383 181 4
-14.1484 -3.14844 252 4
-6.37109 5.77344 229 4
-4.34766 1.25 190 4
1.6748 14.3672 191 4
0.749512 0.285645 249 8
2.90625 9.92188 160 8
0.104126 0.145752 253 8
-8.10623e-06 -0 255 4
-6.67188 -10.1719 267 4
-2.44922 -3.34961 260 4
-8.79688 -14.7969 244 4
-6.625 -12.6719 223 4
1.2998 4.74609 173 4
0.0999756 0.299805 176 4
7.47266 5.37109 170 4
-12.9922 -15.4453 271 4
-7.69922 -8.29688 203 4
-12.1719 -15.2188 224 4
-1.22461 3.07422 160 4
3.12891 7.75781 172 8
1.59961 3.64844 193 4
0.199951 11.4922 211 4
13.6484 6.89844 192 4
6.54688 5.69922 227 4
-0 2.5034e-06 254 8
-0.133911 0.663574 252 8
-0 2.5034e-06 254 8
0.0557556 0.0311432 253 32
0.188232 -0.51123 256 32
0.75 -1.42188 252 8
-1.0498 2.79102 241 8
-3.36328 3.48047 236 8
0.535645 0.12793 237 8
-0.0803223 -0.0744019 255 8
-1.75586 -1.82129 262 8
0.648438 0.851074 247 8
0.120483 -4.55469 261 8
-0.924805 -1.72461 217 4
1.5498 8.54688 217 4
-1.39941 -5.69922 224 4
-2.25 7.94922 218 4
-2.79492 -2.81836 255 8
1.27441 -6.42188 223 4
-1.39941 6.39844 212 4
5.04688 -5.14844 224 4
-0.824707 -1.52441 212 4
-2.91992 -1.56934 233 8
-5.85547 -0.797363 264 8
-10.2188 -5.37109 264 4
-9.69531 -7.19922 240 4
-3.54883 -3.04883 222 4
4.79688 0.0499878 204 4
0.737793 0.37793 204 8
4.375 6.3125 191 8
0.00847626 -0.0580444 255 32
2.22461 -6.52344 250 4
3.44922 -4.79688 219 4
-7.22266 -9.61719 258 4
2.24805 -1.25 218 4
3.78711 -0.75293 199 8
3.10938 2.64453 226 8
2.76758 -0.944824 243 8
3.72852 5.23828 203 8
0.529297 0.476074 250 8
0.670898 0.632324 249 8
-0 2.5034e-06 254 8
5.1856e-06 -3.75509e-06 255 16
5.1856e-06 -3.75509e-06 255 16
0.0388794 -0.000923157 25 32
0.208984 0.204956 22 16
0.983398 3.96484 19 16
0.0211334 0.119446 27 16
0.327148 5.28906 33 16
-0.144775 0.348877 18 32
0.269531 0.149536 25 16
0.635742 7.00391 29 16
0.046936 0.712402 21 16
-0.102661 9.16406 22 8
-0.339111 5.55469 95 8
0.56543 4.74609 39 8
-1.62109 3.89453 95 8
-1.39648 6.33203 96 8
2.31836 0.093689 128 8
3.95508 4.12109 82 8
0.651367 3.41016 127 8
-5.76562 6.70703 159 8
-8.17188 6.13672 216 8
1.14941 -1.2627 143 8
-7.27344 0.974609 154 4
-9.27344 9.52344 162 4
4.39844 1.09961 135 4
0.749512 0.649902 145 4
0.24585 3.51367 108 16
0.824219 -2.30859 161 8
2.62891 2.90625 140 8
0.0163727 -1.73047 162 8
-4.97266 -1.625 156 4
-11.3672 1.6748 171 4
-0.125 -5.67188 140 4
-2.82422 1.82422 132 4
-0.449951 0.449951 254 4
-8.10623e-06 -0 255 4
-5.32422 11.9688 230 4
-8.10623e-06 -0 255 4
-1.74805 -1.29883 262 8
-11.1953 15.6484 198 4
-9.14844 1.59961 255 4
-4.69922 11.1484 161 4
-5.77344 2.37305 211 4
-11.1797 -10.8438 272 8
-1.4248 -1.07422 257 4
-9.11719 -2.92383 263 4
-14.9688 -9.27344 256 4
-14.3438 -6.39844 226 4
-12.2656 -10.2031 252 8
-8.47656 -5.00391 184 8
-10.375 -4.92188 152 4
-2.875 -0.0749512 117 4
-1.375 0.874512 105 4
-1.44922 3.04883 104 4
5.67188 4.27344 156 4
-4.54688 -0.0999756 194 4
-2.94922 -0.549805 188 4
-6.84766 -8.04688 186 4
-5.54297 -8.5 176 8
-7.77344 -1.77441 168 4
1.2998 -3.14844 153 4
-5.22266 2.97461 135 4
-8.59375 -6.14844 160 4
-4 -12.8438 133 4
-1.6748 4.17188 89 4
-3.75 -5.64844 112 4
5.24609 1.19922 95 4
-5.69922 0.299805 117 4
0.824707 2.375 103 4
5.5 2.04883 88 4
2.72461 6.67188 105 4
3.28711 -0.386719 114 8
2.7168 6.26172 100 8
5.74609 2.625 125 8
1.13281 1.41016 133 16
0.588867 -1.76758 166 8
-2.43555 -3.51562 141 8
-2.00391 -4.43359 180 8
-0.94043 -5.58984 126 8
-1.0918 2.88086 143 8
-3.63867 -1.90723 167 8
-1.75977 3.10547 124 8
-3.48828 -5.70312 151 8
-4.25391 -3.11914 158 8
1.16797 -1.98047 102 8
-1.30859 3.54688 99 8
0.651367 -0.187378 118 8
-3.85156 -2.58398 121 8
1.06055 6.57031 84 8
-0.363037 0.880859 88 8
2.75 8.875 78 8
4.32422 3.4668 133 8
-1.47559 3.05859 178 8
-5.98828 -0.200806 172 8
-4.22266 0.924805 174 4
-5.27344 -9.07031 178 4
-3.64844 6.34766 145 4
-0.949707 -10.2969 157 4
2.11133 2.19922 81 8
0.399902 8.49219 103 4
-6.42188 -2.02344 140 4
-3.94922 -2.74805 119 4
-5.32422 -3.67383 111 4
-1.14941 -10.2969 123 4
-2.52344 5.57422 90 4
0.624512 -7.47266 115 4
-3.27344 0.424805 88 4
-2.44922 -2.69336 101 8
-5.84375 -1.21484 119 8
-6.87891 -0.389648 139 8
-0.15625 1.12012 70 8
2.92383 4.01953 72 8
7.0625 2.56445 13 8
2.79297 -2.375 34 8
-4.58203 2.28125 59 8
-1.40527 -4.32812 66 8
0.340576 -0.424072 19 16
0.644043 -0.0417175 37 16
0.516113 -2.57227 37 8
1.7002 0.09375 12 8
-1.03418 -1.75391 38 8
2.70898 3.68164 10 8
0.356201 2.62109 11 16
1.08691 3.66406 44 8
-1.37793 2.59766 87 8
-1.33691 1.6084 56 8
-3.24805 0.493896 81 8
1.58887 4 12 8
1.39062 0.649902 38 8
5.22266 3.05078 28 8
2.80078 5.70312 44 8
5.9375 4.07422 39 8
3.58203 1.04395 77 8
1.27637 0.541504 102 8
-1.32422 -2.63086 108 8
-0.748047 -1.30664 59 16
1.99609 0.0803223 25 8
6.32422 8.82031 24 4
2.62305 -0.124939 63 4
-0.149902 4.64844 58 4
-3.32422 0.0749512 76 4
-0.356934 2.23633 27 8
-2.22461 2.27344 52 4
3.64844 5 53 4
7.09766 11 51 4
8.82031 4.77344 83 4
-0.238647 -1.79492 58 16
-0.0491028 5.36719 18 8
0.141357 5.48828 80 8
1.40625 6.16406 22 8
-3.23047 3.23047 97 8
3.24023 4.97266 59 8
4.55859 2.74023 71 8
3.79883 9.5 71 4
0.899902 3.39844 113 4
5.87109 3.42383 104 4
1.82422 1.82422 120 4
0.481934 -1.13086 125 8
-0.904297 -3.55273 120 8
-0.102661 -0.462646 77 8
0.0877686 -5.46875 115 8
-0.703613 0.837402 85 8
-0.999512 0.464844 119 16
0.568359 -3.92383 116 8
2.85547 0.360107 85 8
-0.0446167 -3.0918 120 8
-2.89258 -1.21484 107 8
-3.19336 2.67188 113 8
-1.50977 -3.61719 116 8
-4.35938 2.04688 95 8
-2.32422 -1.53711 88 8
-0.535645 2.66602 88 8
-5.44531 -1.47559 122 8
-2.92383 -2.57422 90 4
-5.94922 -0.149902 80 4
2.29883 -1.0498 71 4
7.42188 5.07422 63 4
5.81641 -0.446289 65 8
0.274902 -5.92188 90 4
5.52344 1.77441 62 4
-0.249878 -3.5 87 4
0.75 2.89844 89 4
3.28125 0.367432 75 8
-1.33887 0.681152 76 8
-0.544434 3.22266 85 8
4.02344 7.24219 74 8
4.25391 -3.84375 132 8
0.00149345 8.89062 96 8
-0.093689 -2.04883 158 8
-5.32422 -6.97266 114 4
-2.52344 -1.125 81 4
-4.39844 -1.7998 82 4
2.54883 2 67 4
1.01465 1.14258 68 8
5.22266 0.0249939 72 4
-0.699707 3.14844 76 4
3.62305 -0.474854 95 4
2.04883 -4.89844 84 4
-0.996582 1.56543 76 8
4.40625 3.08398 67 8
0.278076 -0.47168 109 8
-3.64844 3.25 100 8
-2.44922 -5.19922 108 4
2.69922 9.64844 86 4
0.399902 2.64844 89 4
0.699707 7.34766 107 4
3.1875 -6.47266 121 8
3.83984 2.32227 67 8
0.574707 -8.67188 149 4
5.92188 -3.57422 100 4
-6.27344 -6.82422 147 4
-0.849609 0.899902 114 4
1.16211 -1.00098 115 8
1.21484 1.48633 77 8
3.12891 4.50391 84 8
1.82422 -1.1748 91 4
3.29883 6.59766 92 4
10.5703 6.92188 82 4
12.4219 0.824707 108 4
3.42969 3.32422 118 8
-0.526367 0.446289 72 8
-3.10547 1.1084 92 8
2.51758 -3.10547 82 8
2.89844 3.09375 60 8
-2.16211 7.75 94 8
-2.9375 -3.75391 157 8
-1.97461 3.02344 91 4
-4.37109 8.07031 105 4
4.29688 -2.89844 99 4
1.14941 3.69922 98 4
-1.02734 0.0252838 118 8
-0.282715 -3.01367 94 8
0.288574 3.51758 79 8
1.54102 1.76758 72 8
3.4668 3.37695 73 8
-0.242188 0.206421 106 16
0.938965 1.00098 116 8
0.841797 -0.232056 118 8
-0.255859 0.0565186 126 8
-1.44922 -6.04688 127 4
-0.324951 10.1719 112 4
1.69922 -1.84961 111 4
-1.2998 9.44531 108 4
6.54688 13.3984 115 4
7.12109 0.774902 160 4
-0.125 7.42188 148 4
0.974609 3.27344 174 4
3.51953 0.348145 162 8
0.340576 5.28906 157 8
-1.53223 -0.883789 192 8
-2.37305 -0.437256 130 8
-0.813965 -1.31055 125 8
1.55469 2.86719 103 8
3.875 -2.11719 118 8
-8.03906 2.45898 156 8
-5.99609 0.238037 163 8
0.795898 -1.05176 119 8
2.17969 2.76953 109 8
-5.79688 -1.59961 153 4
4.27344 11.375 143 4
-2.49805 9.84375 125 4
-0.474854 5.27344 169 4
-4.44922 4.99609 201 4
-11.2969 -3.04883 228 4
-8.21875 -2.37305 191 4
-11.7734 -4.875 186 4
1.27441 9.36719 119 4
-6.22266 1.375 167 4
-3.19922 5.04688 129 4
-7 -4.44922 151 4
-2.50586 -2.14258 155 8
-12.7422 7.15234 221 8
-0.75 0.75 254 4
-8.10623e-06 -0 255 4
-11.7734 10.2734 235 4
-0.824707 0.824707 254 4
-2.88867 3.21094 142 8
-10.0234 10.375 181 4
-8.92188 11.4219 229 4
1.49902 9.64844 147 4
3.625 11.7188 192 4
1.80273 -0.672363 122 8
4.99219 4.60547 117 8
4.83594 -6.01172 152 8
1.69922 14.9453 133 4
6.375 3.22461 181 4
-0.624512 15.9688 145 4
-3.39844 2.64844 210 4
8.3125 2.01367 124 8
6.02344 12.6719 154 4
-1.1748 7.32422 215 4
4.29688 6.54688 183 4
-1.72461 0.924805 211 4
-2.14062 -1.49219 210 8
-3.66016 -0.0535583 200 8
-0.615234 -0.0515442 258 16
5.1856e-06 -3.75509e-06 255 16
-3.71875 0.553223 231 8
-2.2168 1.10059 238 8
-0.899902 3.9043 192 8
2.2168 4.46094 212 8
0.0576172 0.161621 252 16
-3.79492 -8.1875 198 8
-6.125 11.0234 147 4
-7.5 2.94922 194 4
-4.75 7.94922 134 4
-8.17188 -0.324951 168 4
-3.81641 -1.67969 132 8
-1.9248 4.37109 116 4
-1.22461 -2.17383 128 4
2.17383 4.72266 107 4
8.79688 5.09766 120 4
-9.44531 -5.54688 198 4
-3.57422 -1.375 165 4
-4.87109 -1.97461 157 4
2.09961 4.49609 143 4
1.72559 4.07031 150 8
6.34766 7.89844 121 4
7.07422 5.77344 152 4
15.5469 14.2969 137 4
9.5 1.74902 191 4
8.79688 5.82812 163 8
-2.17383 -5.27344 109 4
2.39844 8.75 86 4
1.32422 1.9248 90 4
4.44922 6.59766 99 4
12.4688 11.8672 112 4
16.7656 12.6172 149 4
-1.34961 17.4844 143 4
0.0999756 14.1953 204 4
8.02344 4.77344 99 4
5.27344 5.82422 113 4
-1.22461 0.274902 127 4
3.79883 13.9453 121 4
5.10547 11.7812 158 8
0.924316 0.441895 241 16
6.81641 5.56641 169 8
1.71387 1.7998 239 8
0.861328 0.989258 246 8
-0 2.5034e-06 254 8
5.1856e-06 -3.75509e-06 255 16
5.1856e-06 -3.75509e-06 255 16
5.1856e-06 -3.75509e-06 255 16
3.17097e-05 -2.44379e-06 255 64
-1.87402 4.02344 112 4
0.624512 15.9688 132 4
4.57422 3.42383 117 4
4.37109 13.0703 141 4
0.299805 15.8438 198 4
0.149902 0.149902 254 4
0.549805 14.7969 199 4
-8.10623e-06 -0 255 4
-1.31543 6.09375 131 8
-4.14453 9.60156 203 8
-0.033783 -0.0303192 255 16
3.76758 3.37305 128 8
-2.11328 7.11719 173 8
-3.39844 2.84961 146 4
-3.47461 2.97461 157 4
10.5469 -0.199951 143 4
7.57422 1.1748 147 4
-1.7002 2.02344 170 8
-1.14844 2.25195 247 8
-0.149902 -0.149902 255 4
-9.79688 -10.8438 265 4
-6.87109 -7.92188 267 4
-5.37109 -4.77344 221 4
-9.36719 8.32031 211 4
-16.3125 -1.82422 253 4
-3.14844 4.14844 179 4
-4.52344 -1.9248 197 4
-8.29688 -10.1484 232 4
-0.324951 8.36719 187 4
-5.07422 -0.724609 185 4
-7.22266 6.47266 186 4
-0.542969 0.464844 253 16
5.1856e-06 -3.75509e-06 255 16
1.66895 5.3125 201 8
0.287109 0.438965 251 8
0.526367 5.68359 219 8
-0 2.5034e-06 254 8
5.1856e-06 -3.75509e-06 255 16
-0.013382 0.790039 184 8
3.52539 -3.04688 183 8
-2.62891 -1.28711 191 8
-5.94531 0.9375 198 8
1.09375 -0.537109 176 8
-6.52344 -2.67383 167 4
-5.12109 9.71875 151 4
0.824707 -5.77344 157 4
-4.09766 5.44922 142 4
-5.15234 -4.70703 198 8
1.95801 1.65137 136 8
-1.19141 -0.500977 150 16
-0.906738 1.37988 137 16
-3.37305 14.4219 192 4
-4.04688 3.59961 246 4
-6.57422 15.2734 177 4
-10.3203 3.07422 224 4
-1.04395 1.30566 251 8
-0.904297 4.00391 166 8
-1.22461 11.1172 226 4
-8.10623e-06 -0 255 4
-6.69922 12.3438 213 4
-0.524902 2.17383 250 4
5.1856e-06 -3.75509e-06 255 16
-1.54395 3.7793 160 8
-1.14941 13.8984 192 4
-0.0249786 3.72461 246 4
3.09961 12.1953 198 4
0.524902 0.524902 252 4
-0.126465 4.35547 154 8
-6.84766 12.3984 203 4
-1.47461 2.97461 250 4
3.47461 10.7734 180 4
-3 5.54688 241 4
-0.140503 -0.148315 256 16
-0.0306244 -0.0731201 257 64
-0.649414 -0.272461 258 16
-1.29688 -1.0498 261 8
-8.10623e-06 -0 255 4
-8.10623e-06 -0 255 4
-15.9219 0.224976 259 4
-25 -14.9922 259 2
-22.4844 -2.49805 232 2
5 -1.99902 208 2
10.9922 7 200 2
-19 3.73721e-05 247 2
-8.5 -4.5 235 2
8 4 221 2
12.9922 4 229 2
-14.9922 -9 237 2
-0.999512 -7.99609 210 2
17 -5.99609 225 2
13.5 -9.49219 224 2
1.6748 0.875 249 4
1.9248 -1.52441 252 4
11.8203 7.72266 192 4
9.25 2.25 224 4
1.22461 1.57422 249 4
-8.10623e-06 -0 255 4
5.1856e-06 -3.75509e-06 255 16
-0.116333 -0.0606384 255 16
-6.04688 -3.89844 264 4
-12.6719 -7.87109 254 4
-16.9844 -12 230 2
-6.49609 -2.49805 208 2
12.5 -1.5 210 2
16.4844 2.5 210 2
7.84766 2.44922 201 4
-6.125 -1.97461 219 4
3.47461 1.07422 197 4
8.21875 1.6748 207 4
6.09766 -1 221 4
1.39844 0.0654297 247 8
-0.365967 -2.86133 260 8
1.16504 2.01562 203 8
-2.34961 -7.09766 226 4
-1.5498 -12 192 4
-2.44922 -6.64844 215 4
3.49805 -5.84766 187 4
-2.99609 -3.91797 225 8
-3.96484 -2.20898 200 8
-0 2.5034e-06 254 8
-0.524902 -0.674805 256 4
-5.12109 -8.625 247 4
-0.724609 -3.27344 258 4
-1.19922 -11.7969 230 4
-0.171021 -0.171021 255 8
-0.34668 -8.44531 257 8
-1.08984 -4.35938 202 8
1.16602 2.48633 156 8
0.181519 -3.33008 186 8
4.4375 7.60938 147 8
5.1856e-06 -3.75509e-06 255 16
-0.424072 -0.718262 257 8
-6.5 -3.75 246 4
-4.27344 4.77344 240 4
-2.57422 -6.57422 227 4
-7.89844 5.34766 222 4
-0.354004 -4.39453 263 8
-1.21973 -1.62109 210 8
-3.88281 0.973145 255 8
-1.93359 -0.681152 255 8
4.14062 -1.2627 234 8
-3.1875 0.242554 232 8
-1.07422 1.02441 254 4
2.14844 -8.44531 255 4
-0.599609 2.14844 247 4
-3.97461 -8.92188 257 4
-0.883789 -3.65039 214 8
-4.93359 -4.01172 243 8
1.5 2.8125 186 8
-5.69531 -2.5 256 8
-3.41797 -4.5625 238 8
-2.44336 0.290039 212 8
-0.15625 -1.18848 194 8
1.19629 -1.8125 185 8
2.39844 12.2969 173 4
0.649902 0.649902 228 4
-3.84961 6.79688 182 4
-6.89844 7.14844 216 4
-0.75 -4.19922 193 4
2.44922 0.5 172 4
0.199951 -0.749512 178 4
6.02344 8.125 172 4
7.04688 5.61328 173 8
-3.52344 -1.12402 201 4
3.14844 4.79688 186 4
10.2969 6.69922 180 4
7.27344 -0.124939 210 4
1.41504 -2.79297 213 8
1.64941 10.1484 213 4
3.09961 -2.59961 249 4
-0.524902 6.82422 224 4
-2.24805 -2 253 4
-0.248413 -7.63281 232 8
0.849609 -1.5498 186 4
-1.89941 9.59375 196 4
-0.0999756 -2 181 4
-0.124939 9.125 181 4
0.545898 3.79297 228 8
5.59766 5.29688 177 4
9.19531 5.89844 188 4
5.99609 13.25 184 4
2.79883 -0.949707 238 4
1.16797 3.44727 231 8
-4.875 2.32422 162 4
-7.47266 3.57422 182 4
3.02344 -3.02344 159 4
5 4.09766 152 4
-7.04688 0.0999756 191 4
0.149902 3.24805 177 4
8.29688 4.34766 156 4
10.2734 6.47266 179 4
-1.1748 -1.32422 164 4
4.47266 8.36719 167 4
7.77344 8.375 155 4
3.62305 5.62109 197 4
7.57422 6.72266 193 4
3.47461 1.57422 226 4
-0.299805 1.7998 221 4
-3.34961 -1.69922 232 4
0.0249939 2.52344 197 4
-3.97461 4.37109 216 4
6.44922 -2.59961 209 4
1.14941 -0.299805 207 4
-7.19922 7.59766 239 4
-0.0749512 0.0749512 254 4
-0.774902 7.02344 210 4
-0.574707 3.57422 247 4
-0.449951 -3.34961 231 4
7.04688 2.79883 207 4
-2.72461 1.07422 221 4
3.54883 6.59766 229 4
2.73438 1.9873 232 8
1.94922 4.11719 185 8
-2.56836 -2.07422 233 8
3.27344 3.02344 206 4
-2.94922 -1.99902 224 4
0.75 -4 223 4
-4.19922 -4.84766 212 4
-3.6875 -1.26855 209 8
-1.28418 6.92188 211 8
-1.01172 -0.306396 257 8
1.82812 6.89844 193 8
-1.21094 -2.62695 254 8
2.05469 -5.59766 252 8
-4.39844 -6.69922 203 4
-1.75 1.44922 173 4
4.69922 -10.9453 197 4
-1.02441 0.674805 168 4
0.666504 -0.841797 254 8
4.77344 -12.0703 222 4
2.19922 -3.04883 170 4
5.77344 -12.4219 245 4
1.75 -11.75 195 4
-2.90039 1.15137 187 8
-9.44531 8.99219 211 4
-6.87109 -8.375 238 4
-3.27344 2.72461 188 4
-5.79688 -0.799805 205 4
-1.8418 0.75293 174 8
-3.05469 1.50684 181 8
-2.53711 -1.45508 262 8
-3.375 -10.375 262 4
2.39844 -12.0469 199 4
-6.57422 -8.96875 240 4
-5.04688 -7.09766 200 4
-4.66797 -5.69922 250 8
-9.21875 -7.62109 206 4
-1.0498 -1.59961 167 4
-0.299805 -2.54883 168 4
-1.82422 0.624512 163 4
0.946289 1.21094 162 8
-0.205322 0.166626 164 8
-2.61719 2.91211 166 8
-2.62891 -2.45508 180 8
-2.5332 -6.10938 234 8
-1.80859 1.20801 175 8
5.00391 -5.19922 204 8
8.42188 3.32422 171 4
3.37305 -6.62109 183 4
-4.67188 -1.07422 206 4
-4.5 -5.29688 194 4
-5.8125 6.02344 218 8
-2.69336 -1.36523 249 8
-3.625 3.30469 178 8
-5.02344 4.98438 208 8
4.57031 -2.0918 235 8
7.47266 -5.77344 204 8
-0 2.5034e-06 254 8
1.84961 -2.79883 253 4
5.52344 -5.87109 225 4
-8.10623e-06 -0 255 4
3.07422 -0.724609 248 4
3.73633 -2.97461 169 8
-2.25977 5.09766 166 8
3.89844 -5.39844 203 4
1.1748 -5.07422 194 4
6.67188 -12.4688 238 4
-1.22461 -9.86719 202 4
-0.117554 -0.403076 168 8
0.200806 -5.6875 217 8
0.105652 -2.75391 175 8
8.09375 -1.2998 230 4
11.6719 -7.62109 211 4
-6.97266 4.62109 239 4
-5.97266 -3.02344 253 4
8.08594 -4.76172 189 8
2.60742 1.22168 151 8
2.36719 0.806152 147 8
2.69727 -1.96875 171 8
-0.913574 -2.81445 172 8
-6.00781 -2.56055 235 8
-8.05469 3.91797 226 8
-2.69141 -0.00445557 179 8
-1.85059 0.380859 171 8
6.47266 -2.77344 230 4
12.6953 -9.19531 201 4
-14.125 3.17383 231 4
-10.0938 -2.39844 231 4
1.34375 -5.73047 183 8
-3.23242 -1.36719 188 8
-1 0.217163 161 8
-4.73047 -2.6875 265 8
-0.995117 -3.20312 217 8
-1.06934 -1.38477 211 8
3.67969 1.87793 189 8
0.987793 1.06836 190 8
3.06445 2.96094 197 8
1.57715 -1.41309 206 8
2.18555 6.17578 210 8
4.82031 3.89844 187 8
5.47266 4.02344 214 4
-0.824707 -2.47461 239 4
0.274902 -3.12305 247 4
1.72461 -0.0749512 224 4
0.157715 0.0684204 251 8
-1.89941 -7.34766 251 4
3.47461 4.875 236 4
2.07422 4.32422 234 4
0.324951 0.374756 253 4
4.76172 2.58008 210 8
0.224609 0.248413 252 8
0.0208282 0.0208435 254 8
-1.92676 -1.26562 262 8
3.52344 6.47266 221 4
1.07422 -3.37305 251 4
1.82422 3.32422 243 4
-2.22461 -5.37109 259 4
-3.125 -12.3203 235 4
-3.09961 0.449951 189 4
-0.949707 -9.54688 231 4
2.19922 -2.25 189 4
-0.646973 -5.32422 264 8
-7.25 -5.19922 215 4
-2.29883 1.44922 188 4
5.04688 -4.34766 199 4
2.42383 -3.67383 181 4
-0.00891876 6.43359 204 8
0.052063 0.052063 254 8
-1.09473 8.92188 197 8
-0 2.5034e-06 254 8
0.979004 -1.5498 254 8
4.09766 -9.54688 221 4
-2.75 0.549805 192 4
-4.07422 -14.1719 251 4
3.69922 -0.25 179 4
-5.30859 -3.84766 259 8
-1.84961 -3.14844 217 4
1.97461 2.42383 192 4
-1.4248 -2.57422 201 4
-1.14941 7.44922 189 4
1.93066 8.84375 194 8
-0 2.5034e-06 254 8
0.767578 5.29688 223 8
-0 2.5034e-06 254 8
0.215698 -0.330078 253 32
0.0416565 -2.77539 224 8
-0.774902 -5.72266 215 4
-0.399902 8.64844 187 4
2.77344 -3.125 201 4
-1.84961 5.04688 194 4
0.791504 -3.90039 230 8
-2.25 -1.39941 212 4
4.72266 3.32422 193 4
-0.25 -0.299805 200 4
1.89941 9.79688 209 4
-1.83301 5.55469 229 8
-0 2.5034e-06 254 8
6.79688 7.84766 205 4
0.699707 1.0498 251 4
1.97461 1.6748 247 4
-8.10623e-06 -0 255 4
-0 2.5034e-06 254 8
7.19922 0.249878 235 4
-0.699707 -12.1484 245 4
-4.17188 -3.72461 261 4
-2.29883 -9.54688 231 4
2.7168 9.03906 182 8
-5.34766 -6.54688 239 4
-3.09961 -3.59961 210 4
-4.14844 -5.39844 217 4
9.57031 8.11719 183 4
6.97266 7.67188 195 4
1.59961 5.19922 239 4
5.92188 6.07422 227 4
-8.10623e-06 -0 255 4
0.0205078 -0.0317078 254 16
0.088562 -0.229492 255 16
-9.17188 -13.8203 255 4
-0.875 -4.625 190 4
6.64844 -9.14844 222 4
4.99609 -1.2998 178 4
4.40625 -0.648438 171 8
-1.52441 -9.02344 251 4
5.32422 0.774902 196 4
7.27344 -4.67188 239 4
9.96875 3.32422 220 4
5.51172 -1.94434 208 8
-0.0310516 0.00147724 255 16
-0.692383 -1.75977 265 16
3.10156 -2.37305 171 16
-1.02148 0.0252838 165 8
0.318359 3.29297 146 8
2.22852 -0.963867 154 8
1.69434 3.11914 147 8
-0.832031 -3.70312 236 16
-0.572754 -3.53906 184 8
0.59668 3.11328 151 8
-1.29102 -2.14453 173 8
0.151733 0.702148 156 8
-2.7168 -2.7168 267 8
-2.64453 1.79395 252 8
-0.553223 -7.82422 259 8
-4.23047 2.4043 215 8
0.538574 -3.70703 251 8
0.316895 -2.54297 229 8
-5.89844 2.49805 249 4
0.674805 -0.674805 238 4
-6.34766 6.59766 218 4
-0.924805 1.27441 235 4
-2.32617 -2.28125 242 8
3.32812 -3.75 231 8
2.80664 -2.64844 203 8
1.10547 -0.587402 250 8
2.86719 -6.63281 246 8
-3.25 3.19922 196 4
-10.0469 6.99609 227 4
2.67383 -0.324951 191 4
0.199951 0.899902 193 4
-3.75 -6.74609 241 4
-3.32422 -3.87305 208 4
-4.19922 4.29688 209 4
3.72461 -6.72266 206 4
-0.498291 -1.02441 202 8
-2.53711 3.98633 194 8
-2.08984 -0.852539 224 8
-2.02344 -6.625 206 8
-0.521973 -1.14941 216 8
1.5625 -5.19141 200 8
-0.720215 -0.166626 161 16
-1.82422 1.80566 196 8
-0.450684 -5.76172 204 8
2.32422 -3.67383 191 4
-3.32422 3.37305 192 4
2.84961 -4.14844 211 4
0.449951 -2.04883 186 4
-3.11719 -7.42969 207 8
-0.321289 -1.18262 162 16
-0.586914 -0.552246 179 16
-1.11621 0.601562 169 16
-0.27417 0.144653 168 16
3.00195 0.984863 157 8
4.65625 -1.39941 166 8
-0.776367 3.80859 177 8
4.63281 2.32031 201 8
-3.38672 5.52344 217 8
-0.560547 2.00391 244 8
-3.56055 5.96875 190 8
-0.790039 4.70312 230 8
0.00202942 0.00239944 254 16
7.12109 9.32031 172 4
12.9219 4.42188 199 4
-3.44922 11.7422 180 4
-2.39844 8.19531 238 4
0.920898 0.813965 247 8
5.92188 -2.82422 200 4
-1.1748 12.9219 222 4
1.6748 -4.77344 231 4
-0.924805 7.92188 233 4
-0 2.5034e-06 254 8
5.1856e-06 -3.75509e-06 255 16
2.33008 0.69043 159 8
0.174072 3.11133 161 8
-2.7207 1.10547 160 8
0.223145 5.64062 160 8
7.99609 5.04688 184 4
13.5234 3.92383 196 4
-2.97461 5.67188 194 4
-9.34375 9.89844 224 4
2.41797 1.77051 235 8
8.92188 7.375 191 4
11.75 0.549805 216 4
1.72461 9.96875 226 4
-8.10623e-06 -0 255 4
0.618652 0.800293 248 8
0.388184 -1.29004 161 8
1.30566 8.48438 146 8
0.398682 -0.336182 158 8
0.553223 9.50781 153 8
0.296631 0.807617 244 16
0.0764771 0.0652466 252 32
0.0191956 -0.023056 254 64
0.81543 -2.29102 170 8
-0.422607 9.67188 165 8
-1.23047 -1.08691 169 8
-2.27344 3.99609 175 8
-2.91602 1.79688 249 8
-0.340576 0.540039 253 8
-5.62109 1.9248 218 4
0.274902 11.3203 221 4
-4.44922 3.59961 194 4
-5.84766 12.5938 221 4
-0 2.5034e-06 254 8
-0.62793 1.16113 157 16
-2.48633 6.51172 182 8
-1.59961 2.86914 245 8
1.14648 7.69922 164 8
0.645508 3.68555 232 8
-1.66893e-06 -2.00272e-05 255 32
0.0805664 1.14355 147 16
-2.01953 4.9375 187 16
-0.264648 1.48047 142 16
-3.2168 1.12012 172 8
-3.57812 7.92578 180 8
6.23438 2.75391 137 8
3.14844 6.79688 152 4
0.624512 6.77344 191 4
9.77344 2.97461 184 4
3.09961 1.94922 203 4
-0.122742 0.220581 252 32
-0.301025 -0.570312 264 32
-0.0113907 0.328369 247 32
5.1856e-06 -3.75509e-06 255 16
1.29883 -2.99219 254 8
-1.62305 -0.0252838 237 8
0.178467 -0.535645 255 8
-0.883789 -2.05859 236 8
-0 2.5034e-06 254 8
-0.416504 -0.0773315 256 8
-0.0535583 -0.553223 256 8
-1.39941 -3.84375 246 8
-1.62598 -1.6084 261 8
0.392822 -2.52539 238 8
-4.65625 2.125 230 8
-1.81641 -5.04297 242 8
-0.602539 1.67383 239 16
5.1856e-06 -3.75509e-06 255 16
-0.891113 3.30859 210 16
5.1856e-06 -3.75509e-06 255 16
5.1856e-06 -3.75509e-06 255 16
-0 2.5034e-06 254 8
-8.10623e-06 -0 255 4
4.24609 -13 249 4
-8.10623e-06 -0 255 4
-1.22461 -8.07031 259 4
-0.0312347 -0.0312347 255 8
-4.53516 -4.52344 266 8
-0.151855 -0.119568 256 16
-2.23633 -2.875 267 8
-1.39941 -8.39844 237 4
2.64844 7.79688 208 4
-0.224976 2.57422 209 4
2.34961 8.44531 226 4
-2.73633 -7.04688 260 8
-1.58691 7.42578 205 8
3.17383 -0.824707 199 4
-0.824707 13.1719 216 4
-2.09961 -5.25 229 4
1.12402 10.3203 217 4
-0 2.5034e-06 254 8
2.82617 5.87109 208 8
-0 2.5034e-06 254 8
0.00139141 -0.00118732 254 16
0.0596313 0.0568848 253 16
-0.106689 -0.248413 256 16
-0.324707 -2.65625 265 16
-3.59961 -3.99805 224 4
3.94922 1.69922 200 4
4.07422 2.72461 209 4
5.89844 6.64844 213 4
6.82422 -1.1748 211 4
5.07422 10.6719 218 4
3.87305 1.22461 243 4
0.674805 0.674805 252 4
0.709473 4.68359 217 8
-0.217163 0.211304 254 8
-0.263184 -0.739258 257 8
-4.69922 -6.25 245 4
4 3.64844 215 4
-1.125 -3.67383 233 4
1.57422 5.22266 228 4
-1.00684 -4.46094 258 8
-1.27344 1.96973 222 8
0.432861 0.535645 244 16
-1.66893e-06 -2.00272e-05 255 32
-0 2.5034e-06 254 8
0.827148 -6.43359 254 8
-0 2.5034e-06 254 8
0.883789 -1.94043 255 8
0.923828 -1.77148 204 8
-1.74219 -1.52441 188 8
5.09766 -2.85547 213 8
4.67188 -4.72266 185 4
1.27441 -0.125 167 4
5.09766 -9.14844 211 4
1.4248 -7.52344 177 4
-0.709473 0.278076 254 8
-3.66992 0.209717 259 8
-6.875 -0.374756 245 4
-11.5234 -4.125 246 4
8.32031 -5.07422 224 4
5.09766 -2.59961 209 4
-2.52734 -0.837402 216 8
0.432861 -2.23242 255 8
-1.81641 -5.40625 220 8
-7.83203 1.62012 237 8
-1.32422 -7.85156 217 8
-3.72461 3.125 200 4
1.09961 -10.25 200 4
-2.92383 5.97266 181 4
-1.39941 -8.64844 197 4
0.59668 -2.04297 153 8
-3.56836 -0.501465 183 8
4.84766 0.75 149 4
6.69922 3.79883 150 4
9.84375 7.59766 166 4
4.44922 -5.39844 191 4
0.374512 -1.06836 151 16
1.32422 -4.92188 172 4
4.77344 9.77344 152 4
-1.5498 -2.84961 174 4
5.875 12.9219 167 4
6.72266 7.77344 198 4
3.04883 -11.0469 220 4
1.75 1.25 226 4
2.75 -7.29688 226 4
2.77344 6.07422 152 4
-2.27344 9.77344 192 4
0.224976 8.32031 160 4
-5.92188 0.574707 197 4
-4.95312 2.60547 225 8
1.9668 -4.46094 172 8
1.34375 -0.691895 148 8
0.458252 -7.71094 205 8
-0.114563 -2.3125 164 8
-0.0446167 -6.42578 261 8
2.25195 -0.249878 198 8
2.2168 -4.82812 250 8
3.73242 3.95508 201 8
3.91211 -2.59375 183 8
-0.276611 -3.18359 184 8
3.50586 -3.59961 219 8
2.14844 -1.95605 187 8
0.509766 -0.705078 251 16
-2.4082 -5.90625 254 8
2.2793 -0.321289 194 8
0.84668 -1.50391 222 8
0.962402 -1.84961 212 8
-0.0476074 1.83887 160 8
-2.7168 3.08789 185 8
3.41992 1.07227 170 8
4.94141 -0.197876 173 8
-0.970215 -6.46094 200 8
-0.571289 -0.898438 152 8
1.82812 -5.10938 180 8
-1.54297 -0.406006 149 8
-0.00445938 3.4082 187 8
-0.649902 3.24805 219 4
4.37109 -4.32422 222 4
-8.19531 -2.79883 218 4
-10.8984 -2.34961 213 4
-0.493896 -0.455322 204 8
-1.7168 -3.86133 185 8
2.82422 -3.92383 206 4
-0.0250092 -12.9688 192 4
-9.77344 1.97461 203 4
-2.54883 -10 187 4
-0.662109 -0.888184 143 8
-2.61523 -0.883789 166 8
0.723145 0.214233 135 8
0.0965576 0.1604 244 64
0.00138569 -0.00137901 254 16
3.09961 -1.53809 234 8
1.51758 -3.03125 224 8
-2.38477 -2.2207 265 8
-3.37305 -2.90625 242 8
5.1856e-06 -3.75509e-06 255 16
1.35645 -5.46094 256 8
3.19727 0.65918 206 8
1.04004 -0.912109 252 8
2.61719 0.212769 239 8
1.95312 -3.67578 203 8
0.19043 -3.13867 175 8
6.47266 3.67383 210 4
3.04883 -7.09766 224 4
-0.375 6.32422 231 4
3.74805 -6.29688 241 4
2.23633 -9.14062 195 8
0.308594 -0.250977 149 16
-4.39844 3.94922 226 4
-6.19922 -3.79883 245 4
2.94922 -0.799805 226 4
-0.774902 -7.42188 229 4
-4.09766 -11.3984 213 4
-0.524902 -2.72461 156 4
-1.875 -10.5234 196 4
1.64941 0.599609 148 4
5.54688 -4.79688 240 4
1.0498 -9.74219 225 4
0.224976 -0.224976 254 4
3.84961 -15.5469 243 4
1.71191 -3.47656 175 8
-0.0454712 -0.525391 160 16
5.1856e-06 -3.75509e-06 255 16
5.1856e-06 -3.75509e-06 255 16
-0.714844 -0.876465 263 16
-0.0104218 0.00744247 254 8
-0 2.5034e-06 254 8
-6.37109 1.02344 253 8
-8.10623e-06 -0 255 4
-8.10623e-06 -0 255 4
-6.87109 2.17383 250 4
-11.6484 -4.79688 257 4
-8.10623e-06 -0 255 4
2.39844 -17.4375 255 4
-8.10623e-06 -0 255 4
1.24902 -13.3438 259 4
1.47461 -3.42383 181 4
4.54688 2.79883 170 4
0.874512 -3.27344 189 4
7.04688 8.69531 181 4
-8.10623e-06 -0 255 4
-2.44922 -13.0469 261 4
-8.10623e-06 -0 255 4
4.375 -11.1719 248 4
4.02344 0.774902 188 4
6.02344 9.36719 209 4
8.94531 6.99609 203 4
1.875 1.87402 247 4
6.34766 -6.25 184 4
0.499756 -3.09961 158 4
4.32422 -12.1719 217 4
0.249878 -7.34766 165 4
-1.36426 0.917969 150 8
4.19922 -15.2969 233 4
3.39844 -7.54688 169 4
0.424805 -16.3594 258 4
-1.32422 -7.27344 182 4
0.361572 -2.14062 159 8
0.334717 -0.370361 254 8
-0.763184 -0.950684 258 8
-3.87305 -4.32422 262 4
-5.44922 5.39844 241 4
-11.6953 -5.34766 243 4
-7.04688 8.39844 220 4
-0.0499878 0.149902 254 4
-6.19922 -14.8438 265 4
-8.69531 -1.89941 253 4
-5.69922 -11 233 4
-6.42188 -15.1719 253 4
-1.84961 -4.89844 177 4
-5.375 -16.4688 237 4
1.77441 -3.72461 162 4
0.943359 1.91895 141 8
0.419434 -2.43945 183 8
1.16211 0.120483 158 8
0.450684 2.47461 142 8
1.99902 7.04297 163 8
1.33398 2.84961 144 8
0.168091 6.71094 165 8
2.42773 0.998047 211 16
-0.505859 3.82617 150 8
1.35352 4.89844 172 8
0.696289 1.32422 147 8
-1.64062 7.96875 166 8
-3.79883 7.54688 222 4
-6.57422 2.37305 253 4
-0.574707 2.32422 217 4
-0.199951 -1.2998 222 4
-1.08105 2.34961 245 8
1.28223 2.90039 216 8
0.733398 0.962402 247 8
0.182129 0.197388 247 32
0.123474 3.39062 152 8
4.97656 5.70703 152 8
-1.39551 3.7793 146 8
-6.125 2.67578 191 8
3.92969 3.64844 207 8
0.230591 0.382324 252 8
-9.21875 5.01172 231 8
-1.84766 1.34473 252 8
-0.925293 4.74609 138 8
5.62891 0.891113 157 8
-0.416504 3.01172 136 8
-3.92188 6.26562 184 8
4.79688 0.249878 160 4
2.49805 7.34766 170 4
8.375 -1.87402 188 4
9.11719 10.0234 190 4
1.22461 7.52344 210 4
0.574707 3.87305 237 4
3.49805 3.44922 240 4
-8.10623e-06 -0 255 4
7.92188 2.22461 223 4
6.47266 3.27344 233 4
-9.96875 8.11719 233 4
-1.64941 1.7998 253 4
-0 2.5034e-06 254 8
-0.0968628 -0.0779419 256 32
-0 2.5034e-06 254 8
1.57422 -1.47461 253 4
5.62109 -9.61719 232 4
-8.10623e-06 -0 255 4
3.37305 -1.6748 247 4
-0.105591 -0.114563 255 8
-4.13281 -3.58008 264 8
9.27344 0.875 201 4
1.75 -0.299805 202 4
-1.07422 -6.12109 250 4
-0.274902 -4.52344 220 4
-0.147217 -1.19141 208 8
-2.8418 -2.91406 227 8
-0.313965 -0.632324 206 8
0.343506 -2.53711 257 8
-4.57422 -2.32422 229 4
-4.125 -5.875 219 4
9.82031 -4.07422 216 4
9.27344 -4.37109 213 4
-0 2.5034e-06 254 8
0.0749512 0.0249939 254 4
0.299805 -9.59375 257 4
-8.10623e-06 -0 255 4
-4.54688 -14.2969 263 4
-0.519043 -1.15234 199 8
-0.788574 1.35645 188 8
-3.22461 -9.82031 216 4
-0.674805 1.07422 186 4
-1.69922 -8.14844 197 4
-4.69922 2.09961 178 4
1.99902 -3.24805 187 4
-0.449951 6 182 4
-5.25 -2.99805 186 4
-1.74902 8.49219 174 4
2.01953 5.26562 198 8
2.25 2.75977 230 8
-3.16406 5.99609 216 8
-0.119019 0.217163 254 8
5.1856e-06 -3.75509e-06 255 16
1.45508 5.48438 187 8
0.123474 1.23633 248 8
2.78125 5.54297 198 8
0.136841 0.139893 253 8
5.1856e-06 -3.75509e-06 255 16
-0 2.5034e-06 254 8
-0.974609 -1.12402 257 4
-4.52344 -15.4688 250 4
0.474854 -4.52344 257 4
-0.424805 -11.0703 227 4
-0.960938 -1.06543 260 8
-5.57812 -6.76562 262 8
-0.822754 -2.63086 190 8
4.32812 5.91797 162 8
-3.52344 -6.47266 195 4
1.12402 1.6748 168 4
1.24902 -0.599609 174 4
6.29688 5.84766 165 4
5.125 13.9688 181 4
3.69922 3.69922 235 4
4.62109 16.875 196 4
0.449951 0.449951 253 4
-2.70508 -3.5957 267 8
-2.6875 -8.89062 239 8
-4.72266 -6.23438 234 8
-5.69922 -3.04883 191 4
2.47461 1.37402 169 4
-1.44922 2.64844 162 4
0.849609 5.34766 176 4
5.54688 10.8906 153 8
0.510254 0.510254 250 8
-0.125 16.2656 187 4
0.0249939 0.974609 252 4
3.79883 13.7969 193 4
-0.0749512 0.0749512 254 4
-0 2.5034e-06 254 8
0.0776367 0.0785522 252 32
0.0699463 2.04297 136 8
3.0918 5.04688 155 8
1.08984 2.97656 131 8
-2.99219 8.55469 168 8
1.26172 6.875 197 8
-0.0416565 -0.041626 255 8
1.19629 3.94531 226 8
0.28418 -0.412109 254 8
-0.707031 2.28711 141 16
-2.43555 7.14062 215 8
-0.319824 0.194824 254 8
-5.90625 9.05469 184 8
-1.13086 2.33594 240 8
-0.563965 -0.304932 257 8
-1.67969 -2.99414 256 8
-0.620117 -2.68555 247 8
-5.89844 -3.94922 233 4
-6.69922 6.84766 215 4
-3.92383 -6.625 215 4
-4.375 3.02344 190 4
-4.00391 -0.285645 260 8
-6.84766 -8.71875 268 8
-3.82422 -0.724609 242 4
-0.375 -7.47266 222 4
-12.375 1.1748 213 4
-6.84766 1.0498 209 4
-0.0863037 -4.91797 200 8
0.545898 -4.92578 235 8
1.99902 -5.79688 204 4
0.874512 -2.22461 181 4
-2.97461 -3.125 206 4
6.79688 2.34961 185 4
-1.47461 -7.17969 254 8
-0.75293 4.00781 196 8
-2.17383 -4.625 174 4
-8.19531 5.14844 171 4
8.11719 -9.77344 186 4
0.574707 -2.72461 160 4
-4.85938 -0.601074 183 8
-2.00977 -9.4375 220 8
1.51855 4.80078 135 8
-0.426758 0.285645 148 16
0.424805 2.62305 145 4
-9.5 9.79688 172 4
-0.449951 2.64844 148 4
0.224976 5.27344 151 4
-4.75 8.82812 208 8
0.833008 2.65039 148 8
-3.16797 8.08594 167 8
0.0439148 -1.04395 157 16
-0.356934 -0.0654297 151 8
-2.38672 3.37695 161 8
0.141357 -0.941895 156 8
-0.706543 1.40625 150 8
2.25586 -6.41797 249 8
-1.44336 -0.764648 207 8
-1.5498 4.09766 247 4
1.32422 -14.375 254 4
-7.82422 7.47266 232 4
-7.44922 -10.5938 253 4
-4.41797 -5.37891 207 8
-3.24219 -5.24219 192 8
2.57617 6.25 140 8
-3.17383 -4.47266 158 4
4.37109 6.02344 134 4
1.02441 -0.474854 142 4
-0.424805 7.52344 148 4
6.125 9.57031 151 8
-8.36719 -1.59668 209 8
-2.25 -2.60938 164 8
-0.413574 -1.55273 155 8
0.513184 -0.0104141 140 8
-1.10547 3.27148 143 8
-4.35156 11.5078 183 8
1.04102 0.499756 147 8
-1.39062 8.39062 162 8
-2.17188 -1.625 177 8
3.82617 7.01953 156 8
0.116028 3.25 152 8
2.19531 9.44531 187 8
0.3125 0.367432 248 16
4.59375 8.09375 145 8
7.14844 10.4922 204 4
0.75 0.899902 251 4
1.07422 8.375 231 4
-8.10623e-06 -0 255 4
3.85742 8.33594 179 8
0.406006 0.53418 250 8
5.1856e-06 -3.75509e-06 255 16
-1.66893e-06 -2.00272e-05 255 32
-0.724609 14.0234 201 4
0.399902 0.899902 252 4
7.84766 13.9922 192 4
0.149902 0.299805 254 4
-0 2.5034e-06 254 8
0.447754 0.492432 250 8
-0 2.5034e-06 254 8
5.1856e-06 -3.75509e-06 255 16
-0.415527 0.47168 253 16
5.1856e-06 -3.75509e-06 255 16
-1.66893e-06 -2.00272e-05 255 32
