-0.713379 -0.0444641 88 64
-1.68066 3.0293 141 32
-2.75781 0.527344 256 32
-2.39844 1.23242 88 32
-2.38867 -1.39258 134 32
-0.153076 0.0316162 26 64
0.0272217 0.646484 22 64
-1.55664 -4.76953 200 32
3.48828 5.05078 0 32
2.63672 3.18945 0 32
2.9707 0.824707 155 32
0.122375 0.14978 244 64
-0.77832 3.78711 86 32
-2.0293 2.16797 233 32
3.23047 5.83203 71 16
-1.35742 -7.01172 188 16
-5.40234 -2.43945 150 16
0.307129 0.977051 71 16
-2.57617 3.39258 109 32
-0.480957 0.498047 245 64
0.19812 0.844727 -19 128
2.80078 1.4209 53 64
0.101562 0.0903931 247 64
-0.651855 1.76465 190 64
-0.0300598 0.0205383 254 64
0.411377 -0.410156 252 32
1.77051 -6.54297 221 32
-1.6543 -1.47363 289 32
-3.69141 -6.94922 266 16
4.65234 -1.52441 143 16
4.32812 5.03516 154 16
1.84766 -1.80176 245 16
-2.04688 4.30859 130 32
-2.63867 -1.67188 281 32
6.66016 -2.31836 82 16
-5.24609 3.32422 124 16
4.07812 -1.72461 215 16
5.91797 -5.98828 133 16
-4.48828 0.728027 196 32
0.338135 0.507812 217 64
0.661133 -1.83887 257 32
4.94531 -6.53516 138 16
0.61377 0.922852 80 16
2.29883 -11.9062 237 16
3.58594 3.14453 65 16
-1.07812 -0.128174 263 32
-2.35156 -8.95312 232 16
0.433594 9.38281 93 16
-0.039978 -2.07031 155 16
3.85156 5.05859 144 16
-1.0293 -1 149 32
1.37793 3.30273 152 32
0.171021 1.97168 84 32
0.0261078 0.504395 243 32
-0.0593567 0.146362 249 64
0.332764 1.16211 153 64
0.0714722 0.0841064 249 64
0.0643921 -0.067688 253 64
-0.450195 -2.85547 267 32
0.457031 5.64844 91 32
0.712402 -4.26172 261 32
2.57422 10.1875 82 16
0.214233 -1.25781 256 16
3.27344 7.89844 133 16
-1.19922 -1.99609 263 16
-0.187378 -0.20874 264 64
-0.714355 -3.03125 265 32
0.502441 0.859863 225 32
-4.01562 -5.57422 262 16
2.50586 4.37891 128 16
2.63281 0.837402 146 16
1.4541 3.45898 189 16
-0.915039 0.521484 247 32
-0.190918 0.669922 198 128
0.0565186 0.0829468 18 64
0.524414 2.97266 2 32
2.76953 1.86816 81 32
1.44238 2.48242 6 32
1.84863 6.81641 116 16
2.75977 2.90039 197 16
-8.26562 4.42188 186 16
-9.82812 0.606934 254 16
0.135376 0.406982 11 64
2.13086 3.10742 34 32
0.546387 3.73633 128 32
-0.761719 4.83203 133 32
1.25879 -0.0645752 227 32
3.50391 -1.17578 125 32
-3.6875 5.5 216 16
-2.61719 -3.75977 287 16
-3.19141 6.80469 139 16
-5.42969 -6.625 274 16
-3.77148 -0.130493 283 32
2.16992 -0.00403595 142 32
0.285156 1.58887 169 64
0.344971 0.480225 211 64
0.169922 -0.258545 250 64
0.0844116 1.04199 2 64
-0.353516 1.96875 120 32
-6.22656 -0.588379 277 16
-9.27344 -4.98828 270 16
-3.47461 -4.97656 200 16
3.19727 2.4707 87 16
-1.11426 -1.27539 172 32
-2.16602 1.6709 122 32
0.871582 1.03906 2 64
0.462158 0.79248 69 64
-0.701172 2.67383 142 32
-0.806641 0.958984 244 32
-4.3125 0.678711 166 16
3.89453 3.31641 125 16
3.85156 9.875 55 16
0.924316 0.441895 241 16
0.446045 0.431152 238 32
3.17097e-05 -2.44379e-06 255 64
-1.11035 1.8252 189 64
-0.0306244 -0.0731201 257 64
-0.225952 -0.995605 266 64
0.655762 2.26953 171 32
-0.913086 -2.53516 247 32
0.735352 -3.08984 209 16
-4.28906 2.99219 219 16
3.15039 -2.66797 235 16
1.14551 -1.79199 184 16
-0.103149 -1.5752 209 32
0.4646 0.0100327 222 64
-0.216309 -1.78223 266 64
0.15625 0.629395 187 128
0.0343628 -0.798828 271 128
-0.0240326 1.64355 178 64
0.0479736 0.603027 215 64
-0.709961 4.58594 138 32
-1.98438 -2.18359 271 32
-0.746582 1.30273 149 32
-1.64746 -5.57812 265 16
1.38574 3.875 133 16
-2.11133 -1.9541 183 16
-1.2793 5.78125 141 16
0.3479 0.493164 222 64
