-0.203735 0.556152 388 128
-0.475098 0.60791 461 64
-0.137207 1.37012 484 64
-0.613281 0.486328 437 64
-0.702637 0.530762 477 64
-0.193359 0.342529 347 128
-0.318848 0.470947 401 128
1.47363 1.46484 533 32
-26.0312 6.22266 741 8
-11.1562 -2.51758 720 8
3.33008 3.24023 569 8
2.74023 2.26172 588 8
-1.41406 -2.20703 628 16
-0.675781 1.59766 599 16
-0.0353699 -1.96094 605 16
-0.245483 1.56445 575 32
0.226685 -1.66211 618 32
0.421143 -0.600586 575 64
-0.361328 1.19629 501 64
-1.9043 1.26758 603 32
3.09961 -3.20312 605 16
1.93848 -1.20605 559 8
-1.11719 -1.11133 554 8
21.7656 -9.80469 605 8
12.2891 -3.97461 561 8
-6.83203 0.674805 626 16
-20.2188 -4.42188 729 8
0.166626 -8.82031 592 8
-4.43359 2.41016 567 8
0.973145 -5.23828 593 8
-1.10742 -0.262207 549 32
-1.4248 0.542969 547 32
-0.199097 0.203247 552 64
-0.254639 0.765625 545 64
-0.416504 -0.661621 548 64
-0.764648 0.480957 529 64
-0.70459 1.00488 457 64
-0.833008 -0.406738 523 64
-0.390381 1.18262 390 64
-0.371338 -0.44043 464 64
-0.302002 0.150757 486 128
0.444092 -0.404297 400 128
0.268311 0.0301208 370 128
-0.587402 0.340088 445 64
0.378418 0.321533 467 64
-0.490723 1.28809 389 16
5.46094 6.78906 388 8
8.66406 -0.455322 429 8
-5.48438 9.50781 430 8
8.84375 8.28906 474 8
-0.964844 1.27637 382 16
4.86719 19.1406 383 8
7.04688 24.0938 508 8
-4.40625 11.9062 417 8
-19.4688 28.0625 571 8
11.1406 4.39844 420 16
19.1719 2.74805 524 8
11.7578 4.22266 502 8
1.7998 19.6719 603 8
31.1875 -2.10547 629 8
26.0312 -2.8418 637 8
20.6875 5.1875 662 8
-13.8125 17.2656 753 8
-14.8984 -13.4062 912 8
25.0469 -0.399902 636 4
6.67188 23.2188 683 4
26.7656 -7.27344 785 4
-5.57422 -23.7656 788 4
-25.2656 3.71094 826 8
-25.7188 0.974609 832 4
3.17383 -31.4688 788 4
-19.7188 13.1719 713 4
-26.7344 -28.3438 783 4
-12.3125 -9.51562 681 8
-0.675781 1.41504 369 16
-0.563965 7.89062 404 8
16.0156 21.125 423 8
-8.35156 8.17969 413 8
-11.3125 19.0625 479 8
-0.513672 1.05273 357 16
-5.53125 4.06641 420 16
4.19922 35.25 597 4
-21 -10.9453 760 4
-12.0234 -5.27344 682 4
-23.0938 -10.0938 676 4
-25.375 -3.63281 736 8
-19.6562 -16.2031 646 8
-20.9688 -6.57422 542 4
-5.04688 5.29688 503 4
11.9453 12.6484 436 4
22.7656 29.8125 478 4
-13.5781 2.49609 633 8
-11.8047 -4.69531 564 8
14.3203 19.4688 506 4
15.2734 -17.5625 583 4
16.3125 10.0234 600 4
-4.29688 -29.3438 633 4
-2.4707 -9.4375 506 8
1.2998 8.35156 405 8
14.5 28.5 470 4
-3.69922 -1.25 611 4
5.92188 14.4219 527 4
-20.1875 -21.0938 598 4
-3.26758 19.8594 392 8
-10.6172 -20.9844 599 8
-26.8438 11.7422 627 4
-1.19922 -20.7969 624 4
-22.0469 12.2422 516 4
-8.96875 13.5703 564 4
3.26172 -15.8203 510 8
-6.16016 16.5625 417 8
-3.0918 -15.5703 518 8
18.9531 6.89844 533 8
13.2109 -16.3906 582 8
13.5859 -7.57812 692 8
16.7656 -18.3438 624 8
2.87305 0.248169 485 16
-16.7031 -11.7031 795 8
-19.8906 4.44141 684 8
-15.7266 -9.11719 632 8
-9.58594 5.81641 532 8
13.8359 -12.4531 608 8
14.9766 12.8594 511 8
-17.9375 -3.95898 632 8
-18.5781 3.26172 635 8
5.54688 1.35156 468 16
5.33203 0.990723 484 16
20.5156 13.3203 583 4
27.6875 -10.9453 609 4
-11.8438 -7.69922 684 4
-20.3438 7.44922 703 4
17.1094 1.21094 584 8
-11.8125 3.92383 600 8
-15.5547 12.9141 619 8
19.4062 6.55469 564 8
16.9844 5.51953 580 8
-20.9688 4.07031 754 8
11.2422 5.54688 731 4
15.2734 -4.22266 763 4
-2.14844 20.1406 696 4
-31.1406 -9.14844 794 4
-2.3418 0.713867 485 32
-3.74219 2.94531 501 8
5.12891 10.7656 489 8
7.97266 15.9609 445 8
29.875 10.9219 563 4
20.1719 15.1719 621 4
-32.9375 -8.69531 670 4
-32.125 6.04688 633 4
6.11719 14.4141 581 8
-19.7344 -13.6484 757 8
-17.9375 3.54883 717 8
-2.32227 -17.9062 665 8
-5.44922 1.31738 498 16
-10.8906 0.70166 580 16
0.616211 -0.373535 456 64
0.515137 0.472656 432 64
6.21875 -2.1875 505 16
2.19922 -1.26562 498 16
19.3281 0.731934 578 8
5.32422 -8.86719 648 8
13.0938 2.69922 743 4
20.0625 3.97461 757 4
-32.0312 -6.25 754 4
-37.8125 15.3203 761 4
31.8438 -12.8984 728 4
24.4375 -8.69531 707 4
-34.875 -2.69922 800 4
-29.8906 -13.5 762 4
8.28125 -9.01562 559 8
10.6172 3.33203 491 8
18.1094 -18.4688 664 4
23.1875 -2.99805 584 4
-27.8125 -10.9219 723 4
-27.2969 -12.3438 681 4
-5.64844 6.74609 611 8
3.20703 -2.15625 501 32
-9.75781 2.29688 611 16
-5.51562 -2.4082 578 16
-2.96484 -4.57422 541 16
-0.886719 3.82227 464 16
-11.1094 7.60547 598 8
-8.39844 11.6953 640 4
29.8906 -5.59766 616 4
5.04688 20.9375 645 4
-14.5938 -1.64941 757 4
-12.9297 8.54688 546 8
-30.3438 4.69922 635 4
-28.3594 0.674805 663 4
14.875 14.2734 509 4
29.2344 19.3438 554 4
35.8125 -4.22266 590 4
30.8594 -3.875 578 4
-20.0156 -6.62109 754 4
-6.29688 -8.54688 722 4
6.0625 -10.1797 604 8
6.28906 5.85156 619 8
16.5938 -11.0859 640 8
26.5938 10.2969 481 4
31.6406 14.7422 509 4
4.97266 8.96875 578 4
-26.1875 1.44922 642 4
17.375 14.6172 597 4
-11.2188 8.17188 694 4
-32.6562 -9.52344 654 4
-28.0938 7.64844 615 4
-12.4141 -3 553 8
-5.58594 0.0476379 513 8
-24.7812 6.82031 703 8
-17.7969 4.23047 746 8
-1.21191 7.38672 497 8
0.0580139 10.875 546 8
0.953613 -0.390137 477 32
0.153076 0.576172 474 32
5.05078 -2.85938 523 16
2.38086 -1.81152 504 16
15.9609 -8.44531 644 8
17.5156 10.2734 557 8
1.41504 15.0703 652 8
-17.7656 -12.9297 785 8
-0.679199 -9.50781 642 16
1.70703 -0.618652 485 32
0.650391 0.183594 372 64
0.104004 -0.0192108 410 64
1.35547 -0.143677 425 64
0.795898 -0.0206604 420 64
-0.00245667 0.0281677 420 128
2.01758 2.91406 433 32
3.17773 4.14062 515 8
16 4.48438 489 8
3.76562 7.21094 572 8
10.1875 -7.9375 664 8
4.10156 -5.67969 546 16
-2.76758 12.4688 548 8
-4.37109 9.55469 686 8
24.8125 4.57031 564 8
-0.0535583 -9.0625 704 8
-3.18359 -6.9375 651 16
-0.0637817 2.73047 481 16
3.71484 15.5391 510 16
0.209229 1.89258 495 16
-6.33203 6.20312 579 16
20.4375 10.6406 733 8
12.6406 -22.4062 815 8
-22.8438 14.2188 863 8
9.97656 -15.0234 864 8
9.875 -11.3516 644 16
-1.22852 15.1875 666 8
-20.2812 -1.91797 874 8
-16.1719 2.11719 665 8
-14.5469 -0.0119095 687 8
-16.0625 2.54297 808 8
16.1875 -9.40625 693 8
2.3457 10.9922 632 8
-7.69531 0.654297 776 8
1.54688 -0.86377 491 64
-0.827148 2.01758 492 64
-0.976074 -17.7656 735 8
13.6875 -0.734863 565 8
2.55469 5.25781 694 8
2.98047 -11.6875 682 8
1.41309 -2.68555 592 16
-3.20508 -0.990723 750 8
-5.60938 -7.40234 701 8
-7.12891 14.1172 657 8
12.7812 -7.23828 703 8
5.89453 -4.32031 609 16
1.71777 -1.44531 560 32
-4.09766 13.9688 655 8
15.2734 9.17188 752 4
13.0234 -17.375 748 4
-21.9219 19.2188 793 4
20.3594 -0.624512 792 4
9.28906 12.3516 652 8
13.8359 17.2812 732 8
11.5312 -7.04297 729 8
12.9375 -5.71094 665 8
31.6719 -12.6719 861 4
38.375 -13.0938 798 4
-20.6406 -12.2969 971 4
-23.75 -10.3984 922 4
-10.0469 -10.0547 850 8
-13.3359 9.5625 664 8
-20.25 18.125 781 8
16.2812 2.24805 572 8
6.76953 12.6875 635 8
-8.46094 -10.4141 859 16
9.42969 -3.70312 615 8
11.2734 1.67188 629 8
-10.4062 -15.8281 772 8
-9.94531 12.8672 656 8
16.1875 -7.34766 618 8
3.71875 -5.12891 585 8
-13.6953 -13.1172 769 8
-0.682617 -5.11719 610 8
-0.9375 -1.625 635 16
0.506348 -1.20312 601 16
0.796387 -0.121033 469 64
0.672852 -0.239624 466 64
0.9375 -0.327637 529 64
0.84668 -0.352539 512 64
-1.1709 0.393555 609 32
-4.96094 12.0469 641 16
-15.3281 -4.42578 923 16
-2.54102 2.9707 609 16
-3.21094 0.0083847 655 16
-0.442627 0.721191 564 32
-0.638672 0.750977 592 32
-1.62598 0.122009 691 64
-0.72998 0.449951 554 64
-0.895508 0.415527 586 64
-2.67383 0.112366 738 32
-1.68359 2.76367 704 16
-11.7656 8.83594 850 16
9.79688 6.39062 688 8
13.0781 2.13477 716 8
-6.83594 16.8594 749 8
5.02734 -8 866 8
2.81641 -1.44043 767 16
-0.247803 1.54883 639 16
2.28711 3.30664 654 16
1.26953 5.32422 610 16
10.4062 13.3672 672 8
22.3438 7.09766 725 8
11.1562 13.0938 719 8
4.58594 26.9062 845 8
-1.55469 8.75 728 16
4.55469 -6.86719 857 16
18.9062 -0.139771 801 8
23.0312 5.60938 794 8
54.6562 8.36719 942 4
101.5 42.5 944 2
100.438 -0.499756 985 2
7.49609 7.49609 1121 2
-11.9922 -10.9922 1124 2
-47.4688 -17.6875 1163 4
-31.5938 -0.799805 1082 4
22.8125 3.22461 1043 4
16.9688 -8.52344 1038 4
-42.5 -19.7188 1102 4
-20.3594 15.1172 1004 4
14.7812 6.87891 857 8
12.3906 -1.89355 876 8
35.2812 8.69531 985 4
26.8438 -15.0469 1032 4
-17.0469 30.75 1075 4
15.6172 -32.8125 1138 4
0.150269 -14.625 1006 8
-17.8906 -13.7656 1042 8
-4.23438 -9.17969 861 8
-10.7891 -0.787109 857 8
-5.27344 -5.21094 816 8
0.333496 -1.82129 761 16
-1.32812 -0.912598 777 16
-1.54395 0.0813599 760 16
4.95703 3.26367 693 16
11.75 -3.78711 733 16
-5.90234 5.75 765 16
-2.77344 3.30273 942 8
5.77734 -18.75 911 8
-21.9375 6.94922 868 8
-15.0625 -9.21875 875 8
5.34375 -1.08008 766 16
4.35156 -6.03125 785 16
11.6875 -6.71094 900 8
7.42188 -7.44531 835 8
-11.6641 0.142822 933 8
-3.27734 -11.9688 929 8
0.530762 -2.80078 835 16
0.0427856 -1.72363 740 32
0.522949 10.2422 583 16
-5.57422 27.8594 826 4
31.0625 5.07422 872 4
-14.6719 20.875 812 4
-32.4062 22.1719 938 4
37.8438 15.2969 877 4
13.6484 -5.44922 991 4
-29.0156 23.9219 1023 4
-4.54688 -21.5469 1105 4
-22.3281 6.70312 778 8
-35.625 14.4922 910 8
-3.84961 1.97949 620 16
-2.62695 3.05273 631 16
-15.6641 -12.4453 985 8
-17.2188 18.5625 870 8
2.79883 -34.5 948 4
-0.974609 -18.0156 815 4
-27.6719 9.82031 879 4
2.47461 -27.5156 827 4
-13.8438 11.1016 783 8
-15.9531 26.8125 1025 8
7.70703 -32.5938 1084 8
-26.2812 29.3438 902 8
-2.23047 -12.2188 1083 8
-5.0625 1.69043 709 16
-8.58594 18.7031 750 8
-37.0938 32.5 959 4
-19.2188 -18.2656 1021 4
-5.77344 21.6719 860 4
-9.94531 -21.8438 934 4
2.5332 14.5156 709 8
-12.2969 1.5625 849 8
-1.47461 1.10059 586 32
-3.17578 0.768066 643 16
-8.39844 10.9688 705 16
-2.0293 0.341797 597 16
-5.55078 5.71094 622 16
-1.64551 -9.375 885 8
-3.73047 10.1641 826 8
12.8672 -17.125 912 8
-3.02344 -2.38672 819 8
3.66602 -5.61719 807 16
-6.87109 -6.59766 905 16
-6.67969 0.148438 818 16
-0.0139389 -1.55762 737 32
15.625 4.34375 801 8
5.63672 -11.8672 855 8
-9.61719 30.7656 836 4
9.21875 -13.9688 923 4
-9.96875 24.7656 810 4
-0.474854 14.9688 918 4
11.5234 -15.2578 859 8
2.53711 -4.75781 764 16
-20.4844 19.2344 799 8
-16.4844 -1.1709 929 8
-9.8125 2.77734 692 8
-17.5938 6.61328 758 8
-2.67969 -8.86719 837 8
5.3125 -5.56641 747 8
-12.4297 15.7734 778 8
5.35547 -13.2422 818 8
1.21973 -1.57812 715 32
-0.35791 0.231445 517 128
-0.858887 0.456543 546 64
-3.52148 2.12305 619 16
-12.5625 8.40625 712 16
-3.36719 1.99609 580 16
-2.26953 1.43457 581 16
-12.5234 8.0625 873 8
16.6719 -7.79688 827 8
-15.2422 7.46484 727 8
-12.5 17.5938 818 8
6.83594 -8.57031 777 16
-9.79688 9.59375 642 16
-17.125 -0.278076 866 8
-1.54102 -10.1094 794 8
-10.8281 12.6562 653 8
-5.10547 -8.5625 771 8
-0.395996 0.0208282 556 32
1.20996 0.469482 576 16
5.48047 15.7812 563 8
6.52734 -7.87891 712 8
-7.11328 16.5625 599 8
-0.691895 -2.79297 708 8
-2.25586 8.86719 553 8
10.6094 -2.53906 603 8
11.9844 2.84375 557 8
-12.2969 29.2344 662 4
6.17188 -19.125 751 4
-19.875 8.77344 627 4
-24.2969 17.3906 692 4
-0.242432 0.602539 590 8
-12.5 10.2266 645 8
2.48633 -11.3047 648 8
3.68164 -1.07812 594 8
-0.533691 0.406494 499 64
-0.954102 0.158813 531 32
-4.46094 2.87695 569 16
6.46484 -13.0469 663 8
0.12793 -4.0625 631 8
-20.1406 4.08594 682 8
1.14551 -10.2031 694 8
-0.532227 0.65625 520 16
-0.0773315 12.8047 513 8
3.32422 24.7656 657 4
7.375 -18.2656 684 4
4.49609 30.5938 656 4
14.5703 -16.0156 717 4
1.60059 12.5547 514 8
-1.78027 22.6094 671 8
-0.384766 0.337646 499 32
0.507812 0.599121 508 16
-4.12109 6.52344 541 8
-15.7812 19.7188 639 8
-1.36133 2.14844 524 8
-6.41406 5.48828 556 8
-2.27734 0.535156 537 16
-0.421143 0.931641 520 16
-0.638672 -1.30371 754 64
-0.120117 -0.140747 660 64
1.27832 0.188843 680 32
2.60156 -1.18652 668 32
0.0964355 0.129883 685 32
12.25 -1.85449 681 16
7.64453 -3.44336 665 16
-5.82812 9.53906 768 16
-4.31641 -7.76172 858 16
-0.442383 0.638672 643 64
-0.573242 -0.968262 712 64
0.167358 0.163086 611 64
0.388672 -0.186279 662 16
-0.246338 -4.91406 730 16
-1.34082 -10.2422 767 16
-3.14844 -1.58105 665 16
-0.440186 -0.514648 621 32
2.59961 -5.64453 756 8
1.69141 -9 669 8
-2.20312 8.78125 721 8
7.82422 -14.1016 696 8
-0.4104 -0.947266 621 16
-2.125 3.83789 699 16
3.28516 -9.55469 690 16
-0.435059 0.00393677 602 32
-0.628906 1.16016 612 64
-16.2812 6.67578 749 8
-7.19922 -8.48438 736 8
16.0625 -0.490967 679 8
21.0938 -4.10547 667 8
0.665039 -1.68359 665 16
-12.25 7.21875 747 8
-18.875 -4.67969 839 8
6.56641 -7.125 721 8
-0.785645 -2.4043 681 8
0.750977 -1.78027 673 16
-6.17188 4.95312 683 16
-1.61719 -6.55078 791 16
0.47583 -0.758789 642 16
-4.03516 0.930664 667 16
-11.1484 8.07031 706 8
7.91016 -7.61719 695 8
-2.98828 -1.92676 670 8
-3.54297 6.91406 718 8
2.32031 2.88281 655 8
7.07422 3.72461 710 8
11.6953 8.84375 670 8
-8.79688 -3.14062 800 8
-4.26172 4.74609 647 16
-6.60547 -2.0957 765 16
1.37988 -3.9043 713 16
0.704102 -1.9209 650 16
-3.28906 4.87891 708 16
10.4453 -6.54688 709 8
6.78906 -0.822754 648 8
-14.2344 0.876465 737 8
-9.04688 -0.209717 718 8
-0.550293 -0.523926 660 64
1.33203 0.233276 612 16
-7.39844 -4.39062 703 8
-2.21289 -3.66602 657 8
-0.505859 6.62109 612 8
9.94531 -0.540039 667 8
12.5 24.1875 637 4
6.54688 -25.8438 726 4
6.99609 19.4375 690 4
1.07422 -28.8125 756 4
0.621582 -3.79883 631 8
18.5 -5.75 743 8
14.4766 -10.1797 655 8
-1.69434 1.05762 613 8
-12.5781 11.3047 670 8
7.10547 -3.81836 619 8
-0.00891113 -0.723145 611 8
-1.43164 -0.694824 660 32
-25.7812 -0.767578 831 8
-17.2969 2.73047 719 8
-11.6094 -4.54297 642 8
-4.02344 6.20703 569 8
19.1406 -8.54688 715 4
16.3438 -12.1953 677 4
-22.5469 16.2344 737 4
7.25 -13.5938 748 4
6.71094 -8.42969 642 8
-1.2002 23.6562 626 8
16.7344 -14.9844 727 8
2.4707 7.55859 495 16
1.51172 20.25 613 8
-7.21094 -1.81836 785 8
2.39258 0.276611 726 8
-4.66797 -6.33594 757 8
1.17383 -1.88965 612 16
-0.773438 -0.39624 598 16
10.0312 -11.5 725 8
-0.276611 -8.03906 671 8
-14.1875 3.6875 716 8
-5.07812 -5.46094 678 8
0.42041 -1.59277 598 16
-0.636719 -0.371094 618 64
-0.313232 -0.0471497 624 128
-0.153076 0.215088 441 128
-0.277832 0.31958 468 64
-0.189575 0.815918 479 64
-0.246582 0.307617 450 64
-0.364746 0.395264 471 32
-0.247192 2.29688 477 16
8.77344 7.35938 474 16
0.357422 1.51074 471 16
-1.81348 23.8125 522 8
3.32422 -0.0386963 699 8
-6.14453 21.5312 529 8
-4.43359 4.40234 722 8
-0.0443115 0.506836 458 32
0.247803 2.65039 469 16
2.55859 5.06641 506 8
-15.4609 19.8906 613 8
10.6719 14.5859 555 8
15.1328 -7.49609 596 8
-0.852539 1.60059 475 16
-20.9375 16.8438 628 8
1.43262 -3.7793 697 8
-6.05078 6.70312 503 8
-19.8906 18.625 622 8
0.273926 -0.243652 454 128
-0.0172729 0.616211 427 128
-2.35938 3.74023 537 16
-16.7344 -0.827148 731 8
-9.22656 13.7031 640 8
-5.34766 1.11816 580 8
-2.71875 11.9219 584 8
4.05859 2.93555 497 16
-3.94727 1.61914 586 16
12.2656 -8.1875 655 8
5.91016 -4.60156 612 8
-6.24219 7.49219 693 8
10.4844 -7.34375 685 8
2.18555 -2.52539 605 16
-7.78125 8.28906 632 16
2.17969 -11.0234 742 16
1.49512 7.38281 549 16
5.58984 -6.98828 662 16
-3.77539 7.50781 560 16
-2.625 -5.64062 706 16
14.9688 -5.21094 563 8
0.295898 6.90625 574 8
-8.95312 3.72656 664 8
7.80469 10.6484 621 8
-3.16992 9.57812 660 8
-6.02344 -13.6094 718 8
15.3047 -2.74219 665 8
8.17188 -8.96875 662 8
-3.83789 4.79688 604 16
-3.28711 4.03516 761 8
5.98438 -15.7969 706 8
-6.0625 21.4219 645 8
12.1797 -17.0312 754 8
-0.0863037 -0.588867 586 64
0.898926 -2.69141 654 32
-0.831055 -0.141479 584 16
-10.1953 4.44922 665 16
0.109741 -1.60938 587 16
-0.331543 -0.316406 568 16
-3.78906 -1.95508 716 16
3.19531 -1.66309 651 16
5.5 1.56348 641 8
1.63672 -15.6641 654 8
-6.26172 -5.08984 722 8
-3.19336 -13.9844 628 8
-8.07031 10.4453 601 16
4.25 -2.0957 580 32
-0.391846 -0.803223 595 64
-0.161011 0.0327148 559 128
-6.14453 -0.265625 569 16
-2.65625 1.76074 523 16
6.27734 -2.85742 508 16
4.125 -0.401367 495 16
-17.2656 5.89062 697 16
-1.41309 -0.907715 734 8
-2.75977 -7.01953 717 8
-18.875 14.2266 628 8
-9.22656 2.97461 715 8
1.16406 0.294189 500 16
-3.74805 2.69141 536 16
6.42969 2.02539 593 8
6.25 -10.7266 606 8
-14.7891 6.94141 644 8
2.7793 -5.60938 645 8
3.35156 -3.32422 566 16
-5.0625 3.16211 528 16
-6.73438 0.413818 592 16
0.728516 0.041748 530 32
-9.875 -3.14062 689 8
-8.47656 -6.55469 667 8
13.1562 -9.27344 676 8
10.75 -6.25391 590 8
0.248657 -3.45312 583 16
-22.0469 5.86328 675 8
-4.15234 -3.16797 683 8
-2.64453 2.66211 527 8
-10.5078 14.4609 600 8
-0.229614 -4.60938 594 16
-0.357178 -0.422119 540 32
-0.189331 -0.356689 529 32
-1.03809 -0.618652 543 32
-0.942383 1.15332 489 64
-0.264404 -1.25098 569 64
-0.220459 -0.0159454 524 32
1.98242 5.19922 511 16
4.21484 -1.6875 540 16
1.58008 11.0938 491 16
6.70703 -5.50781 657 16
-0.100464 0.454834 509 32
-0.363525 14.4922 506 16
4.41797 -6.91797 792 16
-2.26953 8.96094 530 16
-6.23828 22.9375 745 8
3.82617 -8.36719 846 8
-0.632324 22 663 8
8.80469 -16.9219 848 8
1.50879 -0.84082 556 64
-0.135986 0.744141 502 32
-0.547363 4.60156 526 16
-2.49609 20.2656 621 16
-1.13965 2.5 530 16
-4.62109 16.7188 592 8
-7.17188 28.7188 747 8
-2.98242 10.7422 564 8
-9.42969 18.9219 674 8
-0.205444 0.530762 501 32
-1.8291 3.33008 528 32
9.24219 -15.1953 854 16
3.41992 0.163208 633 16
-5.83594 -5.14844 956 8
-16.4219 -26.5625 909 4
8.27344 -9.07031 755 4
22.7344 -2 809 4
34.5625 3.87305 798 4
-11.1719 33.2188 861 4
20.6875 1.59961 907 4
-20.7188 26.5625 811 4
-22.7344 24.2344 917 4
1.51758 -7.50781 955 8
7.89844 -8.1875 771 16
3.125 -3.53125 636 16
-0.0206146 0.347412 589 16
7.36328 -9.53906 727 8
10.25 -5.00391 624 8
-3.02539 -10.0234 829 8
-6.80469 -6.43359 765 8
2.4082 -2.50195 614 16
-1.00293 28.0156 703 8
3.54883 -6.6875 941 8
-5.70312 26.9219 729 8
2.15625 -1.93066 937 8
6.51953 -5.83984 852 16
-16.7188 24.1406 720 8
-21.2656 7.41797 939 8
-11.1641 6.15625 606 8
-20.3906 19.7656 679 8
-19.9531 -8.96094 984 8
-21.9531 -2.22852 915 8
7.64844 7.39844 811 4
30.4375 -1.99902 803 4
-9.71875 38.4062 772 4
2.22461 -6.82422 905 4
8.97656 -12.7891 813 8
14.1641 -9.28125 751 8
11.5547 -6.21875 673 8
-14.2344 -9.52344 896 8
-12.8594 -9.57812 834 8
1.21484 -4.75 675 16
12.7734 -5.77344 857 4
19.8906 -22.9844 804 4
-34.5 4.42188 835 4
-24.0156 -12.4688 833 4
1.39648 -7.19141 732 8
5.19531 -6.18359 722 8
3.92188 -3.6543 684 8
-0.908203 -3.05859 695 16
-0.41333 0.521484 366 128
-1.81934 0.0627441 466 32
3.36328 1.5459 448 16
-0.40918 14.2969 486 8
-4.67969 10.6016 625 8
-8.03125 -0.0446167 544 8
-15.8594 4.08203 602 8
-3.91797 0.569824 450 16
-5.09375 1.55762 469 16
-0.41626 0.380859 389 32
-0.430908 0.691895 402 32
-17.7344 -3.67188 735 8
-4.96094 -18.3281 636 8
-2.6582 -6.37891 564 8
-5.51172 -5.35156 516 8
-11.0859 11.9375 540 8
0.00744629 -11.9141 541 8
-3.40039 0.788574 474 8
-3.10742 -0.926758 474 8
-4.54297 -0.121948 486 16
-0.935547 0.38208 448 16
-2.14453 0.0558777 503 32
-0.469727 0.546875 423 32
-0.324951 0.677246 437 32
-0.375732 0.483887 376 64
-0.317871 0.772461 402 64
-0.13269 0.343018 306 128
-0.156372 0.596191 348 128
-0.130859 0.922363 464 32
-0.04953 2.30664 493 16
-5.85938 8.30469 547 8
-19.9219 9.92188 665 8
8.92969 11.4062 519 8
24.6562 1.51172 560 8
0.275391 2.82227 492 16
-6.02344 4.24219 564 8
-19.7812 14.2578 652 8
16.5781 11.8672 507 8
21.0469 8.38281 563 8
-0.176147 1.4668 454 32
-0.502441 3.51172 500 16
-18.25 8.51562 650 8
-6.70312 10.4766 638 8
2.47461 8.89062 527 8
6.41797 9.22656 579 8
5.26562 6.07422 485 8
15.7969 13.3359 515 8
8.875 8.14844 476 8
-2.79883 5.64844 565 4
-11.1172 24.3594 605 4
31.7188 17.1719 589 4
32.2812 -7.89844 631 4
22.7812 -1.84375 559 8
9.59375 18.6719 606 8
3.88086 18.3594 687 8
32.75 -9.71875 721 4
2.94922 25.3438 737 4
-21.5469 -13.8438 844 4
-23.0625 3.52344 769 4
-16.4219 3.9375 736 8
-9.88281 17.2969 758 8
1.27441 12.4688 599 4
-9.92188 14.4219 669 4
31.4844 -7.44922 666 4
24.3906 -3.75 658 4
-4.73438 15.6094 713 8
4.57812 -10.2344 746 16
-19.25 2.99219 755 8
-3.60547 16.8281 723 8
17.7188 16.375 618 8
27.7656 0.822754 716 8
28.4844 10.1484 816 4
31.9375 -10.8438 817 4
-19.3438 23.0938 894 4
14.0703 -0.0749512 941 4
20.0469 -19.5938 848 8
14.3594 20.4688 785 8
14.0859 -16.625 960 8
4.85156 -1.4082 620 16
11.6797 10.3516 574 8
14.0547 -9.8125 652 8
1.20508 7.53906 634 8
-2.67383 -3.02344 758 4
9.36719 -11.3672 705 4
4.67188 19.9219 711 4
33 -0.724609 742 4
16.125 2.58789 700 8
16.625 -8.23438 709 8
18.5469 8.67969 827 8
10.0078 -15.7734 892 8
9.47656 1.65723 679 8
15.8203 27.7344 697 8
25.6094 -2.51172 769 8
6.49609 26.7969 802 4
7.42188 25.4688 909 4
-13.0469 1.69922 873 4
-33.375 8.21875 927 4
10.1328 14 706 8
-3.29883 19.6094 875 8
-16.3594 14.2188 680 4
-30.7344 17.6406 758 4
23.4219 10.6719 655 4
28.8906 2.09961 690 4
-25.7188 6.02344 803 4
-34.75 20.0625 865 4
22.3594 9.17188 717 4
10.8438 17.8906 772 4
26.8594 13.8203 963 4
30.2656 17.7188 1019 4
-21.8125 9.625 1021 4
-37.625 20.5938 1087 4
34.5938 -15.3203 1082 4
27.8125 11.5234 1014 4
-17.7188 20.0625 1153 4
29.0156 1.875 1129 4
4.86719 26.2656 848 8
6.98047 25.4531 1054 8
7.85938 19.9219 735 8
40.5938 14.1484 824 4
38.25 -3.82422 880 4
-5.59766 5.54688 965 4
-27.8906 -13.5469 1002 4
-20.625 6.62109 888 8
-24.8125 -14.6953 962 8
-22.8594 18.8594 968 16
24.3594 -9.74219 1047 8
15.0156 -6.72266 972 8
-0.642578 -13.9219 1303 8
17.1719 -15.4688 1138 8
-2.6543 -19.7031 1008 8
-3.45117 -10.0859 844 8
27.0625 -17.9688 956 8
18.7188 -12.5547 843 8
-23.8594 -9.27344 1253 8
-19.5 -0.397217 1153 8
-27.0469 -20 1081 8
-18.1719 10.8984 944 8
-14.9688 -24.9688 1182 8
-13.5078 -14.2266 943 8
-13.7188 8.17188 1027 4
10.7734 -30.0625 992 4
-17.4688 18.375 967 4
3.12305 0.324951 1017 4
16.1094 -20.4688 913 8
0.0327148 1.58105 449 32
-11.5781 10.6094 556 8
-19.7344 14.7656 702 8
-2.02539 6.39844 501 8
-6.21484 5.20312 550 8
-18.1094 -0.401611 804 8
-15.1172 -8.27344 726 8
-7.92578 1.78027 639 8
-3.29883 -1.01172 591 8
-1.14062 2.42969 509 16
-1.84766 2.46289 547 16
-0.629395 1.2998 451 32
-1.20215 2.63477 491 32
-20.3594 29.7188 727 4
2.02344 -24.875 770 4
-12.0234 22.9688 652 4
-28.6406 -20.2344 746 4
-12.2422 -3.20312 700 8
-4.21484 0.31543 601 8
-0.740723 1.92188 593 8
-9.30469 5.61328 660 8
-27.375 12.1875 764 8
0.876465 1.45898 602 8
1.80176 2.20312 611 8
16.3125 5.27344 538 8
13.2188 11.9453 581 8
-8.60938 5.75391 602 8
4.44922 4.64062 602 8
41.0312 -0.899902 653 4
22.7969 -12.5469 655 4
-11.3203 11.0234 794 4
30.4375 -12.5469 754 4
18.7656 7.30859 620 8
-5.07812 14.7109 684 8
2.60547 4.30469 804 8
-17.3594 -8.61719 832 8
-7.05469 15.4062 773 8
-2.84375 3.27539 647 8
-10.6797 7.76953 730 8
-3.61523 16.1406 898 8
2.80664 -20.6094 993 8
-17.4375 11.875 822 8
-8.40625 15.8281 871 8
12.3516 -5.76172 664 8
3 16.9062 689 8
-6.03125 -13.7344 823 8
-13.1875 8.53125 721 8
14.9062 11.8359 767 8
26.9375 12.8984 863 4
-10.0703 -9.07031 969 4
-30.9688 -21.5625 990 4
-22.0625 -8.11719 900 4
-20.6094 3.73438 833 8
-15.25 -2.68555 820 8
20.4062 15.7734 542 8
27.2188 20.3125 664 4
27.6406 -14.5938 739 4
-2.59961 1.64941 801 4
-30.1406 -13.0938 818 4
-22.4375 7.63281 698 8
-15.4141 -14.7578 764 8
24.2656 7.07422 683 4
10.2734 17.8125 742 4
-13.3984 -5.64844 772 4
-31.875 4.42188 755 4
-24.0156 -3.22852 860 8
-12.25 -0.979004 666 8
-6.17188 2.28906 632 8
-2.6875 1.77344 566 16
-0.946777 4.59766 569 16
-3.46289 0.166504 680 16
-0.70459 3.41016 669 16
8.33594 4.64844 601 8
10.75 19.125 649 8
3.25 6.10156 620 8
-25.5938 17.1875 704 4
-32.7812 15.6953 784 4
30.8125 7.52344 652 4
20.8906 16.2969 687 4
21.875 -8.59375 731 8
4 -3.58008 709 8
-2.93945 1.11523 820 8
-0.47168 -10.6953 765 8
16.9219 -0.501465 575 8
8.03906 -4.35156 587 8
15.2734 -1.24316 712 8
9.76562 -10.8516 669 8
8.32812 0.128052 547 16
15.5703 -24.125 917 8
22.7969 4.21875 714 8
3.82422 -2.32422 1026 4
42.0938 -12.2969 949 4
-35.5625 15.3203 972 4
-33.9688 6.72266 1037 4
3.96875 -14.8672 945 8
27.5 -1.34961 722 4
26.1406 13.7969 740 4
13.9219 -6.375 857 4
-12.2734 -14.2734 882 4
23.2969 -11.3984 798 4
25.3125 -13.8672 728 4
-28.8125 -16.3125 853 4
-27.1719 -16.8125 788 4
-15.7656 -15.4141 873 8
-13.0625 -5.91406 766 8
1.72363 -1.19629 595 32
-22.5469 -0.141235 851 8
-24.7656 -4.71484 852 8
2.24023 -12.5078 793 8
2.08398 -4.90625 704 8
-2.35156 -3.64062 705 16
5.82422 -9.65625 770 16
3.67578 0.507324 656 8
10.0312 0.65625 634 8
2.29688 4.89844 692 8
10.1562 13.5312 706 8
1.59473 0.25 620 16
11.1562 2.14844 592 16
8.63281 -0.50293 635 8
3.66016 5.9375 636 8
32.8438 0.524902 717 4
4.67188 -13.6719 759 4
-16.7188 -23.2656 884 4
-7.39844 -18.3906 769 4
-2.77539 -2.05469 707 8
-12.8828 8.85938 779 8
-22.2656 0.406006 849 8
-2.19922 -2.56055 693 8
-0.0535278 -1.6748 671 8
1.25195 -0.962891 582 64
13.3203 -6.01953 815 16
10.9688 -6.70703 745 8
10.9844 18.5 714 8
-6.46875 -1.51758 853 8
-16.5781 -1.6748 865 8
-24.9531 -2.25 970 8
-9.65625 3.43555 902 8
-7.47266 2.3418 771 8
-6.28516 11.3203 788 8
22.6406 -4.97266 829 8
16.8906 -11.8906 795 8
-11.1797 12.2734 932 8
-16.0469 -24.6875 976 4
-19.6406 -21.0469 897 4
19.7188 -7.57422 868 4
27.4219 -9.17188 829 4
14.7266 -14.1562 795 8
4.05078 -4.10938 699 8
-8.28906 -8.73438 816 8
0.989258 -3 722 8
1.80566 -1.15332 682 16
2.67578 -2.33203 740 16
6.54297 2.26758 673 16
-0.401611 7.19141 732 16
6.01172 22.9062 839 8
4.57812 -21.2812 1017 8
-24.9219 8.49219 959 8
-18.3438 -7.25 1034 4
22.125 -12.0234 931 4
-19.875 14.5703 917 4
-27.5938 10.3438 960 4
-5.37891 5.49219 726 16
-7.67969 1.83691 791 16
9.86719 -6.84766 808 16
4.50781 4.51562 747 8
8.75 13.5156 804 8
20.4844 9.28906 775 8
11.5703 12.9688 837 4
-22.7188 5.32422 936 4
10.4688 -29.1719 954 4
-7.39844 -11.3984 865 4
-24.5781 -0.450684 951 8
-4.73047 20.4219 856 8
-5.11328 2.61719 753 8
-4.19141 21.2812 789 8
25.3125 19.4688 912 4
-3.67383 -20.0156 1041 4
-2.57422 0.724609 1049 4
-13.875 -26.8125 1039 4
-2.43164 -16.9531 941 8
-10.2422 -13.4688 1021 8
-9.73438 -11.6484 876 8
4.50391 1.15625 640 16
2.61719 -0.560059 635 16
7.05078 10.0703 639 16
25.0781 -7.86328 711 8
7.66016 -13.7109 680 8
-5.6875 -25.0781 930 8
1.61133 -10.3359 698 8
0.586914 -1.49902 624 32
24.1875 5.00781 774 8
22.2344 10.8516 865 8
-26.9688 11.1406 972 8
-25.5 -13.7266 1076 8
14.5703 -15.5234 935 8
16.5 -19.8438 821 8
-31.8438 -13.6719 972 8
-17.3594 -7.73438 808 8
-6.74609 -0.693848 809 16
-0.059082 -2.72266 702 16
20.8438 -8.625 701 8
1.50586 -9.10938 681 8
-17.6094 2.54492 785 8
-7.01172 -4.62109 714 8
1.62598 -1.74609 619 16
-0.342285 -1.71973 667 16
0.104187 -1.47949 636 16
-0.601562 1.08789 436 64
-2.13086 2.84375 524 32
-16.5781 6.01953 655 8
-21.1562 10.5156 706 8
-2.97266 5.52344 563 8
0.585938 7.72266 617 8
-12.2969 15.6406 770 8
6.44922 -14.5391 780 8
26.6719 23.4688 648 4
25.2656 10.4219 732 4
-37.5 24.3438 733 4
-38.1875 15.2969 823 4
3.28516 -11.6641 815 8
12.1719 4.71094 554 8
-9.08594 -4.15234 651 8
-9.6875 -6.73828 624 8
4.34766 8.16406 531 8
-2.30859 11.7188 602 8
-0.385254 11.0938 714 8
12.9297 7.17188 587 8
-5.91797 2.58594 720 8
-0.561523 1.15918 478 32
-2.98047 2.48047 556 32
-0.303223 0.924805 408 64
-0.362061 0.867188 482 64
-1.75879 -0.584961 701 32
-4.22266 8.07812 702 16
-14.2188 5.22266 955 4
12.2734 -18.6719 894 4
-22.8594 19.6719 858 4
6.59766 -8.94531 895 4
10.4531 -12.2656 815 8
0.351074 17.0469 796 8
6.75 -7.5 938 4
22.2188 -14.875 879 4
-27.2344 4.44922 911 4
-30.2188 -18.2656 945 4
-4.71094 10.5312 667 16
-2.02344 -13.7109 888 8
-10.9531 -4.33984 806 8
5.19531 9.77344 794 8
12.0312 -13.6094 773 8
-2.29297 -0.17749 638 32
-4.77344 4.11328 644 16
-14.7344 4.82031 794 16
-1.79004 0.496338 599 16
-2.99805 1.43945 616 16
12.375 0.297607 717 8
15.2656 -8.14062 720 8
28.5469 1.2998 835 4
7.09766 -11.0469 853 4
-39.3125 -2.22461 914 4
-24.0625 -18.1719 866 4
-17.2969 -11.7031 847 8
-0.424805 -1.95312 708 16
-1.93652 -3.35742 733 16
-0.40918 -1.47461 670 16
-0.53418 -1.32617 660 32
6.13672 -14.2656 767 8
3.78711 -2.63672 679 8
-18.2188 5.92188 780 4
13.2188 -1.625 742 4
-1.97461 18.8125 664 4
-0.524902 20.1094 748 4
4.01172 -14.6328 771 8
2.08984 -0.981934 652 16
-8.02344 4.875 676 16
-6.84375 -0.966309 710 16
-0.325684 -0.577637 641 32
0.0248413 1.05273 526 64
1.99121 1.40234 579 32
1.19824 -0.933594 606 16
-0.257812 -0.902832 600 16
11.0078 3.16406 575 16
10.3047 -6.46484 613 16
0.0877075 5.04688 573 16
-0.342041 13.6016 713 8
15.7266 -1.88379 719 8
1.68262 16.5156 659 8
-0.400146 -13.3125 827 8
-1.48438 0.57666 600 16
-5.42969 21.875 640 8
0.993652 -11.9219 832 8
-7.42969 13.7578 614 8
-13.7969 6.875 751 8
5.60156 3.31836 764 8
-15.7734 -7.23438 845 8
-12.3906 3.52734 743 8
8.625 -10.4688 776 4
18.5 -15.25 716 4
-26.3906 1.19922 759 4
-11.75 8.99219 748 4
-19.6406 -7.33594 825 8
0.891113 -15.2344 711 8
12.4609 -12.7109 679 8
-5.64062 -1.91211 643 8
-2.7832 -5.78516 711 16
-7.54297 -6.77344 715 16
-0.153564 0.268311 276 128
-0.189575 0.544922 313 128
-0.122742 0.256592 238 128
-0.169922 0.378662 278 128
-0.702148 0.721191 395 64
-0.762207 1.44824 440 32
2.70117 6.52344 449 16
13.3047 -2.8418 532 8
5.14062 0.251465 533 8
-7.39844 0.949707 691 4
13.6484 -15.75 678 4
-9.375 10.9688 602 4
-4.94922 17.6406 659 4
15.1328 -9.95312 605 8
4.25 17.2031 474 8
14.25 11.2734 582 8
-16.6875 2.39062 579 8
-10.6328 11.8203 581 8
17.3594 2.84766 647 8
20.5781 -10.2188 719 8
-4.90625 15.3047 654 8
-22.5 7.94922 815 8
-0.958008 1.0166 417 32
-4.44922 5.41406 475 16
-14.8359 -7.79688 670 8
-10.9453 12.9453 598 8
5.39844 9.83594 479 8
-4.03516 10.9766 580 8
-2.3125 1.44922 444 16
-6.96875 3.59961 505 16
-0.304932 0.574707 351 64
0.399414 0.520508 387 64
4.14453 -0.25293 540 8
2.71289 1.29688 545 8
12.1172 13.8203 540 8
10.3828 -11 613 8
6.15234 1.28613 539 16
14.0234 -5.52344 634 4
7.69922 31.4375 652 4
32.2812 -16.3906 723 4
11.3672 22.2188 689 4
17.7969 -15.5625 701 8
0.617188 -5.01953 846 8
-6.46875 -15.5703 873 8
8.74219 -7.69922 622 8
-9.03125 6.07812 638 8
-3.03711 -14.25 732 8
2.70898 -2.41211 609 8
0.457031 4.30078 562 16
-1.1748 16.5156 685 4
10.1484 -16.75 683 4
-7.24609 27.6406 681 4
22.8438 -16.75 734 4
13.0391 -1.13965 618 8
-10.3906 22.9375 664 8
7.03125 -9.28906 785 8
-1.80371 -0.716309 613 16
-0.0892334 16.5625 606 8
-11.7266 -5.56641 822 8
-7.46484 10.8672 615 8
-9.60156 3.57422 728 8
-18.0469 26.3906 747 4
-7.14844 -24.0938 832 4
2.64844 32.625 664 4
-5.24609 -22.4844 809 4
-23.2969 8.54688 763 4
14.7188 -12.7188 738 4
-11.4688 -3.72461 701 4
-11.2422 33.875 722 4
-24.6875 -5.66016 744 8
-14.8906 12.9609 634 8
15.5859 -16.4062 705 8
8.35156 -0.745117 610 8
-15.3438 6.09766 813 4
22.5469 -10.5 750 4
-33.2188 11.8672 719 4
-26.2188 7.52344 773 4
-6.14844 -7.73438 764 8
-5.67188 2.91211 527 16
-9.28125 19.8906 560 8
0.774902 3.02344 733 4
8.27344 -15.8672 703 4
-33.2812 6.79688 716 4
-23.6875 0.5 728 4
-6.93359 5.36328 515 8
-12.7969 3.10352 612 8
1.97949 -5.50391 628 16
-3.93164 1.38672 593 16
15.7656 -9.17969 644 8
9.28125 -4.24219 593 8
-11.3672 21.0625 641 8
10.4062 -15.8906 687 8
2.32812 -4.21875 583 16
-1.58984 -1.18359 632 64
-1.57715 1.31738 454 32
-13.6953 18.5312 556 8
-17.6719 14.7188 749 4
21.375 -12.4219 731 4
-30.4375 5.79688 690 4
-30.6719 27.4688 700 4
-5.29688 4.81641 494 8
-5.42969 18.5625 523 8
8.17969 -13.7812 728 8
0.480469 -11.6172 625 8
-12.4609 -10.3594 740 8
-9.35938 -10.0859 651 8
-3.94141 5.56641 476 16
-5.34766 9.44531 649 4
10.7734 -17.5625 623 4
-11.6953 22.2344 584 4
-9.71875 1.125 662 4
8.26562 -11.1172 583 8
-10.3438 10.7812 541 8
-4.07422 -0.224976 658 4
17.4375 -14.9922 606 4
-19.6875 17.1406 586 4
-12.4453 4.44922 639 4
0.0133743 1.05078 414 32
-1.84473 0.727051 474 32
-0.884766 -0.632812 529 64
-0.520996 2.38672 318 32
2.875 -9.76562 472 16
-0.0297699 1.20117 365 16
-6.92969 3.47852 429 8
2.02344 -3.61719 392 8
1.86133 15.7812 349 8
-1.4248 -10.4688 455 8
0.477051 0.563965 371 16
0.52002 2.81641 305 16
3.9375 13.5938 358 8
16.5781 -8.33594 395 8
10.3984 11.9141 342 8
12.3438 22.9844 463 4
25.8438 -16.9844 519 4
-0.424805 17.375 513 4
-26.4688 -4.72266 596 4
-2.74609 1.88379 338 16
-6.44922 4.1875 387 16
7.33594 -3.65039 407 16
0.839355 -0.572754 389 16
-19.0156 -5.24219 530 8
-1.62598 -1.94434 472 8
3.00781 7.71094 352 8
-2.26758 1.17383 470 8
-0.177246 -0.708496 397 16
-0.555176 0.371826 431 64
5.05078 0.918457 298 16
1.41504 -0.526855 333 16
3.20117 19.4688 332 8
16.9219 0.0148926 400 8
-10.3438 5.90625 374 8
-7.49219 22.6719 408 8
17.7188 -12.5391 430 8
7.84375 -6.02344 362 8
7.52344 0.0749512 588 4
24.8594 -23.3125 544 4
-3.39844 23.6875 579 4
4.42188 -33.3125 642 4
6.88281 -16.3594 472 8
-1.85645 -0.215576 407 32
-4.89844 4.56641 355 8
-15.8828 9.96094 431 8
5.99609 1.20312 306 8
13.4219 11.4297 297 8
-23.0938 12.7578 539 8
12.4375 -15.2812 534 8
18.3906 13.1953 366 4
24.1094 12.2734 419 4
-3.29883 5.79688 481 4
-27.5469 9.59375 536 4
6.64844 21.5938 497 4
-8.84375 -15.3438 609 4
-19.9688 21.7188 564 4
1.37402 -27.5625 596 4
-5.50781 1.69043 360 16
-6.35547 12.6953 371 16
1.70117 -7.95703 457 16
0.170166 -0.694824 360 16
2.6543 -13.0234 510 16
-0.968262 -1.05664 361 16
-0.776367 -0.307373 404 64
-0.107239 0.463379 400 128
0.234863 -0.556152 543 128
0.108459 -0.198853 477 128
-0.00421906 -0.722656 607 128
0.127319 -0.199097 507 128
-0.0535889 0.185303 473 128
-0.452148 0.351562 505 64
-2.94141 5.19141 550 16
-24.1719 24.2812 762 8
0.263184 -5.875 894 8
-11.0312 12.2266 626 8
-23.6875 48.9375 777 4
2.27344 -6.375 879 4
-12.7969 47.3438 691 4
-6.57422 2.27344 876 4
-3.05078 2.21484 537 8
9.10156 0.209717 542 8
-1.1377 0.313965 517 8
-16.7031 14.8906 575 8
-2.10156 9.32031 564 8
-16.75 17.5781 710 8
19.2969 -4.04688 642 4
21 5.69922 619 4
-32.9375 14.6953 653 4
-19.125 11.2188 664 4
10.1172 6.01562 652 8
4.40625 -8.53125 806 16
16.375 3.23242 641 8
13.5625 -2.08008 662 8
-13.9453 -6.0625 807 8
-6.08203 -4.80078 720 8
-14.7812 4.10547 829 8
-6.5 1.60547 830 8
3.0625 -2.01758 699 8
-6.42969 -2.91406 721 8
25.1719 -2.125 760 4
22.875 -7.17188 757 4
-27.2188 5.82422 811 4
-17.0156 -13.1719 819 4
1.87793 -7.54688 742 8
-10.9375 0.419434 708 8
-13.9219 -5.42578 736 8
-0.493652 0.379395 508 16
-7.62109 5.88672 535 8
-21.7031 19.3594 638 8
-0.545898 0.557617 509 8
-3.57422 3.16797 521 8
-0.58252 0.104492 505 16
-0.564941 0.341064 505 16
-6.12891 5.03125 730 8
7.75 -4.47656 701 8
-17.3125 12.1797 602 8
-9.07812 13.6406 685 8
5.30859 -4.33594 670 16
-5.03906 3.92969 536 16
-12.4609 2.01562 670 16
0.181152 0.0345459 480 64
-0.244263 0.232056 495 64
0.167969 0.035675 482 128
0.150635 -0.194824 515 128
-0.211792 0.397217 507 128
1.35742 2.92578 521 16
3.80664 -1.33496 551 16
1.01465 1.94043 539 16
8.57812 11.7031 548 8
8.52344 -7.42969 600 8
-3.06445 18.7031 605 8
13.1406 -9.48438 682 8
2.07422 0.0629272 544 32
-0.323975 1.98828 552 16
2.50781 10.3828 566 16
-0.890625 2.71875 542 16
-4.02734 17.1094 617 8
-2.22461 14.6953 769 8
-8.04688 16.4688 604 8
-16.0781 -3.72266 776 8
8.07031 -7.5 655 16
-2.34766 6.45312 619 16
6.9375 -12.2031 817 8
8.53125 -9.92188 704 8
-8.39062 16.5312 718 8
13.0781 -5.53125 762 8
9.90625 -2.24219 643 16
1.58105 -0.18689 556 32
1.34766 -0.762207 555 32
-0.992676 -3.66406 664 16
1.40234 4.64844 587 16
3.65234 -1.3877 637 16
4.64844 7.10938 591 16
15.0234 -5.32422 663 8
13.5703 0.181519 628 8
-4.41797 12.3906 739 8
-11.3984 -11.0781 813 8
2.07227 -4.52344 620 16
4.76953 5.48438 695 8
-1.66797 -10.3906 724 8
7.25391 -6.37109 811 8
13.3984 -9.85938 716 8
2.60938 -2.53125 625 16
-0.421875 1.68066 552 32
-5.625 13.375 669 8
-10.25 6.25391 805 8
-10.75 7.64062 678 8
-12.4766 1.34961 721 8
-10.0703 9.125 838 8
9.64062 -13.6016 820 8
-8.64844 12.8984 745 8
-13.5859 7.35938 810 8
-2.27148 6.13672 596 16
-7.08984 -3.17188 745 16
-1.40723 0.790039 562 32
-1.6748 0.349365 605 32
4.37891 -4.67188 747 16
9.3125 5.44531 630 16
-4.26953 1.86523 684 16
-6.14844 7.19922 705 16
-11.875 11.9688 785 8
-5.13281 -13.1328 825 8
10.5938 8.50781 743 8
17.2656 -8.5 794 8
2.88672 -5.39062 707 16
-13.3672 -0.878906 884 16
-5.03125 -11.1562 821 16
-2.92969 1.49023 635 32
-2.7207 2.21094 655 32
-0.137939 0.531738 445 128
-0.24353 0.702148 519 128
0.310303 -0.258301 549 128
0.189209 0.0212708 528 128
-0.169434 0.0266571 610 64
0.578125 -0.114197 586 64
0.0739746 0.42041 585 32
3.33203 2.55664 546 32
-0.351074 1.15527 553 32
-2.49219 2.51172 630 32
1.56152 -0.664551 626 32
0.862305 -0.410645 621 32
-6.28125 -3.55664 747 16
7.57422 0.796875 637 16
-0.625 1.8877 625 16
4.61719 16.625 661 8
11.9141 10.5781 788 8
-5.60156 16.8125 707 8
-15.3047 12.5234 848 8
4.96094 -2.0957 661 16
0.726074 -2.09961 671 16
1.80469 -11.1797 826 16
0.702637 -1.89258 677 16
0.229248 0.00651932 580 128
0.0718994 0.504883 611 64
0.842773 -1.12988 620 64
0.106995 -0.638184 670 64
-0.119995 1.99512 648 16
12.5469 6.13281 644 8
23.0938 -1.91211 648 8
-7.47656 9.96875 714 8
-15.3828 8.03125 840 8
-0.304199 2.19336 638 16
-4.94922 1.90527 692 16
18.7344 -2.72656 656 8
11.5391 -9.14062 651 8
-17.5625 -14.1484 887 8
-7.24609 -11.4375 738 8
-0.391602 -0.928711 629 16
0.828613 -4.21094 681 16
1.2832 -1.79102 615 16
0.825684 -1.43262 642 32
-1.06738 -0.741699 634 32
0.101501 -0.379883 583 128
0.0133286 0.993652 633 64
0.425293 -2.2168 671 32
0.847168 -0.553711 598 32
1.65625 0.84668 695 16
7.34766 -2.68164 673 16
5.14453 -0.407227 721 16
3.67578 7.01562 729 16
5.5625 0.0966797 618 16
6.50391 5.46484 598 8
18.7031 3.47266 614 8
14.1719 14.7344 624 8
-10.2891 -14.5078 813 8
14.0703 -6.28906 737 8
8.33594 11.3047 698 8
25.2344 4.39844 838 4
36.5938 -4.24609 833 4
11.5938 24.4375 910 4
23.2969 -0.799805 1016 4
24.4688 -8.24219 827 8
19 -7.0625 787 8
14.0312 -10.6875 727 8
-19.3438 -11.1641 976 8
-8.82031 -17.4844 830 8
-1.02344 1.3916 605 64
-1.55566 19.9375 725 8
4.67969 -8.71875 830 8
0.209717 18.0938 743 8
7.78516 2.78516 828 8
5.30078 -0.733398 769 8
-0.382324 23.75 790 8
8.46875 0.0342102 809 8
11.625 12.4062 854 8
1.95508 16.1719 702 16
10.0781 -6.79688 895 8
4.8125 13.4766 929 8
-10.9062 -3.28711 973 8
-19.6875 11.2969 934 8
-6.33594 15.875 1001 8
3.99219 -25.0156 1057 8
4.75391 15.8672 936 8
6.65234 -18.5156 1090 8
7.86719 -16.1875 835 8
17.0469 -4.27344 698 8
10.8594 -8.5 890 8
26.7656 13.8125 777 8
6.54297 13.0938 1012 8
1.61523 -12.125 1126 8
-24.5312 0.801758 1044 8
-13.6016 21.3906 1004 8
3.83203 -11.4766 1005 8
-25.1562 -10.4453 1034 8
0.142822 -29.9844 1117 8
9.40625 -6.73047 851 8
-6.14453 1.28906 760 32
-11.0938 -2.375 880 8
-8.59375 23.375 877 8
-9.39062 7.13281 749 8
-15.0859 17.6875 851 8
-0.674805 -6.82422 1084 4
14.8203 -15.4688 976 4
-16.7969 7.19922 1071 4
13.7422 0.349854 1041 4
24.1094 1.09668 928 8
-20.8281 17.8594 959 8
-32.625 -2.35938 1115 8
-5.49609 5.36328 679 16
-11.375 0.348145 838 16
0.744629 -1.21191 603 64
-0.102783 -0.33667 563 64
24.9844 6.52344 672 8
15.7031 -8.78125 771 8
7.46875 -1.96875 953 8
11.1562 -18.7812 911 8
14.1953 -3.0332 632 16
-24.1562 -6.61719 938 8
-28.2031 -3.38477 904 8
18.25 -10.7734 774 8
13.2969 -8.96875 718 8
-22.2188 -8.32812 847 8
-23.9688 2.53125 812 8
4.99609 -5.22656 674 8
2.02148 -3.22656 645 8
9.25 -9.80469 649 16
0.437988 -0.748047 557 16
-10.9922 -5.875 794 8
6.91016 -12.9609 677 8
-2.99609 -1.32422 637 8
-6.50781 -3.58594 647 8
0.888184 -1.85742 580 16
16.0469 -20.8906 934 4
32.5312 7.59766 858 4
22.8906 -8.84375 1010 4
-11.0234 -22.9688 1013 4
2.31055 -19.6875 894 8
-13.9609 -21.3125 1099 8
-10.7578 -14.6484 885 8
-2.58789 -4.10156 755 16
-11.1797 12.375 835 8
13.6172 -7.05469 785 8
-1.23047 2.17383 781 8
-18.5469 -0.883789 799 8
22.9531 2.9707 704 8
5.00781 -14.3359 778 8
-23.125 7.32812 843 8
18.3125 -16.375 796 4
15.6953 -14.5 730 4
-23.0156 6.52344 828 4
12.0469 -2.69922 796 4
17.875 -5.10547 634 8
6.69531 -7.62891 625 8
-15.5 -0.28418 712 8
-4.73047 -8.30469 664 8
-0.334473 -1.56641 587 16
7.41797 -7.99609 657 16
-0.338135 -1.91797 590 16
-0.141724 -0.386719 555 64
-0.0824585 0.0275421 548 128
-0.15625 0.201538 559 128
-0.0248108 0.155762 530 128
0.30542 0.57373 551 32
1.02734 0.724609 562 16
7.02344 -0.367432 547 16
3.51172 4.12891 556 16
1.0752 11.7812 586 8
10.8125 1.9209 685 8
15.0547 -0.559082 619 8
-15.3125 2.49023 755 8
-0.635742 1.3418 564 32
13.7656 0.885254 577 8
10.7891 23.1406 610 8
-13.625 2.88281 678 8
-12.9453 16.3438 692 8
6.54297 -20.2812 846 8
-0.417969 -7.41016 670 8
-11.4062 -8.30469 848 8
-3.63477 -13.6875 706 8
-1.39355 3.68164 583 16
-4.49609 4.24219 682 8
-2.39844 -7.07812 662 8
-7.60156 8.60938 672 8
11.5312 -12.4375 673 8
0.437744 -0.878418 599 64
-0.499756 0.453613 562 64
-0.36792 0.0139084 582 64
-0.461914 0.296143 588 128
-14.0234 1.66309 751 8
-4.72266 -7.39453 692 8
8.5 16.3594 616 8
25.5625 -9.375 657 8
-10.7344 3.18164 673 8
-15.75 16.7344 718 8
14.8125 -8.79688 634 8
0.200806 -0.194824 623 8
-9.23438 10.8359 655 8
-28.25 -4.52344 859 8
-4.50391 2.58984 602 8
0.65625 1.06641 611 8
-11.1172 -1.76465 753 16
-10.0781 -5.83594 775 16
-1.08203 -3.27539 600 16
-3.37305 -4.36719 655 16
-0.555664 -0.899902 571 16
-2.36719 1.27539 588 32
19.0469 -8.28906 651 8
10.1484 -10.4453 606 8
-18 7.99609 725 8
15.5625 -5.48438 665 8
7.07031 -2.57812 576 16
-9.54688 7.61719 609 16
-4.03516 -1.04004 749 8
3.17773 -5.55469 695 8
-16.5938 -2.55273 656 8
-13.4062 -0.412109 617 8
0.112305 -0.638184 548 32
-0.0279083 -0.185425 530 32
4.75 -3.0918 555 16
-0.19043 -0.505859 540 16
4.84375 -0.0966797 688 8
12.7891 -11.1641 624 8
-13.0312 19.3125 628 8
4.75 -11.2969 724 8
3.50586 -2.61914 545 16
-0.0926514 -0.225586 530 32
-0.583008 -0.375977 567 64
-0.755859 -0.353271 564 64
0.386475 -0.523926 550 64
-0.071106 -0.195557 534 64
-0.257324 10.1016 666 8
2.20703 -12.0859 696 8
-5.71484 18.6719 624 8
7.92188 -12.7812 722 8
5.42188 -4.78516 592 16
-0.95166 13.5234 599 16
4.43359 -7.67969 707 16
1.30957 -2.28906 581 32
-3.28711 9.82812 610 16
1.85547 -8.80469 804 8
-3.7793 -8.17188 738 8
-7.10547 7.01953 778 8
-0.116028 -7.84766 773 8
2.99414 2.77344 605 16
-11.4062 16.4688 693 8
2.49609 -7.77344 769 8
-4.78516 1.88965 648 8
-9.97656 13.5859 683 8
1.875 -4.75391 663 32
0.24353 -0.378662 535 64
-0.0388184 0.0045433 519 128
0.0514832 0.092041 527 256
-0.232178 0.173218 592 128
-0.933105 0.0797119 626 64
-18.5938 17.8906 758 4
-26.6875 72.6875 910 4
-11.7969 13.5938 695 4
-53.7812 41.6875 838 4
-45.6562 18.5781 1142 8
-9.89844 5.43359 676 8
-23.5781 7.38672 764 8
-46.3438 13.9453 1236 4
-22.8906 -27.5938 1237 4
-59.3438 -10.3438 1073 4
-63 12.7422 1083 4
-30.0469 2.57422 1126 8
-23.0156 2.01758 802 8
-21.3438 18.0156 786 8
-1.92676 1.5127 618 16
-5.16797 2.83789 662 16
-14.6719 14.7734 1145 4
3.59961 -0.75 1188 4
-17.0938 23.7969 1039 4
-4.14844 31 1131 4
0.730469 -26.7031 1188 8
-18.6719 29.5156 966 8
-9.94531 -13.0469 1167 4
10.1953 -45.9688 1067 4
-17.75 8.29688 1092 4
-9.79688 -33.875 1073 4
-5.13281 -15.6172 947 16
-23.6094 33.4375 840 8
-19.1094 -10.8438 1030 8
-20.3906 15.3359 696 8
-30.8281 2.9668 899 8
-4.90625 -13.4844 847 16
-0.891113 0.16626 595 32
-1.40723 0.592285 605 32
-0.134277 0.0701294 572 64
-0.0405884 0.165039 573 64
0.124084 -0.10437 565 128
0.0127945 0.127686 562 128
-0.0621643 0.184082 600 256
-0.0223236 0.100586 562 256
-0.00672913 0.2146 585 256
-7.42969 0.460449 723 16
-0.310791 -2.91406 644 16
2.23633 4 620 16
2.32422 -4.44531 661 8
11.1328 -0.511719 610 8
-5.98438 1.46094 696 8
-12.6172 -8.21875 721 8
-6.55469 2.62695 665 16
3.16016 -2.25 635 16
1.33203 0.700684 601 16
1.30176 -0.59668 582 8
-14.1484 5.25 635 8
-8.07812 -7.61719 662 8
9.26562 3.95312 542 8
2.04883 6.01562 645 16
7.06641 -2.19141 648 16
-6.69922 17.9844 586 16
4.11719 -5.48828 749 8
2.48633 -7.3125 700 8
-4.62891 2.63672 790 8
1.04102 -1.89551 747 8
7.22656 2.49219 589 8
13.2422 -1.58984 600 8
-3.12109 -2.01953 672 8
-10.5938 -6.12109 679 8
-1.14941 -0.0183716 619 16
6.21094 -4.74609 662 16
-1.52148 -3.09375 639 16
-0.0908203 -1.27441 594 64
-4.23438 4.02344 537 16
-10.75 14.0078 664 8
-10 -4.67969 692 8
-15.8047 7.95312 603 8
-4.36328 1.3877 584 8
-0.564453 0.726074 509 16
-4.03906 5.15234 532 16
-9.61719 9.57031 722 8
13.7031 -1.86719 681 8
3.50781 11.7031 601 8
-22.625 0.474609 775 8
1.58691 -7.30859 678 16
2.4043 3.34375 664 8
14.0547 -11.9141 636 8
-14.2188 11.9922 606 8
-15.9219 4.87109 724 4
15.9688 -15.1719 688 4
-11.4922 17.9844 630 4
0.149902 4.99609 703 4
3.53125 -3.69336 589 16
-0.442627 0.322266 502 32
-5.39062 8.72656 533 16
6.16797 -14.625 708 8
2.56055 -8.42969 601 8
-10.8516 3.57812 673 8
3.3418 -13.6641 628 8
-1.16309 1.28516 507 16
-2.61719 4.49219 538 16
-0.306641 -0.908691 565 64
-0.0317383 -0.0786743 518 128
-0.021637 0.121277 502 128
0.0828857 0.144287 505 128
-0.0184631 0.158936 510 256
0.21875 0.158569 528 128
0.170166 0.0130692 539 128
0.223389 0.0620117 583 128
0.180786 0.118347 594 128
0.129395 0.116394 547 128
0.0910034 0.357422 560 128
0.419434 0.000292063 594 64
0.402344 -0.0150909 601 64
1.07129 0.328613 610 64
0.199585 -0.374268 649 64
0.10968 0.0964355 596 128
-0.196045 1.12598 550 64
0.656738 -0.392334 606 64
0.264404 1.17383 547 64
-1.7168 7.76953 594 16
7.26562 11.8047 653 8
8.89844 -11.5547 686 8
-10.1016 14.7344 708 8
4.86719 -16.8125 764 8
3.38867 -1.60547 627 16
-2.93164 14.7344 630 8
-1.16895 -13.0859 752 8
-7.73828 7.98047 642 8
-10.625 -8.77344 730 8
0.403076 -0.297852 627 32
0.437256 0.135254 638 32
0.915039 0.512695 621 32
0.184692 0.21167 597 128
0.0610352 1.24805 553 128
1.99023 -0.195801 667 32
1.20312 -0.205444 672 32
3.91602 1.508e-05 722 16
0.286377 0.179443 761 16
8.83594 -1.14844 792 8
15.2031 -4.85938 794 8
13.2344 10.5625 840 8
1.79102 -11.2344 965 8
5.46875 3.27344 780 16
2.51562 -2.18164 737 32
0.847168 -0.16333 672 64
-7.21875 11.1172 861 16
16.9375 -0.859863 915 8
14.5547 -1.38672 897 8
-11.4375 -12.75 1032 8
-15.3203 1.15723 961 8
3.74219 7.98047 753 8
3.03125 17.4688 807 8
1.80859 11.9531 788 8
-14.0078 -5.42188 948 8
-4.64844 -5.625 937 16
2.03906 -6.14844 880 16
5.63281 0.164551 761 16
-3.08398 -1.23242 846 16
-2.08789 1.37207 827 16
-2.83984 0.802246 778 32
-0.425537 2.16211 754 32
1.36426 -1.97168 814 64
0.197388 0.155762 622 128
0.227173 0.209351 636 128
0.231445 0.169922 672 128
0.250488 0.0717163 697 128
-0.108459 0.747559 613 256
0.683594 -0.123108 751 64
0.220947 1.01953 743 32
0.72998 -0.551758 767 32
1.21191 0.0950317 764 16
3.87891 2.05273 747 16
8.22656 5.59766 732 16
11.0156 -1.48242 788 16
5.04297 0.697754 739 32
1.07812 0.922363 760 32
4.625 -0.468018 786 16
0.884277 0.848145 798 16
2.47266 11.5547 800 8
6.625 -4.34766 841 8
5.86328 11.5391 806 8
19.0781 3.32227 857 8
8.17188 -3.1582 832 16
0.875 1.56738 808 32
-2.22852 9.64844 894 16
-0.5625 -10.8672 1062 16
-4.44922 1.07422 920 16
-6.32031 -3.10742 956 8
-1.45508 -1.94336 913 8
1.84277 1.82227 900 8
10.9766 17.0312 871 8
-4.00781 6.70703 848 16
-1.82617 -1.2998 951 16
0.67041 -0.748047 876 16
-3.17578 1.61719 930 16
-1.25781 0.172485 925 32
1.52344 0.478271 861 16
0.128418 1.34277 902 16
6.74609 0.238037 871 8
0.719727 -0.461182 896 8
14.9531 -14.3828 993 8
3.58984 -6.64062 925 8
0.0784912 0.494385 893 16
-0.572266 -0.716797 907 32
1.11523 -0.236572 761 64
0.482666 0.124146 763 64
2.44141 -1.7998 913 16
1.92578 -4.03516 840 16
3.51172 4.375 925 8
0.026825 -5.62109 998 8
-4.17578 -5.53516 962 8
-11.4609 -9.67969 979 8
-1.97754 -5.12891 906 16
1.24609 1.15137 795 32
-0.762207 -1.67285 895 32
0.945801 0.630859 826 32
0.539062 -0.4021 816 64
-0.637695 1.39941 828 64
-2.47461 -6.17188 1139 4
7.72266 -21.5625 1075 4
-20.5 25.2344 1059 4
3.79883 -15.8438 1105 4
4.11719 -16.375 994 8
-3.14453 13.3359 997 8
1.20898 -15.9062 1014 8
-0.585449 3.67383 894 16
-4.70703 -0.0470581 946 16
-1.4043 -0.169922 920 16
-1.09961 -1.68262 953 32
1.79199 2.02734 847 32
0.841309 1.58691 904 32
-0.273193 1.77148 816 32
1.37207 2.48047 842 32
0.255371 3.66992 800 32
6.5 1.95215 897 16
4.57422 4.8125 937 16
-5.80469 -0.193115 988 16
-6.61719 3.96094 1009 16
8.89844 12 888 8
21.6562 4.17969 923 8
0.774902 9.39062 945 8
-3.07031 18.1562 1043 8
17.9531 -6.61328 990 16
3.20312 14.2812 935 16
1.47266 14.5938 1191 8
24.9844 -16.5469 1261 4
32.1562 -14.2188 1180 4
-20.7188 4.77344 1307 4
-6.89844 -22.0469 1303 4
5.22266 27.375 1229 4
14.375 -21.0156 1294 4
-5.59766 28.5469 1247 4
11.2188 -14.3203 1335 4
8.75 -10.1484 1225 8
6.64453 -2.70703 964 16
6.12109 -0.159912 927 16
3.46875 -10.4453 1142 16
2.93359 13.8438 973 8
-2.31055 -13.4766 1086 8
4.875 4.71875 1010 8
7.1875 -7.54297 1033 8
1.11914 9.58594 976 16
-10.6953 19.8906 1210 8
-9.28125 -8.40625 1332 8
-8.48438 16.9688 1221 8
11.3594 -15.1797 1251 8
-3.89062 2.66602 1071 16
-7.51172 9.33594 1170 16
5.375 -5.75781 1227 8
9.39062 -13.7422 1150 8
-8.94531 -3.85547 1205 8
-9.10938 -2.99023 1164 8
-2.24219 -7.875 1149 16
1.4043 -13.3672 1212 16
-3.66406 -2.66602 1076 16
1.25879 -0.938477 884 64
0.54248 -0.317383 841 64
0.608398 -1.29492 945 64
1.01953 -0.203613 866 64
0.0160675 0.325439 197 256
-1.10742 3.02734 287 32
-7.69141 -8.14062 500 16
-0.855957 -0.105774 336 16
-1.69824 -3.35156 369 16
3.6543 1.38574 304 16
-0.310059 0.52002 296 32
0.973145 5.4375 285 16
20.0625 8.51562 335 8
3.34375 -12.9453 457 8
-7.25 13.8281 458 8
3.95703 -15.0312 451 8
-2.35352 2.66992 318 16
-9.13281 0.0212402 451 16
-0.379883 -0.0377502 344 64
-0.205933 0.437988 283 64
-0.20105 -0.0331421 313 64
-0.973633 1.34668 355 32
-6.69531 1.95801 435 8
-11.3906 5.28906 474 8
5.01562 9.89844 403 8
16.5156 -4.69531 436 8
1.39746 -0.548828 460 16
-6.25391 8.25 419 16
12.8594 1.97461 503 8
7.85938 -8.75 523 8
-11.8047 9.34375 514 8
-13.6953 -3.41211 566 8
-0.515137 0.750488 331 32
-1.87598 1.76953 377 32
-0.141113 0.0825195 452 64
-0.372314 0.722168 322 64
-0.400879 1.63672 377 64
-0.270752 0.189819 281 128
-0.480225 0.586914 302 64
-1.0459 1.33008 354 64
-0.319092 0.363037 275 64
-0.506836 0.541504 305 64
-0.0551758 0.197144 178 256
0.0356445 0.197388 232 128
-0.0560913 0.366211 260 128
-0.541992 0.299316 220 32
-4.33984 13.75 239 8
5.84375 -6.9375 267 8
-1.29102 3.13281 227 8
-5.72266 10.875 305 4
3.72461 -13.375 291 4
-6.89844 32.625 276 4
23.0156 -14.3203 348 4
2.29688 -1.48926 243 16
-2.97461 8.29688 216 16
4.92969 -7.00781 316 16
-0.210449 0.369873 205 32
-1.22559 2.59766 219 16
-2.27344 22.875 316 8
42.75 0.324951 392 4
32 -31.4219 379 4
-17.1094 7.37109 538 4
-6.82422 -34.25 502 4
-3.83008 23.75 253 8
-1.78223 -12.7109 497 8
0.335693 1.99414 206 16
-5.22266 23.3125 241 8
-12.8047 -15.1016 475 8
10.6328 16.6094 248 8
-9.71094 -12.5234 452 8
0.148193 -0.550293 254 64
-0.215088 0.387451 198 32
-0.317139 1.72168 208 16
-6.42578 25.9688 317 8
15.8359 -24.8125 403 8
3.21289 30.1094 225 8
13.2188 -14.1719 483 8
-0.271484 1.50488 207 16
-14.5156 17.3125 283 8
-27.1094 22.0156 461 4
3.27344 -11.0703 522 4
-2.09961 35.8438 335 4
-3.37305 7.77344 493 4
-8.48438 9.07031 264 8
-13.1094 25.8438 350 8
-0.279297 0.349609 191 32
-1.7959 2.34766 212 32
1.65234 -4.22656 293 16
0.126099 -0.902344 250 16
3.72461 -27.0938 430 8
1.65625 -2.77734 270 8
6.96094 -23.4375 493 8
11.8203 -5.28906 279 8
0.818359 -2.24609 259 16
-0.17627 -0.51709 237 32
-28.5156 11.3203 525 4
5.42188 -11.5703 522 4
-30.0156 13.2734 396 4
-28.2656 22.2188 468 4
9.22656 -25.3125 440 8
-9.13281 15.7266 267 8
-25.2656 8.42188 466 4
-9 -28.1406 429 4
1.32422 27.2656 361 4
28.0625 -16.1719 387 4
4.50781 -5.25391 272 16
-2.08594 7.33594 262 8
-17.1719 16.1719 385 8
-10.0703 10.625 260 8
-5.60156 11.5 261 8
1.4502 -19.875 445 8
7.06641 -5.37891 264 8
0.399902 20.8438 391 4
16.3906 -26.6875 389 4
-24.6719 14.1719 395 4
-10.2734 -7.92188 431 4
5.21484 -13.8359 308 8
-0.261719 -0.70752 234 32
-0.149048 0.268555 242 128
0.283936 -0.291748 477 128
-0.228882 0.419922 478 128
-2.48047 2.98047 459 32
8.67969 4.4375 516 8
11.8672 -7.36719 548 8
-1.82129 19.2031 567 8
-2.59961 -22.3438 717 8
0.114136 -0.260742 531 16
-8.96094 16.9219 535 8
-13.0625 -11.6172 683 8
2.79102 5.72266 473 8
-5.58594 -8.13281 544 8
-4.26953 -0.841797 530 16
-2.35156 0.388672 437 32
-2.60156 -0.20166 454 32
-1.15527 -0.373047 498 64
-0.711426 0.448975 351 64
-0.825195 0.451172 383 64
-0.188232 0.161255 441 128
-0.759277 0.944336 544 64
-1.36914 2.01758 634 32
-8.80469 2.77148 780 16
0.190674 -2.53711 697 16
2.98438 2.04883 637 16
0.922363 4.00781 681 16
-1.04395 1.67285 596 32
-1.15723 1.74219 647 32
-0.45874 0.817871 503 64
-1.07812 2.32031 565 64
1.6377 -1.52734 670 32
0.774414 0.0553589 640 32
-1.57129 -1.73438 707 16
1.1123 1.13379 667 16
7.54297 4.97266 607 16
11.2188 6.56641 640 16
1.5957 -1.03711 675 16
1.05469 0.4375 662 16
15.0781 -0.307861 707 8
17.9844 -4.58984 704 8
2.71875 -5.69141 900 8
-2.58008 -13.4766 853 8
1.85059 -2.27539 707 16
0.736328 -0.0510559 645 64
5.03516 21.5156 694 8
13.1016 8.67188 842 8
6.05859 6.33594 770 8
-17.5469 7.5625 901 8
21.4844 -7.55859 882 8
-7.74609 -10.1406 908 8
-17.7344 3.06641 961 8
1.55566 -13.8672 877 8
-5.8125 1.35254 773 16
-10.0078 4.64844 813 16
-2.66211 -4.07812 810 16
1.11426 -1.63184 725 16
-0.394287 -8.77344 843 8
11 -0.489502 739 8
2.90039 12.0156 783 8
5.02344 -9.03906 880 8
2.35547 -1.74902 778 16
-1.50098 2.57031 663 32
-11.25 12.0625 812 8
-10.3281 -8.83594 910 8
2.44141 4.88281 728 8
-0.550293 2.84766 802 8
2.04492 -1.68555 776 16
-5.66797 2.54297 787 16
1.94043 1.18945 807 16
1.03613 -0.952637 729 64
-0.198608 0.984375 468 128
-1.60156 1.4707 626 32
-1.7207 5.67969 650 32
2.90625 1.85254 556 32
0.424805 0.979004 643 32
7.34766 -3.32031 791 16
-0.403076 -1.44141 787 16
-10.9297 -6.0625 934 16
-1.65234 0.456299 758 16
-0.452881 -0.214844 752 32
-0.439209 1.40137 687 32
-0.716797 -0.623535 725 32
-9.21875 8.33594 624 8
-6.94922 3.52148 676 8
2.0332 4.61719 629 8
-9.22656 -5.61328 676 8
-9.27344 0.27832 697 16
-5.13281 -3.54297 642 16
-1.10938 0.829102 572 16
-13.6875 11.3047 712 8
2.12695 -0.812012 766 8
-8.10938 6.39453 654 8
-19.1875 -2.41016 736 8
-4.25391 -3.70117 721 16
-1.3584 1.57422 589 16
-1.69922 1.36523 616 16
-0.647949 0.902832 536 32
-0.91748 1.18945 569 32
-1.93359 0.0558472 712 64
-0.125488 0.419678 313 128
-0.130737 0.4375 363 128
-0.215576 0.348877 281 128
-0.17627 0.591797 325 128
-0.123291 0.720215 419 128
-0.262207 0.762207 526 128
-0.980469 1.07422 412 32
1.39941 2.70312 393 32
2.12305 0.740723 380 16
2.18359 -0.19104 395 16
5.41406 6.66797 440 8
26.4375 4.49609 454 4
30.4844 3.54883 476 4
-27.8125 6.125 549 4
-17.6406 9.69531 560 4
-10.0547 0.15918 435 8
-13.4297 7.20312 448 8
7.84375 -7.26562 538 8
12.125 -6.63672 451 8
-16.9219 -1.12109 502 8
-7.29688 -1.86133 457 8
0.499756 3.25781 398 32
1.88574 -3.33398 512 16
0.602539 -0.62793 458 16
13.4297 5.84375 498 8
10.4531 -9.92188 524 8
-10.875 7.9375 626 8
1.71191 -9.97656 618 8
1.68164 -2.79297 492 16
0.606934 0.22522 455 32
-2.36719 11.3594 518 8
1.48926 -8.42969 607 8
17.0312 7.76953 551 8
8.82031 -13.8516 620 8
2.81055 -2.92383 516 16
-17.0625 15.8203 595 8
4.07422 -4.07422 715 4
20.6875 -18.4844 651 4
-32.125 10.1953 672 4
-4.47266 9.27344 682 4
10.8594 5.19922 480 8
-1.0918 16.9375 566 8
18.7031 -11.7344 587 8
6.41797 -2.6875 532 8
-7.71094 -14.4766 761 8
-3.89453 -13.3516 636 8
1.41699 -0.976074 492 32
-0.536621 1.21484 374 16
-2.47656 3.23828 412 16
0.348389 7.40234 335 16
13.625 -3.13086 435 8
10.125 4.76953 407 8
1.70215 0.630859 496 8
-2.99023 -3.5918 457 8
-1.23535 4.97266 438 16
-2.23438 0.773438 532 16
-6.15625 -1.38672 505 16
-1.42969 1.72363 438 16
-2.68555 5.57031 365 16
-14.7969 -5.01562 577 8
-0.812012 -11.6562 471 8
-6.20703 -0.238037 421 8
-4.45312 -3.13086 431 8
-0.53418 0.975586 364 16
1.22266 2.59375 362 16
2.12695 0.825195 387 32
-9.46875 4.94141 594 16
-9.875 -2.69531 652 16
-3.64648 0.948242 493 16
-1.32422 1.88965 471 16
0.152588 -1.76367 570 16
-1.69531 -2.0625 567 16
4.12891 11.3438 495 8
8.80469 -3.52539 540 8
-6.60547 13.8203 521 8
0.238037 3.31055 619 8
1.35449 -4.62109 567 16
0.865234 1.73633 428 32
-6.85547 4.875 553 16
7.21094 -7.76562 571 8
9.82812 3.07812 514 8
-12.3359 6.65234 591 8
-1.54688 11.4141 591 8
3.16406 2.29297 466 16
1.44531 1.32812 541 16
-0.0917969 0.517578 480 128
-0.00918579 -0.00444794 142 128
0.0470886 0.391602 142 128
-0.931152 0.863281 96 64
-0.554199 0.663086 140 64
-0.400391 0.463623 47 64
-0.95752 0.672363 95 64
0.0831909 -0.26123 147 32
4.01172 0.12085 131 16
0.480225 0.254883 154 16
-4.80469 9.64062 167 16
-0.999512 -6.07812 237 16
0.00786591 -1.22656 168 32
-1.1377 5.77344 132 16
4.05078 -5.80078 196 16
-0.882812 0.703125 140 16
-3.76562 0.546875 187 16
0.332275 0.832031 155 64
-0.89209 0.48584 127 64
-1.29785 0.468262 176 64
-0.260986 0.289062 191 128
-0.12915 0.0966187 212 128
-0.048645 -0.236328 179 128
-0.0523376 0.33252 159 128
-0.0418701 0.412842 29 256
-0.0726929 0.282959 109 256
-0.171997 0.297852 229 128
-0.243042 0.536621 269 128
0.911621 -0.333984 201 32
0.0874634 0.231201 204 32
-0.0917969 1.47656 203 16
-1.94922 2.25 237 16
9.47656 8.85938 207 8
17.2969 -4.29297 252 8
-3.60547 20.9375 243 8
16.5156 12.2188 408 4
29.9219 -21.1719 411 4
-35.5 6.42188 431 4
-19.8438 22.4375 431 4
12.9062 -2.24219 221 8
3.35352 -0.833008 219 8
23.4531 -5.57812 359 8
13.2266 -14.2578 305 8
0.714355 -0.999023 233 32
-0.0609436 0.332764 215 64
-4.67578 4.55469 221 8
-13 8.04688 308 8
9.07812 -3.27734 209 8
2.00977 0.956543 218 8
-27.6875 8.11719 419 8
2.29883 -10.0938 432 4
24 -25.1406 363 4
-20.1875 11.5938 365 4
-10.625 4.875 405 4
-0.142822 1.6123 239 8
-12.9453 10.6953 299 8
-6.22266 4.6875 231 16
8.125 -4.11328 319 8
-5.69922 -1.14551 299 8
-14.4922 9.85156 271 8
-5.83984 -12.4922 321 8
-1.7002 -1.07422 292 32
1.67773 1.28809 165 32
0.703125 0.709473 226 32
0.0704956 -0.0960083 224 64
-0.0864868 0.512207 237 128
0.239258 2.04492 341 16
0.209717 4.14844 362 8
2.86133 12.8906 384 8
4.00391 9.03906 398 8
-8.30469 3.48242 511 8
-1.62598 2.43945 346 16
4.44922 4.74219 341 16
3.40625 14.4922 497 8
16.3438 -9.67969 548 8
-20.4219 -5.32031 599 8
-14.7422 3.59961 557 8
16.0938 -5.85547 489 8
13.5469 2.75 472 8
-2.80469 12.6875 541 8
11.2031 -3.22852 607 8
5.69141 10.0078 388 16
9.92969 12.3516 527 16
-1.81348 1.06445 335 16
-9.98438 6.74609 406 8
-8.78125 14.3281 471 8
4.61328 16.6094 311 8
-10.7422 -7.125 478 8
-0.0332642 1.06348 311 16
-2.62891 1.94336 352 16
-14.1484 3.10938 557 8
-11.9219 18.0781 620 8
-1.16016 17.0312 400 8
3.2793 16.9375 532 8
-10.2031 12.75 741 8
-11.5312 4.92969 843 8
-16.8438 -5.26172 713 8
-18.9219 -1.03223 730 8
2.80273 17.8125 407 8
-20.2656 9.08594 585 8
-10.8438 5.79688 404 8
-7.08984 12.7422 443 8
-3.86523 -20.0938 632 8
-16.7188 -1.93652 572 8
-20.75 -10.0156 578 8
-7.32812 -0.462646 437 8
7.13672 -0.896973 490 16
11.3438 4.07812 472 16
19.1875 0.294434 605 8
20.0625 -1.51465 601 8
32.4062 4.92188 790 4
37.3125 3.02344 775 4
-11.0234 3.42383 900 4
-22.8906 -13.5938 901 4
-11.125 -5.14844 845 8
15.4141 9.9375 622 8
21.9062 8.82812 676 8
1.67969 13.3203 781 8
-19.0781 -16.7969 887 8
10.625 1.8291 498 16
12.4609 -1.73438 544 16
25.4531 8.74219 681 8
18.1094 -2.60156 747 8
-25.6406 -1.72559 828 8
-18.9531 7.64453 754 8
-7.75781 -7.01953 834 16
-22.2188 -11.9531 854 8
-13.3438 3.12109 701 8
-19.375 -9.98438 679 8
-5.9375 14.6562 544 8
-5.52344 16.3125 751 8
8.79688 -24.0312 768 8
-6.34766 21.8438 669 4
-30.8125 -0.574707 768 4
-3.87305 11.9219 660 4
-11.3203 -18.3125 673 4
-20.6719 -15.7812 769 8
-5.65234 6.27734 459 16
-8.74219 -5.10156 648 8
-11.375 -6.17188 558 8
-18.0625 3.41211 556 8
-5.12109 -4.85547 486 8
-8.25 -1.34961 621 16
-4.97266 3.6875 622 16
-4.50781 2.78516 483 16
-3.84766 1.81152 515 16
-0.237427 0.995117 318 64
-0.981445 1.58691 399 64
9.64844 4.12109 550 16
4.41797 -4.86719 617 16
-1.68066 5.68359 704 8
7.47656 -4.35938 680 8
3.28711 10.0703 671 8
13.7969 9.27344 732 8
14.3516 -3.45703 639 16
2.87109 -1.5293 566 16
3.2832 -1.78027 548 16
14.2109 4.91406 593 8
13.3047 -0.986328 614 8
2.57617 8.74219 705 8
-4.26562 -12.8672 787 8
1.41602 -5.91406 665 16
-12.4062 17.3438 719 16
12.6172 -10.3203 961 4
35.9688 -0.699707 880 4
-15.3203 16.9688 956 4
-6.42188 -10.7188 1016 4
-0.168091 -16.7812 930 8
-17.9219 11.25 902 8
-12.9453 -12.0391 926 8
-4.07812 9.6875 543 8
-12.0078 11.3672 655 8
14.0156 8.14062 497 8
17.4219 12.5938 554 8
-16.1562 10.6484 769 8
-10.6641 -10.2891 827 8
15.0391 7.72656 657 8
8.4375 -8.61719 715 8
-0.744141 -9.36719 776 16
0.71582 -1.82227 625 16
-0.358643 -3.44336 693 16
3.94336 2.18359 614 16
1.09473 -1.31348 576 64
2.30859 16.5 616 8
21.2969 6.84766 705 4
11.6484 15.6484 752 4
-27.3594 -3.72461 745 4
-28.0625 14.4219 741 4
-15.0703 -5.45312 664 8
-16.5 3.71094 630 8
-13.4219 -3.82227 815 16
-2.87305 5.26172 504 16
-13.4375 -6.71094 629 8
8.78906 11.1562 504 8
4.47266 11.7578 476 8
-9.89062 3.58398 622 8
-8.07031 -1.06836 706 16
-3.7793 5.40234 674 16
-4.56641 -3.99219 645 16
-12.6797 9.89062 626 8
6.45312 -5.06641 641 8
3.71484 14.4688 539 8
-8.78906 -1.18262 694 8
-1.63281 1.72266 463 32
-2.73242 1.76562 525 32
-7.28125 1.72656 732 16
0.73584 -4.83203 652 16
-2.37305 -1.74805 622 16
0.671387 3.01953 609 16
0.0332947 -1.50781 602 32
-3.42383 0.166992 581 32
-0.570801 1.63281 523 32
-0.237671 0.878418 313 128
-0.188843 1.4209 412 64
0.860352 1.28027 468 64
-0.0414734 1.98828 378 64
2.58594 1.11328 492 32
-0.999023 0.920898 576 32
5.99609 16.8438 521 8
-2.61328 -9.57031 702 8
-6.16797 12 560 8
-16.5 -6.47266 683 8
-3.45703 -4.10547 610 16
-5.65625 -1.73926 583 16
-2.50781 -0.634766 533 16
-1.6084 0.124573 544 32
-0.443359 0.00774765 241 128
-0.0675659 0.460693 212 128
-0.0718384 0.329102 149 128
-0.0599365 0.468994 189 128
-0.120117 0.850098 275 128
-0.330322 1.00195 396 64
0.956055 0.55957 454 32
2.91211 3.0332 447 32
-0.440186 1.46582 476 32
0.991211 7.50391 521 16
0.821289 -0.645996 613 16
0.0690918 2.125 544 16
3.07812 9.48438 534 16
-0.591309 0.898926 368 64
-1.95605 1.93555 456 64
-0.114685 0.582031 255 128
-0.143799 0.777832 331 128
0.245972 -0.0450745 647 128
0.746094 0.411377 634 64
0.913086 0.845703 643 64
0.113892 0.477783 698 64
-0.149536 -0.192017 753 64
-0.0982056 0.145142 700 128
0.266602 0.44165 711 64
0.239502 -0.083313 740 64
0.0751953 1.16211 697 64
3.4707 0.703125 739 16
2.82617 0.819336 746 16
8.47656 12.375 776 8
21.3438 -10.4688 868 8
-1.56641 19.2656 795 8
-10.625 25.3594 980 4
15.6484 -21.2969 1026 4
-8.59375 18.5469 963 4
-11.2969 6.59766 1055 4
13.4766 -6.29688 802 8
2.92578 -2.75586 791 8
18.0781 -15.0781 963 8
14.1484 -13.3906 849 8
1.90918 0.253174 746 32
-4.34375 9.46875 800 8
-9.69531 13.3516 900 8
6.52344 3.01367 798 8
15.1562 18.2812 830 8
-8.46875 26.0625 1032 4
20.4844 -17.5469 1045 4
-10.1719 23.8125 973 4
-4.57422 27.4688 1078 4
24.7812 -23.0781 1035 8
23.2344 19.0938 955 4
-17.2188 4.67188 1079 4
-4.54688 0.649902 1060 4
-9.71875 -19.0625 1028 4
-28.6562 -0.391113 1121 8
1.45898 -7.11328 905 8
-18.6094 8.35938 958 8
-13.2031 -6.14844 896 8
-2.33203 4.74609 819 8
-18.375 -7.54297 1036 8
-11.0859 -3.45117 920 8
5.98828 -3.21875 851 8
0.0401611 -3.34961 838 8
16.1406 -10.8516 874 8
6.16016 -5.85547 818 8
-19.3438 -15.0938 1064 8
-0.0341797 -4.99609 867 8
-3.26367 14.8047 836 8
-5.21094 -15.2109 922 8
1.77637 -0.693359 826 8
-0.4375 -4.55859 820 8
-2.47266 -1.8877 848 16
-1.10938 -0.932617 811 16
0.716797 -1.09082 714 64
0.441162 -0.178589 658 64
0.262207 -0.646973 732 64
0.88916 0.090332 677 64
0.236938 -0.170654 644 128
0.204102 -0.0532837 728 64
0.649902 0.898438 713 32
2.04883 0.510254 735 32
0.295898 0.989258 733 32
2.56836 4.79688 741 16
9.46094 0.202637 813 16
-2.86133 8.52344 789 16
-5.72266 5.78906 957 16
1.0957 -0.414551 756 64
-0.337891 1.53223 753 64
2.7207 -0.776855 722 32
1.02441 -0.960449 728 32
8.20312 8.78125 841 8
8.65625 -8.30469 874 8
7.39844 14.4375 867 8
13.5703 -16.2969 954 8
4.76953 -4.84375 816 16
6.23438 5.73828 970 8
11.4531 -10.7109 1041 8
-10.6797 12.1719 1015 8
-10.4375 2.7168 1061 8
5.98828 -10.1875 944 16
2.13086 -2.5 779 32
0.657715 -0.501953 709 64
1.20215 5.79688 923 16
2.03516 -11.2109 1004 16
-7.45312 4.98047 902 16
-4.82422 -3.97266 959 16
1.44434 -3.02539 835 16
0.602051 -1.55469 784 16
7.5625 3.06445 899 8
5.96875 -9.91406 879 8
0.894043 13.3906 891 8
13.6172 -13.2344 932 8
3.10742 -3.97656 816 16
3.19922 8.1875 802 16
3.44922 -5.82812 896 16
-3.25391 1.7627 839 16
-4.74219 1.54004 875 16
-2.92773 -0.00491333 886 32
0.35498 -1.11328 779 64
-0.310303 0.512695 619 128
-1.94727 1.75195 696 32
13.6953 23.1406 828 4
21.1094 -15.7734 874 4
-25.4688 -6.52344 909 4
-28.2344 -2.29883 904 4
9.875 -10.1328 811 8
-13.1406 -0.626465 784 8
-17.2188 11.1562 797 8
2.25781 -3.12891 781 16
-1.31348 1.03613 694 16
-13.8828 11.9688 772 8
8.55469 0.203857 768 8
-1.79688 1.93066 699 8
-13.1172 7.26953 762 8
-0.357422 0.680176 657 32
-0.665039 0.710938 685 32
-4.42578 2.19922 785 16
-10.7266 12.0391 907 8
14.8516 -8.33594 880 8
-9.61719 6.18359 802 8
-8.50781 19.4688 840 8
-0.919922 -1.72949 755 16
-5.03125 5.92188 763 16
14.9609 -5.62109 817 8
3.9375 -3 806 8
7.29297 -3.42969 958 8
9.19531 -15.8516 886 8
1.01172 -1.94922 795 16
-11.7422 18.4531 901 8
9.82812 -17.4688 961 8
-14.0469 5.79297 839 8
-20.3906 1.80762 910 8
0.869629 -6.72266 865 16
-1.15625 0.258789 724 32
-2.57617 1.17188 762 32
-0.538086 0.510742 649 64
-0.788086 0.381104 690 64
-0.200195 0.470459 554 128
-0.320557 0.304688 622 128
-1.51562 3.61914 770 32
7.48828 2.97656 826 8
9.53125 -5.71094 824 8
3.23633 13.7109 858 8
9.40625 -15.7734 953 8
2.70117 -1.49512 816 16
-5.625 3.91406 896 16
-2.06641 -5.28516 899 16
-1.20996 2.08203 756 32
-1.04102 7.09375 795 16
6.82422 -0.241821 833 16
-3.42188 3.88477 813 16
-2.88086 9 951 8
-2.00781 -4.39844 940 8
-19.375 13.8828 905 8
-10.9609 -10.7656 975 8
-0.264648 -0.532715 817 64
-1.64062 1.10938 726 64
5.39062 -5.22266 812 16
-1.88867 -0.91748 786 16
0.15625 -15.8438 916 8
7.10938 -2.57617 789 8
-13.0781 5.35547 804 8
-4.21875 3.79297 837 8
0.685059 -4.07422 779 16
-0.605957 -0.347412 760 32
-0.131226 1.79297 694 32
1.37305 -0.097168 748 32
-0.57373 0.827637 799 16
5.3125 3.86328 773 16
0.4021 2.59766 775 16
-0.0714111 14.7344 818 8
-4.15234 0.952148 977 8
7.24609 12.8203 807 8
-2.00586 -9.61719 943 8
1.61719 -2.61133 844 32
-0.179932 3.31445 788 16
-3.41797 7.49219 918 8
-6.30078 -11.9219 925 8
-13.1406 2.58203 869 8
-8.63281 -4.14844 880 8
-3.12891 0.16394 792 16
-3.27344 0.694824 788 16
-2.07812 -1.21191 829 32
-0.409668 -0.436035 774 64
-0.359131 -0.415771 752 64
-0.307861 -0.0353394 730 64
-0.71875 0.345947 658 64
-0.838379 1.34277 685 16
1.39746 12.7188 666 16
-0.895996 1.10742 673 16
-4.27734 7.55859 701 16
9.16406 -5.9375 871 16
2.15625 -4.86719 809 16
-6.52344 -1.12793 924 8
-0.420898 -4.94922 859 8
-6.01172 14.7188 821 8
4.55469 -11.0391 863 8
1.9209 -1.24512 794 16
-0.977051 1.48926 655 32
-4.15234 18.9375 740 8
7.46094 -7.46094 858 8
-9.67188 16.4844 745 8
-8.95312 7.3125 884 8
12.9219 7.25391 789 8
17.6875 4.76953 832 8
9.57031 3.97461 857 4
-5.69922 16.6875 903 4
11.3438 -6.54688 922 4
-11.2969 -11.5938 914 4
-20.5156 1.90625 985 8
-2.08789 5.94922 698 8
-10.2812 14.6328 794 8
-2.52734 14.8984 685 8
-3.16797 -7.53516 834 8
-7.84375 -1.84082 869 16
-0.778809 0.147339 620 64
-1.80078 1.74121 645 64
0.987793 -1.52441 759 32
-0.00539398 -0.97998 726 32
18.875 -5.1875 850 8
10.4297 -1.51465 832 8
-10.2031 -5.69141 988 8
2.04688 -9.92188 881 8
11.7891 -7.74219 838 8
9.57031 -7.14062 765 8
-2.04297 -2.16211 833 8
6.91406 -4.91797 779 8
-5.46094 -0.68457 879 16
-5.36328 -1.59473 835 16
0.256592 -1.73535 740 32
0.257324 0.936523 664 64
-0.0260773 7.07812 708 16
11.6641 -0.273193 732 16
-4.15625 5.78516 706 16
-12.1484 18.9219 877 8
14.1719 -0.625 982 4
21.5938 -10.75 957 4
-18.4688 17.2656 978 4
-24.75 -20.8438 1023 4
-15.2422 9.99219 800 8
-9.38281 -1.94336 896 8
12.3281 -2.69141 738 8
-1.56543 -4.42188 754 8
5.76953 -7.74219 879 8
4.72266 -14.5156 789 8
-0.992188 -2.14062 720 16
-5.60938 -9.70312 914 16
2.20898 -2.07422 704 16
-2.31836 1.84473 675 16
-8.14062 12.0703 765 16
-1.81055 0.158691 648 16
-3.28125 2.62891 661 16
2.92383 -15.2891 874 8
-1.44922 -7.15234 784 8
-10.8281 0.764648 845 8
-1.25684 -9.96094 813 8
0.97168 0.496582 713 16
-5.37891 11.2969 694 8
-1.88379 -6.64844 785 8
-3.51172 15.7891 675 8
0.723145 -9.94531 826 8
-3.96289 -0.557129 743 16
-0.454346 -0.762695 687 32
-2.52148 4.94141 686 32
0.386719 -2.84766 720 32
-1.0459 1.97852 649 32
-0.00249863 0.378418 630 128
-0.15979 0.878418 685 128
0.152344 -0.241699 684 128
-0.0846558 0.469238 678 128
-2.17188 3.55469 837 32
15.0312 4.61328 862 8
15.0469 9.70312 897 8
-8.73438 3.84961 1028 8
-6.98828 -2.69531 1071 8
21.5 -3.93945 970 8
14.375 -0.276611 974 8
-9.72656 4.97266 1066 8
-1.62305 5.78906 1054 8
-5.74609 1.61816 929 16
1.83105 22 956 8
2.86328 3.30469 1086 8
-10.7969 22.3438 965 8
-5.70312 -13.0859 1120 8
0.116699 0.139282 810 32
-2.78906 2.43945 849 16
-10.4922 4.42578 989 16
1.34082 1.5625 807 16
-1.20508 1.28711 847 16
8.63281 5.17969 983 8
7.53516 4.57812 1044 8
0.419678 2.63867 1096 8
-8.03125 -5.90625 1137 8
-5.76953 8 1093 16
-5.52344 -7.69531 1108 16
-1.28125 10.7578 986 16
2.42773 -12.1953 1203 16
0.114746 -2.79492 1023 16
3.3418 7.22656 1134 8
2.78516 -13.8203 1144 8
-13.1875 -8.53906 1196 8
-15.8359 -3.39062 1148 8
5.15625 -5.96094 1023 16
-4.12109 -1.75781 973 16
-5.41406 10.4375 968 16
-2.41602 1.62598 878 16
-3.28711 4.17188 919 16
2.62891 -9.41406 1120 16
-5.26172 -3.2832 1051 16
-12.2734 16.5 1026 8
9.99219 -8.46875 1076 8
10.5938 11.0078 953 8
-10.1172 -0.135376 1114 8
-0.442627 -6.18359 1025 16
-0.769043 0.740234 781 64
-2.25586 1.57031 846 32
-9.6875 5.07031 998 16
-1.54395 -11.9844 1085 16
-2.65039 5.96875 847 16
-1.64844 -0.710938 998 8
1.05273 -7.41406 934 8
1.80566 11.7734 962 8
4.86328 -15.7109 1004 8
-0.578613 0.956055 791 32
-1.4209 1.31152 835 16
-16.2188 12.3125 929 8
-7.19922 -11.6484 1023 8
-2.82031 1.90723 845 8
-11.9688 7.58203 899 8
-0.595703 1.06445 812 16
2.78125 -1.0791 831 16
-0.901367 -0.743164 972 64
-0.110046 0.399414 917 64
-0.847168 0.0430603 890 64
-0.583984 -0.189819 904 32
-0.837891 5.17969 885 32
-0.707031 -0.0669556 879 32
-0.335693 0.0466309 900 32
-0.210449 0.575195 745 128
-0.688477 0.201416 831 64
-0.529785 1.15039 829 64
-0.594727 0.236328 784 64
-0.907715 0.451172 806 64
-0.0596313 -0.685059 738 128
0.00889587 0.0578613 668 128
0.308594 -0.325195 698 64
-0.00260353 -0.715332 673 64
0.742676 -4.22266 803 32
-1.10352 0.721191 682 32
-2.74219 7.375 713 16
-1.66602 -4.02344 765 16
-1.83594 7.74219 662 16
-1.83691 -5.64453 775 16
-0.816895 -0.273193 673 32
-0.740723 -0.816406 688 64
0.0283356 0.176758 617 128
-0.260986 0.344971 700 128
-0.282471 0.214355 746 128
-0.145508 0.281738 637 128
-0.130859 0.297852 674 128
-0.166138 0.0130463 528 128
-0.324951 0.121094 553 128
1.16406 -0.620117 553 32
0.595703 -0.960938 543 32
-1.58105 -0.580566 611 16
0.598145 -0.507324 572 16
2.05664 0.652344 560 16
6.76562 6.90234 559 16
2.00977 -3.15625 585 32
0.366943 -0.926758 520 64
-1.40234 -0.51416 605 64
-0.221558 -0.602539 521 64
-0.192505 -0.0497131 484 128
-0.74707 0.0866699 571 64
-0.62207 0.543945 573 32
-1.01758 0.833984 595 16
-1.54785 0.999023 611 16
1.00879 1.91895 570 16
9.02344 2.94531 578 16
-0.90625 0.35498 556 32
-2.13477 2.36328 574 16
-4.09766 15.1172 621 16
0.220215 1.99023 541 16
-3.31836 4.87891 598 16
-0.67041 0.0628662 524 64
-0.90625 0.273193 531 32
5.94141 6.42969 521 8
13.1328 1.30273 543 8
-0.904297 16.2812 545 8
19.8438 19.75 653 4
29.0625 -11.2734 697 4
-14.4922 22.75 699 4
-1.89941 10.5469 780 4
6.19922 -1.28516 570 8
-1.55762 3.55469 590 8
19.4844 -10.8438 669 8
8.125 -6.72266 617 8
-6.04297 13.875 562 16
1.32422 18.9219 791 4
27.1406 -24.8438 805 4
-2.125 31.4219 766 4
-8.77344 -24.8125 894 4
3.87109 -17.8594 732 8
-10.2812 11.7109 791 8
-2.4043 -20.625 764 8
-0.740234 -0.0966797 507 32
-1.27344 13.1797 474 16
13.5938 20.5938 669 4
0.150024 -1.49902 781 4
8.27344 30.5156 725 4
-0.449951 -29.7969 844 4
-1.56055 -19.2969 731 8
-25.7969 -10.9609 832 8
-13.8984 -11.7344 684 8
-2.24609 1.47461 497 16
-3.85938 0.384277 539 16
-0.352539 0.557129 614 16
-0.527344 0.975586 625 16
10.6562 -1 627 16
3.15039 -1.84961 642 16
-4.90625 6.05469 668 16
1.83594 -0.881836 686 16
2.0332 1.7373 629 16
2.36328 9.38281 669 16
18.3906 14.2969 857 4
20.6094 -22.4219 875 4
4.44922 29.1875 885 4
2.74805 -28.0469 971 4
4.36328 -16.2969 836 8
-25.6719 -4.78906 943 8
-10.4922 -5.61719 827 8
2.75 -4.13672 718 16
-0.442627 6.32422 653 16
6.44922 1.96387 762 8
8.39844 -4.97266 726 8
1.45312 10.3047 820 8
-0.144287 -10.3438 829 8
2.23633 1.14258 658 16
-3.01758 11.4453 707 16
2.12109 -2.91602 732 16
1.80371 9.77344 683 16
2.00977 -1.8291 688 32
-0.79541 0.626465 642 32
-0.22168 -6.21875 830 32
0.0703125 -2.03516 663 32
-4.25391 8.46094 637 16
-12.875 7.77344 847 8
-3.26562 -11.3672 813 8
-2.18555 11.1484 758 8
-6.27734 -10.3047 824 8
-4.55469 5.24219 607 16
-5.72656 13.375 742 8
3.83203 -11.5312 779 8
-9.08594 14.8984 687 8
-3.78711 -7.37891 813 8
-1.06543 -1.33398 719 16
-4.79688 6.93359 732 16
-2.30469 -2.47461 718 16
-2.17969 0.554688 678 16
-3.29492 0.921387 568 16
-10.5391 13.5625 648 8
-15.1328 -14.2344 789 8
-9.25 7.88281 587 8
-6.9375 -2.54688 618 8
-0.933105 1.17383 515 16
-2.1582 1.97168 544 16
-3.27148 2.62891 624 8
2.46875 3.24805 675 8
4.39453 15.8438 565 8
12.6953 9.96094 678 8
-3.1582 3.73047 660 8
-1.37305 -6.96484 697 8
9.41406 -12.7969 717 8
-1.41016 -1.58008 646 8
-0.553223 12.0234 590 8
-21.3125 6.07812 755 8
-15.8359 -2.17383 648 8
-7.63672 1.11523 597 8
-13.2188 -5.84375 744 8
-1.21094 -3.20508 683 8
-2.54297 16.1562 595 8
2.0332 -6.30859 684 8
-2.99609 -6.52344 850 8
2.0957 -6.20312 764 8
-8.94531 5.95703 792 8
-5.17969 -1.44141 833 8
3.10156 -5.38672 710 16
-5.73047 -0.815918 747 16
-5.41406 -3.23828 705 16
-1.03418 -1.61621 656 32
-0.868164 -1.88574 649 32
-2.2207 0.0426331 619 32
-0.283936 -0.0259399 484 128
-1.51367 1.71289 497 64
-0.661133 -0.706543 624 16
-0.265381 -0.619629 589 16
3.83203 16.1406 538 8
-2.01758 -10.2891 666 8
-0.685547 16.7656 560 8
11.2344 -9.14062 685 8
0.808594 -3.89062 606 16
-0.496094 -1.18848 576 32
-2.25586 11.2734 617 8
-18.1406 -6.3125 767 8
-6.80078 1.39258 575 8
-1.81348 6.73828 562 8
0.18811 -4.88672 627 16
-2.88477 4.58984 585 16
-1.4873 -5.84766 646 16
-0.656738 -1.05762 556 32
-0.309814 0.545898 437 64
-1.17773 0.0913696 523 64
1.93164 -0.938965 556 32
0.655273 0.102234 538 32
-1.56934 -1.20312 616 16
-1.36426 -1.57617 583 16
8.78906 -10.1953 651 16
-0.527344 -1.7998 561 16
-1.09766 -1.04883 560 32
0.0293427 -1.4375 541 64
-16.5781 -8.89062 730 8
-10.0781 -7.63672 684 8
-1.84473 -1.85352 575 8
6.59766 2.21289 568 8
1.04785 -2.59375 559 16
-0.09021 5.30078 535 16
-0.314209 -7.21484 620 16
-0.394775 -0.629883 521 32
-0.911621 1.16797 494 32
0.338379 -0.733887 504 32
-0.0739746 -0.440918 499 64
-0.107727 -0.345947 466 128
-1.13574 2.87109 454 32
2.08594 1.90723 471 32
-1.43555 2.91992 427 32
14.5234 10.1953 454 8
10.7578 -2.18945 533 8
-12.3594 6.28516 576 8
-2.25 1.92773 553 8
-0.913574 -1.66113 609 16
-2.81641 5.6875 514 16
0.248779 1.32031 589 16
1.11035 -1.42285 500 32
-0.350098 -0.748535 484 32
3.28516 -0.19519 527 16
1.66309 -2.80469 507 16
12.4609 2.8418 546 8
4.58203 3.72656 568 8
-12.3594 0.415039 667 8
-2.20508 -0.548828 664 8
4.22266 -10.3672 602 16
0.870605 -0.787109 472 32
-1.2959 1.3877 426 64
-2.52734 -0.564941 572 64
0.0567017 -0.524902 455 128
-0.10614 0.00209045 421 128
-0.16272 0.3125 426 64
-0.224609 0.222168 451 64
-0.237061 0.169922 421 64
-1.06738 2.78906 424 32
3.71094 -7.84766 528 16
0.950684 -0.136475 453 16
-7.91797 3.9082 524 8
1.35547 -4.51562 493 8
7.23047 13.9297 444 8
10.9609 -12.7891 556 8
1.0752 0.326904 468 16
0.904297 3.30859 393 32
-1.57617 -4.63281 599 16
3.38281 -1.52832 494 16
7.73438 4.44922 511 16
6.86328 -4.48828 556 16
-0.10199 0.0715332 391 128
-0.0451965 0.766602 390 64
0.313477 3.32227 429 32
-4.17969 8.78125 568 8
-8.34375 5.80859 645 8
1.8623 14.1406 541 8
8.53906 10.3047 638 8
11.3125 -2.46484 635 16
-2.41016 8.28906 564 16
-10.5234 14.1953 747 8
-1.69434 -12.3516 805 8
-4.91406 17.8438 704 8
3.23633 -14.9766 785 8
0.765137 3.72266 429 32
-2.46289 10.5 540 8
-0.166626 16.4844 633 8
6.62109 0.467041 546 8
-10.125 6.54297 628 8
-11.4922 8.30469 779 8
-6.53516 -7.43359 836 8
1.97266 7.92969 631 8
10.5547 12.8125 681 8
5.24219 4.16016 525 16
-4.40625 11.4688 662 16
0.229004 0.984863 368 64
-0.0980225 3.37305 424 32
-5.65625 8.91406 571 16
23.3438 6.69922 675 4
22.4844 7.24609 690 4
-20.4375 22.9844 731 4
-22.5469 -0.899902 806 4
6.98438 14.7734 742 8
1.33594 8.60938 635 8
-2.12305 23.2656 730 8
7.14453 8.53125 505 16
5.5625 16.1719 679 8
22.7969 17.5938 742 4
8.49219 -0.299805 851 4
4.07422 10.1172 861 4
-7.25 -18.9375 882 4
6.10156 21.8906 717 8
10.5781 -10.5391 914 8
4.29297 6.11719 418 16
2.01758 6.43359 482 16
0.239136 2.83789 481 16
9.13281 4.53125 482 16
6.27344 16.9688 606 8
24.0156 16.6719 738 4
41.375 -0.774902 765 4
-18.8906 15.2969 801 4
-21.8906 23.1875 874 4
-5.65234 13 610 8
-8.78125 15.2109 731 8
19.8594 15.2812 784 8
0.606934 -16.6094 997 8
-20.0938 10.5859 881 8
-16.1719 -1.16016 961 8
-0.209351 8.95312 566 16
-15.1875 0.107117 787 8
-3.9668 13 745 8
10.1484 9.76562 681 8
12.4922 15.7344 742 8
-1.07129 0.101562 656 64
-0.244629 -0.171265 609 64
-0.839355 -0.000217557 599 64
-0.83252 -0.469238 604 64
-0.383789 0.0779419 586 64
0.286377 1.17383 567 64
0.0665283 0.784668 542 64
0.745605 0.939453 578 32
3.51172 6.53906 579 16
6.90234 -1.61523 649 16
0.807617 10.5391 608 16
5.53516 14.6797 767 8
21.5312 -13.5859 794 8
-16.2969 15.9297 836 8
-2.84961 -0.449951 951 4
6.42188 -23.0156 916 4
-13.8984 23.0469 887 4
9.57031 -18.6719 932 4
0.723633 1.67676 593 32
0.442871 3.20117 641 16
-2.26953 17.6094 736 8
-12.7188 6.34766 908 8
-7.40625 5.37891 721 8
-8.82031 3.80859 756 8
7.01953 2.54688 625 16
1.58203 0.69043 687 16
-0.282227 -0.061676 548 128
-0.235596 1.04297 533 64
-0.980469 1.74316 610 32
-4.5 9.25 675 16
11.875 -4.89844 757 8
13.0391 -6.53125 739 8
-17.5781 6.21094 818 8
-1.37402 0.0249786 853 4
23.5 -3.44922 809 4
-19.5625 14.3203 792 4
-18.1875 14.3438 850 4
0.67627 3.64453 643 16
3.32812 8.40625 676 16
0.945801 2.28125 585 32
1.41504 1.20605 660 16
4.45312 12.3359 677 16
0.122314 2.14258 677 16
-3.7793 8.32812 734 16
-0.679688 0.935547 517 64
-2.01172 1.55664 620 32
-2.24219 8.41406 668 16
-0.984863 -5.54688 782 16
-4.13672 16.9531 634 8
-0.462646 7.14453 768 8
-1.52051 3.19336 652 8
-17.9062 7.06641 733 8
-2.23242 -7.13672 789 16
-1.04785 0.946777 557 32
-2.01758 1.65625 596 32
0.692383 -0.172852 626 64
0.279785 -0.0720215 631 64
1.53027 2.39062 654 16
2.93359 -3.66016 717 16
6.64453 -5.38672 735 16
0.0514832 -1.00293 724 16
1.19238 -0.416016 669 32
6.76562 -6.20312 834 8
13.8828 -7.87891 771 8
-15.625 9.67188 806 8
-18.6719 1.40234 885 8
4.13672 -4.96484 759 16
0.635742 2.54492 714 16
-0.206299 5.78516 761 16
2.05273 -1.19727 737 32
1.38477 -0.537109 658 64
-0.149902 0.146973 642 128
12.5391 3.69922 701 16
12.8516 4.78516 756 16
8.82031 12.4219 781 16
16.5 8.89844 973 8
6.79297 -8.20312 1061 8
-10.0391 7.82031 1107 8
-3.27539 -14.1562 1175 8
11.2578 0.577148 826 8
18.7812 1.86719 831 8
12.2734 -9.01562 977 8
-9.67969 -13.625 1006 8
6.29297 -2.24609 798 16
5.16797 -6.54688 990 8
17.9844 3.49609 891 8
-0.813965 1.47461 1061 8
3.96484 6.74219 1048 8
12.4844 -5.37109 943 16
-6.79297 16.2031 916 8
-18.8281 0.989258 1065 8
-9.63281 -4.07812 944 8
-14.8594 -3.99805 932 8
-18.375 4.1875 1023 8
-20.9844 -3.96094 1067 8
-5.42188 2.51172 876 8
8.85938 6.14453 855 8
-10.8125 -14.8594 929 8
-0.327148 8.14062 793 8
2.59961 5.59375 763 8
16.6562 8.3125 784 8
-4.60938 7.58203 878 8
-2.36719 13.7344 933 8
10.8984 8.6875 845 8
-7.30859 -12.4453 996 8
-10.6016 5.53906 978 8
-2.24805 11.8438 999 8
8.83594 11.9297 908 8
-10.1953 -15 1066 8
-13.3125 -6.12891 1108 16
-12.4688 -9.70312 1060 16
-7.11719 -1.3125 870 16
2.74219 -3.98828 804 32
-1.09277 3.94336 714 16
-8.59375 4.16406 812 16
8.1875 0.474609 716 8
8.84375 -3.95898 724 8
15.6875 14.3281 763 8
10.5469 -16.375 850 8
1.39355 -2.60352 726 16
-4.87109 -10.8984 983 16
-3.05078 3.66602 777 16
-3.59375 -3.49805 817 16
-3.24805 1.53418 736 16
2.28711 25.2812 847 8
6.18359 -23.7812 973 8
-4.02344 26.2656 851 8
0.455078 -21.5938 1012 8
0.667969 -8.63281 806 16
-11.875 15.2422 858 8
-6.23828 -4.25391 954 8
-8.03125 10.5703 760 8
-0.0862427 6.44922 851 8
0.974609 -9.36719 807 16
-9.14062 6.75391 782 16
-11.2812 8.35938 855 8
4.54688 -1.55273 896 8
-15.5078 3.34375 799 8
-20.4219 2.83008 851 8
-3.31055 1.70996 669 16
-4.65625 0.212891 701 16
-4.09375 -1.51758 796 32
-0.330078 1.38574 608 32
-1.14062 -0.078125 650 32
-2.04492 -0.918457 729 32
-1.22559 13.1406 681 16
7.07812 -2.32227 876 8
8.14844 -12.7656 801 8
-3.56055 8.39062 888 8
11.1016 -16.9688 903 8
2.12305 8.5 725 16
-4.56641 5.6875 884 16
-1.1875 0.92627 637 32
-3.08398 5.55469 735 32
2.47852 0.246948 912 8
1.45215 -14.6406 894 8
-16.8125 12.4219 844 8
-1.28809 -8.57812 896 8
3.26953 -8.91406 755 16
-3.59375 8.64062 712 16
-10.7656 -13.2422 825 8
2.26172 -2.16602 673 8
9.25 -12.8047 787 8
10.0391 1.8418 700 8
1.1709 -1.83984 642 32
-3.76367 8.04688 685 16
11.4766 -2.30469 815 8
13.2812 -14.9688 808 8
-17.8281 10.9922 824 8
-22.2031 -12.1562 927 8
0.261963 -0.938477 681 16
-0.677734 -0.195801 684 16
0.919922 -2.77539 689 32
-0.0411682 -0.229736 618 64
4.82031 -2.65234 702 16
9.9375 6.94141 663 8
18.0469 14.9062 680 8
13.1328 20.4844 718 8
31.3906 9.34375 836 4
7.04688 7.59766 913 4
-11.0938 -14.3984 957 4
-23.9219 -6.125 922 4
20.0938 -13.3359 824 8
18.4062 4.69922 745 8
-16.1094 -6.03516 934 8
-7.27734 -10.9688 896 8
-9.07812 -1.70117 920 16
21.375 -12.7578 794 8
18.625 -2.42383 709 8
-20.2656 -15.8828 976 8
-17.8125 -8.36719 831 8
-4.03516 -4.79688 767 16
-4.49609 -9.97656 848 16
0.513672 -3.87109 680 16
-0.971191 -6.04688 837 16
-3.16016 -1.2207 736 16
-3.60547 1.00977 803 16
10.875 -0.885254 783 8
9.60938 -9.19531 764 8
-4.96484 -8.25 837 8
-11.6484 1.67676 796 8
0.963867 -3.5 700 32
-0.225708 -0.491699 621 64
-0.139893 0.193237 467 128
-0.0585327 0.754883 484 128
9.76562 -2.56445 607 16
0.641113 -4.94141 619 16
0.177246 -3.91602 688 16
4.16797 -2.875 612 16
1.61133 -2.06055 555 32
13.3203 0.682129 659 16
9.84375 -5.21484 674 16
-6.66797 16.4375 845 8
12.1797 -4.48828 915 8
1.80273 19.0469 799 8
-12.5781 -13.2188 983 8
13.5 -3.34961 866 8
-6.29297 -16.6562 923 8
-14.7578 -13.0625 901 8
-21.3125 -10.7422 848 8
10.1016 9.125 581 8
9.38281 -14.5938 669 8
14.3203 6.72266 653 4
2.44922 3.84961 715 4
11.8438 -6.79688 745 4
-12.7188 -20.9688 755 4
-7.87891 -14.3594 701 8
1.24316 -1.86426 556 16
-3.9375 -8.72656 721 16
0.855469 -0.885742 568 16
0.88623 -0.400635 503 64
-11.0469 -8.53906 950 16
-3.82227 -7.50391 750 16
4.76953 -7.58984 776 16
4.28906 -4.09766 693 16
1.14453 -1.85352 610 16
1.87402 -0.682617 585 16
4.03125 -8.92969 706 16
7 1.12598 570 16
10.3906 1.32422 795 8
14.3125 -8.84375 838 8
16.1562 11.4688 849 8
-0.902832 -14.5547 997 8
10.4453 -2.95703 753 8
12.7109 -3.75586 738 8
-0.0862427 -5.96484 872 8
-7.58594 -12.0469 827 8
-5.96484 16.5781 884 8
-7.73438 -13.2656 981 8
4.66797 -11.0781 947 8
-4.91797 -5.65234 863 8
-2.15625 -8.46875 842 16
-0.883789 -11.7422 769 8
12.8125 6.11328 630 8
-2.73438 -3.91602 719 8
-9.92188 0.943359 739 8
-0.391846 -2.92969 710 16
1.37695 -2.50391 692 16
3.68359 1.39258 643 8
10.75 -0.0698853 642 8
10.0469 16.5156 631 8
9.54688 -14.6172 770 8
1.88867 -1.13281 571 64
0.539062 -0.225464 489 64
-0.582031 0.853516 503 64
0.884766 -0.579102 536 64
0.448242 -0.278564 510 64
-0.261475 1.24316 561 64
-0.51416 0.138672 638 64
3.09375 -0.90918 565 16
0.0400696 1.62988 557 16
14.2578 13.6719 572 8
12.0391 -14.1797 706 8
-6.05078 -3.8418 701 8
-10.9609 -5.66016 711 8
2.67188 0.255615 576 16
3.01953 3.50391 548 16
1.29883 0.217896 629 16
3.06836 5.60938 568 16
1.86426 -5.53906 671 16
-1.4541 -0.148438 619 32
-1.05762 -0.846191 638 32
-1.64355 -0.312256 662 64
-0.495117 -0.638184 681 128
-0.224976 -0.127441 573 128
-0.0897217 0.173584 548 128
