-0.203735 0.556152 388 128
-0.155151 0.916016 446 128
-0.193359 0.342529 347 128
-0.318848 0.470947 401 128
0.119934 -0.321289 595 128
-0.112366 0.21875 550 128
-0.384277 0.284668 482 128
-0.302002 0.150757 486 128
0.444092 -0.404297 400 128
0.268311 0.0301208 370 128
-0.587402 0.340088 445 64
0.378418 0.321533 467 64
1.34668 6.98438 315 32
11.1406 4.39844 420 16
15.7656 1.97363 509 16
26.0312 -2.8418 637 8
20.6875 5.1875 662 8
-13.8125 17.2656 753 8
-14.8984 -13.4062 912 8
18.2031 -2.0293 683 8
-25.2656 3.71094 826 8
-17.1719 -7.82812 824 8
-12.3125 -9.51562 681 8
-2.48633 4.73047 370 32
-15.9062 -2.27148 718 16
-3.24609 -11.0078 646 16
-3.75 8.21875 450 16
-7.27734 -5.36719 580 16
10.2578 -9.11719 623 16
2.87305 0.248169 485 16
-16.1094 -4.92969 755 16
-4.50391 1 616 16
6.79297 2.4668 447 32
-2.3418 0.713867 485 32
-6.01953 3.31641 581 32
0.616211 -0.373535 456 64
0.515137 0.472656 432 64
7.19922 -3.61914 524 32
3.20703 -2.15625 501 32
-3.60352 -0.884766 581 32
-7.33594 9.75 581 16
5.87109 -4.98828 638 16
-11.7031 2.49805 619 16
-13.7812 7.625 657 16
1.72363 -1.13086 493 64
0.189575 0.18811 382 128
-0.00245667 0.0281677 420 128
2.01758 2.91406 433 32
3.29492 -3.42578 592 32
-1.73438 6.82812 482 32
20.4375 10.6406 733 8
12.6406 -22.4062 815 8
-22.8438 14.2188 863 8
9.97656 -15.0234 864 8
9.875 -11.3516 644 16
-15.4141 5.69141 764 16
-2.52344 1.62793 734 16
1.54688 -0.86377 491 64
-0.827148 2.01758 492 64
2.55469 -4.73828 675 32
1.71777 -1.44531 560 32
6.13672 12.4688 621 16
11.9375 -9.41406 755 16
-4.67969 11.5391 640 16
-8.46094 -10.4141 859 16
-1.58398 -2.10938 682 32
0.367676 -0.169434 472 128
-0.882324 0.621582 643 128
-2.67383 0.112366 738 32
0.39917 3.41992 717 32
4.42578 6.75 537 32
-1.55469 8.75 728 16
4.55469 -6.86719 857 16
18.9062 -0.139771 801 8
23.0312 5.60938 794 8
54.6562 8.36719 942 4
47.9062 2.57422 998 4
-47.4688 -17.6875 1163 4
-31.5938 -0.799805 1082 4
-13.5234 -4.76562 1099 8
11.3359 -7.17578 939 16
-2.50977 -3.00781 859 32
4.95703 3.26367 693 16
11.75 -3.78711 733 16
-5.90234 5.75 765 16
-11.7344 -5.98047 987 16
3.69922 -3.07812 807 32
0.0427856 -1.72363 740 32
0.522949 10.2422 583 16
-18.8281 14.5469 895 16
-3.84961 1.97949 620 16
-2.62695 3.05273 631 16
-10.5234 -3.57031 947 16
-15.9531 26.8125 1025 8
7.70703 -32.5938 1084 8
-26.2812 29.3438 902 8
-2.23047 -12.2188 1083 8
-5.0625 1.69043 709 16
-8.25 10.7031 804 16
-1.47461 1.10059 586 32
-4.54688 4.35156 642 32
-0.410156 -2.53125 846 64
-0.35791 0.231445 517 128
-0.858887 0.456543 546 64
-4.75391 2.67773 641 32
-9.9375 7.94922 828 16
6.83594 -8.57031 777 16
-9.79688 9.59375 642 16
-10.4219 0.163818 812 16
-0.395996 0.0208282 556 32
-0.24353 2.64453 586 32
-0.533691 0.406494 499 64
-1.1123 1.75195 515 64
-0.0765381 -0.334961 710 256
-0.0686035 0.312012 433 256
0.158691 -0.554199 620 128
-0.161011 0.0327148 559 128
-0.436035 -0.203003 586 128
-0.220459 -0.0159454 524 32
3.91992 2.28711 498 32
-0.100464 0.454834 509 32
-0.363525 14.4922 506 16
4.41797 -6.91797 792 16
-2.26953 8.96094 530 16
-3.18164 6.30859 774 16
1.50879 -0.84082 556 64
-1.34863 2.95703 500 64
6.00781 -7.99219 814 32
3.23828 -4.26172 654 32
0.574219 15.3672 747 16
6.51953 -5.83984 852 16
-21.8125 14.5312 780 16
-4.78125 -5.55469 918 16
-0.229248 -5.56641 790 32
-0.321045 0.523926 381 256
0.82373 3.54883 392 64
-3.70312 10.6484 673 16
4.57812 -10.2344 746 16
5.43359 9.35938 645 16
9.32031 -0.765625 837 16
10.0547 1.54102 565 32
-9.52344 14.3203 773 16
-4.91797 15.6094 1007 8
18.5625 -0.740723 1067 8
4.86719 26.2656 848 8
6.98047 25.4531 1054 8
7.85938 19.9219 735 8
9.15625 0.227661 903 8
-20.625 6.62109 888 8
-24.8125 -14.6953 962 8
-22.8594 18.8594 968 16
17.4219 -12.5391 1087 16
8.41406 -15.75 950 16
-23.5938 -3.60156 1218 16
-0.629395 -17.4062 1080 16
-1.26758 2.27344 474 64
-9.90625 -2.31836 726 16
-7.86719 5.01172 670 16
-1.14844 6.27734 589 16
6.94141 5.12891 658 16
-10.5625 7.27344 753 16
-9.80469 5.39453 926 16
0.31543 1.42871 713 16
-13.1406 1.8252 910 16
-6.64844 1.75879 707 32
2.49219 2.62305 620 32
12.2266 -7.08203 626 16
8.32812 0.128052 547 16
11.5078 -9.61719 884 16
-6.73828 -7.69531 870 16
1.72363 -1.19629 595 32
1.59473 -3.48828 743 32
2.64453 1.7793 617 32
1.25195 -0.962891 582 64
13.3203 -6.01953 815 16
2.24219 2.13281 768 16
-12.2578 3.60742 893 16
6.73828 -7.76172 886 16
1.90137 -1.96387 729 32
-6.84375 5.19922 824 32
9.86719 -6.84766 808 16
6.82812 6.49609 757 16
-10.8984 9.86719 850 16
-7.54297 -15.4766 1076 16
5.03906 -1.97266 660 32
0.586914 -1.49902 624 32
24.1875 5.00781 774 8
22.2344 10.8516 865 8
-26.9688 11.1406 972 8
-25.5 -13.7266 1076 8
14.5703 -15.5234 935 8
16.5 -19.8438 821 8
-31.8438 -13.6719 972 8
-17.3594 -7.73438 808 8
-6.74609 -0.693848 809 16
-0.059082 -2.72266 702 16
-0.857422 -3.35938 714 32
-0.774414 1.77637 442 128
-3.11133 2.24805 697 64
-0.793945 -1.83301 741 64
0.0248413 1.05273 526 64
1.99121 1.40234 579 32
4.30859 -1.62988 589 32
-2.02344 7.50781 584 32
-5.36719 -4.15234 817 32
-0.0853271 0.405029 268 256
-0.620605 1.66113 378 128
6.64453 -3.26562 592 32
-0.688965 5.89844 568 32
-13.7031 -0.361816 793 16
6.02344 -6.00781 701 16
-5.67188 2.91211 527 16
-12.1797 9.64062 615 16
1.43164 -3.41992 631 32
-1.58984 -1.18359 632 64
-2.12305 2.19922 476 64
-0.884766 -0.632812 529 64
-0.0444031 0.721191 360 128
-0.107239 0.463379 400 128
0.0869751 -0.399902 537 256
-0.0535889 0.185303 473 128
-0.452148 0.351562 505 64
-3.87891 10.0234 543 32
-1.51172 -3.45898 813 32
-1.7666 1.49219 519 32
-6.91797 1.9082 697 32
0.181152 0.0345459 480 64
-0.244263 0.232056 495 64
0.167969 0.035675 482 128
0.150635 -0.194824 515 128
-0.211792 0.397217 507 128
2.42969 1.28223 501 64
2.53906 -0.287109 545 64
-2.20312 2.28711 599 64
-2.84766 0.672852 747 64
-0.137939 0.531738 445 128
-0.24353 0.702148 519 128
0.125854 -0.0922241 543 256
0.22937 -0.280273 623 128
0.101501 -0.379883 583 128
0.0133286 0.993652 633 64
3.81055 -0.619141 584 64
-1.02344 1.3916 605 64
2.69727 5.44141 736 32
2.38672 -1.22949 1010 16
16.4844 -2.89062 740 16
-10.2109 5.12891 1079 16
-1.37109 -14.0312 1056 16
-6.14453 1.28906 760 32
-11.6719 6.78125 894 32
0.744629 -1.21191 603 64
-0.102783 -0.33667 563 64
16.8125 -4.96094 770 16
14.1953 -3.0332 632 16
-5.54688 -6.69922 881 16
-10.1094 -2.52734 792 16
0.827637 -5.1875 675 32
-1.24219 -18.4531 1039 16
-2.58789 -4.10156 755 16
-7.26562 -3.56445 872 16
2.44531 -3.09375 784 16
0.564941 -4.60938 673 32
-0.141724 -0.386719 555 64
-0.0593567 0.125732 545 256
-0.154175 -0.0707397 607 256
0.0514832 0.092041 527 256
-0.232178 0.173218 592 128
-0.933105 0.0797119 626 64
-27.3906 41.4688 764 8
-45.6562 18.5781 1142 8
-9.89844 5.43359 676 8
-23.5781 7.38672 764 8
-36.0938 1.14844 1166 16
-1.92676 1.5127 618 16
-5.16797 2.83789 662 16
-13.1797 20.2656 1115 8
0.730469 -26.7031 1188 8
-18.6719 29.5156 966 8
-7.32422 -23.0156 1164 8
-5.13281 -15.6172 947 16
-20.8594 10.7031 896 16
-4.90625 -13.4844 847 16
-0.891113 0.16626 595 32
-1.40723 0.592285 605 32
-0.134277 0.0701294 572 64
-0.0405884 0.165039 573 64
0.124084 -0.10437 565 128
0.0127945 0.127686 562 128
-0.0621643 0.184082 600 256
-0.0223236 0.100586 562 256
-0.00672913 0.2146 585 256
0.691895 -1.32324 672 64
-0.0908203 -1.27441 594 64
-2.17969 2 570 64
-0.306641 -0.908691 565 64
-0.0317383 -0.0786743 518 128
-0.021637 0.121277 502 128
0.0828857 0.144287 505 128
-0.0184631 0.158936 510 256
0.0965576 0.0142899 537 256
0.0555725 0.203735 543 256
0.115112 0.505371 557 128
0.184692 0.21167 597 128
0.0610352 1.24805 553 128
2.73438 -1.04004 680 64
0.847168 -0.16333 672 64
-2.56445 -0.086792 892 64
1.36426 -1.97168 814 64
0.104858 0.152588 621 256
-0.108459 0.747559 613 256
0.683594 -0.123108 751 64
1.96582 0.392822 719 64
1.94141 1.92578 732 64
-0.250244 0.0723877 904 64
0.403564 -0.0918579 766 128
-0.637695 1.39941 828 64
-0.0708008 0.0727539 923 64
1.13574 2.75391 772 64
6.5625 10.5547 884 16
17.9531 -6.61328 990 16
3.20312 14.2812 935 16
1.99121 -3.07422 1262 16
4.80469 -2.66211 989 32
-2.19922 8.82812 1035 32
-2.47266 -6.23047 1231 32
0.452637 -0.694336 887 128
0.0160675 0.325439 197 256
-0.154541 0.174805 330 128
-0.429932 1.04883 378 128
-0.270752 0.189819 281 128
-0.379395 0.902344 301 128
-0.0551758 0.197144 178 256
-0.0052681 0.263916 230 256
0.283936 -0.291748 477 128
-0.228882 0.419922 478 128
-2.8418 0.919922 516 64
-1.15527 -0.373047 498 64
-0.711426 0.448975 351 64
-0.825195 0.451172 383 64
-0.188232 0.161255 441 128
-0.503418 1.50781 537 128
1.82324 -0.300537 639 64
0.736328 -0.0510559 645 64
-6.14844 2.07617 873 32
3.36719 -2.32617 755 32
-1.50098 2.57031 663 32
-0.216675 1.33984 777 32
1.03613 -0.952637 729 64
-0.198608 0.984375 468 128
-0.473877 2.04688 608 64
-1.62012 -0.675781 806 64
-2.17578 0.908203 629 64
-1.93359 0.0558472 712 64
-0.0646362 0.405762 314 256
-0.0962524 0.775879 421 256
0.010582 0.213745 127 256
-0.097229 0.148193 195 256
-0.0418701 0.412842 29 256
-0.0726929 0.282959 109 256
-0.103088 0.401367 224 256
-0.272705 4.26172 328 32
-5.83203 1.21582 574 16
9.70312 3.41211 468 16
5.69141 10.0078 388 16
9.92969 12.3516 527 16
-2.61523 3.57031 339 32
-6.27734 16.1094 481 16
-16.4219 5.17969 801 16
-10.4453 9.53125 475 16
-11.2344 -6.80859 619 16
11.7812 1.83203 449 32
10.625 1.8291 498 16
12.4609 -1.73438 544 16
25.4531 8.74219 681 8
18.1094 -2.60156 747 8
-25.6406 -1.72559 828 8
-18.9531 7.64453 754 8
-7.75781 -7.01953 834 16
-11.1406 2.00391 722 32
-5.82422 2.63477 582 32
-0.237427 0.995117 318 64
-0.981445 1.58691 399 64
6.63672 -1.25 597 32
5.57812 -2.57227 569 32
-12.4062 17.3438 719 16
-6.91406 -7.21094 993 16
1.75879 10.7812 518 16
-2.61523 -0.858887 765 16
0.393555 -2.82812 698 32
1.09473 -1.31348 576 64
-4.09766 1.40332 638 64
-2.0957 -0.570801 655 64
-0.237671 0.878418 313 128
0.165649 1.32227 399 128
-0.128174 0.194824 217 256
-0.120117 0.850098 275 128
-0.330322 1.00195 396 64
1.07715 2.48047 414 64
-0.591309 0.898926 368 64
-1.95605 1.93555 456 64
-0.114685 0.582031 255 128
-0.143799 0.777832 331 128
0.245972 -0.0450745 647 128
0.411377 0.477539 628 128
-0.0982056 0.145142 700 128
0.266602 0.44165 711 64
0.239502 -0.083313 740 64
0.0751953 1.16211 697 64
6.85938 -0.756836 733 32
1.90918 0.253174 746 32
2.69727 12.625 762 16
-0.275146 13.9766 1005 8
24.7812 -23.0781 1035 8
-4.34766 -2.26367 1053 8
-28.6562 -0.391113 1121 8
-9.10156 1.66016 922 16
-7.45703 -6.30469 978 16
-2.75391 -2.29102 910 32
0.293457 -0.589844 703 128
0.236938 -0.170654 644 128
0.452393 0.855957 675 128
3.19336 -2.60156 775 64
0.657715 -0.501953 709 64
-0.927734 -1.58691 943 64
0.35498 -1.11328 779 64
-0.310303 0.512695 619 128
-1.02344 1.12598 727 128
-0.200195 0.470459 554 128
-0.320557 0.304688 622 128
-0.473389 2.22266 769 64
-0.264648 -0.532715 817 64
-1.64062 1.10938 726 64
-0.491699 -0.0605469 773 64
-0.393555 -0.838867 857 128
-0.71875 0.345947 658 64
-1.71973 4.57031 671 32
0.0206757 -4.83594 910 32
-0.977051 1.48926 655 32
-4.28125 3.92773 825 32
-0.778809 0.147339 620 64
-1.80078 1.74121 645 64
0.911133 -2.26953 794 64
0.257324 0.936523 664 64
-0.0260773 7.07812 708 16
11.6641 -0.273193 732 16
-4.15625 5.78516 706 16
-13.8516 8.40625 920 16
0.752441 -5.69531 823 32
-5.04297 4.39844 699 32
-1.58789 -2.52148 806 32
-0.776855 0.644531 688 64
-0.0396423 0.595703 621 256
-2.49609 3.03125 867 64
-3.38477 2.68164 1074 32
0.249878 -7.05859 1173 32
-4.15625 3.95703 936 32
-0.78418 -4.66406 1107 32
-0.769043 0.740234 781 64
-2.12109 2.36523 849 64
-0.256104 0.0153122 939 128
-0.210449 0.575195 745 128
-0.308105 0.545898 816 128
-0.0121918 -0.195435 708 256
-0.136108 0.283447 705 256
-0.12146 0.141235 526 256
-0.315918 0.645508 547 128
3.33008 -0.907715 611 32
1.14062 3.72461 621 32
-5.9375 -10.5078 952 16
2.75 -4.13672 718 16
-0.442627 6.32422 653 16
6.83203 -5.91797 789 16
1.17871 4.27734 653 32
0.458252 -2.33984 733 64
-2.91797 1.8457 689 64
-2.00391 -1.79883 748 64
-0.283936 -0.0259399 484 128
-0.479492 0.796387 517 128
-0.0186157 -0.710938 576 256
-0.10614 0.00209045 421 128
-0.0963135 0.296631 428 128
-0.10199 0.0715332 391 128
-0.0451965 0.766602 390 64
0.128296 5.49219 404 64
0.229004 0.984863 368 64
-0.0980225 3.37305 424 32
2.77344 11.3203 484 32
2.08789 4.25781 434 32
-5.57812 9.8125 692 32
-0.330078 -0.354492 654 128
-0.0267181 0.57959 559 128
-0.282227 -0.061676 548 128
-0.0453491 1.98535 497 128
0.244385 -0.0826416 630 128
-0.149902 0.146973 642 128
9.75781 6.19922 686 32
8.77344 -3.43945 860 32
-3.89062 3.12305 916 32
-8.0625 -3.4375 1091 32
2.74219 -3.98828 804 32
0.252686 -0.645508 763 32
-4.64453 -3.49609 910 32
2.28711 25.2812 847 8
6.18359 -23.7812 973 8
-4.02344 26.2656 851 8
0.455078 -21.5938 1012 8
0.667969 -8.63281 806 16
-8.44531 8.88281 854 16
0.974609 -9.36719 807 16
-2.96875 -0.00866699 767 64
-1.58691 4.09375 652 64
-0.132812 -1.37012 747 128
-0.139893 0.193237 467 128
-0.0585327 0.754883 484 128
1.71582 -3.49609 660 32
1.61133 -2.06055 555 32
13.3203 0.682129 659 16
9.84375 -5.21484 674 16
-3.04688 5.00391 882 16
-11.4609 -8.63281 972 16
-0.326172 -4.95703 683 32
0.88623 -0.400635 503 64
2.23828 -3.83203 771 64
1.88867 -1.13281 571 64
-0.00536728 0.222168 491 128
-0.171509 0.00728226 630 256
